<?xml version="1.0" encoding="UTF-8"?>
<testsuite name="be.kdg.expensetracker.service.CategoryServiceTest" tests="7" skipped="0" failures="0" errors="0" timestamp="2025-05-31T07:18:58" hostname="WIN-8VD49MJ8CQH" time="1.325">
  <properties/>
  <testcase name="testGetCategoryById_NonExistentCategory_ShouldThrowException()" classname="be.kdg.expensetracker.service.CategoryServiceTest" time="0.194"/>
  <testcase name="testAddCategory_WithValidData_ShouldSucceed()" classname="be.kdg.expensetracker.service.CategoryServiceTest" time="0.183"/>
  <testcase name="testGetCategoryById_ExistingCategory_ShouldReturnCategory()" classname="be.kdg.expensetracker.service.CategoryServiceTest" time="0.179"/>
  <testcase name="testAddCategory_WithDuplicateName_ShouldThrowException()" classname="be.kdg.expensetracker.service.CategoryServiceTest" time="0.186"/>
  <testcase name="testRemoveCategory_ExistingCategory_ShouldSucceed()" classname="be.kdg.expensetracker.service.CategoryServiceTest" time="0.182"/>
  <testcase name="testAddCategory_WithEmptyName_ShouldSucceedButMayNeedValidation()" classname="be.kdg.expensetracker.service.CategoryServiceTest" time="0.195"/>
  <testcase name="testGetAllCategories_ShouldReturnAllCategories()" classname="be.kdg.expensetracker.service.CategoryServiceTest" time="0.204"/>
  <system-out><![CDATA[2025-05-31T09:18:58.933+02:00  INFO 28516 --- [expensetracker-test] [    Test worker] t.c.s.AnnotationConfigContextLoaderUtils : Could not detect default configuration classes for test class [be.kdg.expensetracker.service.CategoryServiceTest]: CategoryServiceTest does not declare any static, non-private, non-final, nested classes annotated with @Configuration.
2025-05-31T09:18:58.943+02:00  INFO 28516 --- [expensetracker-test] [    Test worker] .b.t.c.SpringBootTestContextBootstrapper : Found @SpringBootConfiguration be.kdg.expensetracker.ExpenseTrackerApplication for test class be.kdg.expensetracker.service.CategoryServiceTest
]]></system-out>
  <system-err><![CDATA[]]></system-err>
</testsuite>
