<?xml version="1.0" encoding="UTF-8"?>
<testsuite name="be.kdg.expensetracker.repository.CategoryRepositoryTest" tests="5" skipped="0" failures="0" errors="0" timestamp="2025-05-29T12:36:01" hostname="WIN-8VD49MJ8CQH" time="0.964">
  <properties/>
  <testcase name="testDeleteCategory_WithNoExpenses_ShouldSucceed()" classname="be.kdg.expensetracker.repository.CategoryRepositoryTest" time="0.248"/>
  <testcase name="testFindByName_ShouldReturnCorrectCategory()" classname="be.kdg.expensetracker.repository.CategoryRepositoryTest" time="0.181"/>
  <testcase name="testFindByName_ShouldReturnEmptyForNonExistentCategory()" classname="be.kdg.expensetracker.repository.CategoryRepositoryTest" time="0.177"/>
  <testcase name="testCategoryNameUniqueness_ShouldThrowExceptionForDuplicateName()" classname="be.kdg.expensetracker.repository.CategoryRepositoryTest" time="0.178"/>
  <testcase name="testCategoryNameNotNull_ShouldThrowException()" classname="be.kdg.expensetracker.repository.CategoryRepositoryTest" time="0.176"/>
  <system-out><![CDATA[2025-05-29T14:36:01.070+02:00  INFO 35320 --- [expensetracker-test] [    Test worker] t.c.s.AnnotationConfigContextLoaderUtils : Could not detect default configuration classes for test class [be.kdg.expensetracker.repository.CategoryRepositoryTest]: CategoryRepositoryTest does not declare any static, non-private, non-final, nested classes annotated with @Configuration.
2025-05-29T14:36:01.076+02:00  INFO 35320 --- [expensetracker-test] [    Test worker] .b.t.c.SpringBootTestContextBootstrapper : Found @SpringBootConfiguration be.kdg.expensetracker.ExpenseTrackerApplication for test class be.kdg.expensetracker.repository.CategoryRepositoryTest
2025-05-29T14:36:01.867+02:00  WARN 35320 --- [expensetracker-test] [    Test worker] o.h.engine.jdbc.spi.SqlExceptionHelper   : SQL Error: 23505, SQLState: 23505
2025-05-29T14:36:01.867+02:00 ERROR 35320 --- [expensetracker-test] [    Test worker] o.h.engine.jdbc.spi.SqlExceptionHelper   : Unique index or primary key violation: "PUBLIC.CONSTRAINT_INDEX_6 ON PUBLIC.CATEGORIES(NAME NULLS FIRST) VALUES ( /* 11 */ 'Food' )"; SQL statement:
insert into categories (description,name,id) values (?,?,default) [23505-224]
2025-05-29T14:36:02.047+02:00  WARN 35320 --- [expensetracker-test] [    Test worker] o.h.engine.jdbc.spi.SqlExceptionHelper   : SQL Error: 23502, SQLState: 23502
2025-05-29T14:36:02.047+02:00 ERROR 35320 --- [expensetracker-test] [    Test worker] o.h.engine.jdbc.spi.SqlExceptionHelper   : NULL not allowed for column "NAME"; SQL statement:
insert into categories (description,name,id) values (?,?,default) [23502-224]
]]></system-out>
  <system-err><![CDATA[]]></system-err>
</testsuite>
