<?xml version="1.0" encoding="UTF-8"?>
<testsuite name="be.kdg.expensetracker.controller.ReportsControllerIntegrationTest" tests="4" skipped="0" failures="0" errors="0" timestamp="2025-05-30T08:18:57" hostname="WIN-8VD49MJ8CQH" time="0.711">
  <properties/>
  <testcase name="reportsPage_AsRegularUser_ShouldReturn403()" classname="be.kdg.expensetracker.controller.ReportsControllerIntegrationTest" time="0.172"/>
  <testcase name="reportsPage_WithoutAuthentication_ShouldRedirectToLogin()" classname="be.kdg.expensetracker.controller.ReportsControllerIntegrationTest" time="0.171"/>
  <testcase name="reportsPage_AsManager_ShouldShowReports()" classname="be.kdg.expensetracker.controller.ReportsControllerIntegrationTest" time="0.178"/>
  <testcase name="reportsPage_AsAdmin_ShouldShowReports()" classname="be.kdg.expensetracker.controller.ReportsControllerIntegrationTest" time="0.189"/>
  <system-out><![CDATA[2025-05-30T10:18:57.756+02:00  INFO 6732 --- [expensetracker-test] [    Test worker] t.c.s.AnnotationConfigContextLoaderUtils : Could not detect default configuration classes for test class [be.kdg.expensetracker.controller.ReportsControllerIntegrationTest]: ReportsControllerIntegrationTest does not declare any static, non-private, non-final, nested classes annotated with @Configuration.
2025-05-30T10:18:57.758+02:00  INFO 6732 --- [expensetracker-test] [    Test worker] .b.t.c.SpringBootTestContextBootstrapper : Found @SpringBootConfiguration be.kdg.expensetracker.ExpenseTrackerApplication for test class be.kdg.expensetracker.controller.ReportsControllerIntegrationTest
2025-05-30T10:18:58.271+02:00  WARN 6732 --- [expensetracker-test] [    Test worker] actStandardFragmentInsertionTagProcessor : [THYMELEAF][Test worker][reports/dashboard] Deprecated unwrapped fragment expression "fragments/layout :: header('reports')" found in template reports/dashboard, line 10, col 10. Please use the complete syntax of fragment expressions instead ("~{fragments/layout :: header('reports')}"). The old, unwrapped syntax for fragment expressions will be removed in future versions of Thymeleaf.
2025-05-30T10:18:58.278+02:00  WARN 6732 --- [expensetracker-test] [    Test worker] actStandardFragmentInsertionTagProcessor : [THYMELEAF][Test worker][reports/dashboard] Deprecated unwrapped fragment expression "fragments/layout :: footer" found in template reports/dashboard, line 65, col 10. Please use the complete syntax of fragment expressions instead ("~{fragments/layout :: footer}"). The old, unwrapped syntax for fragment expressions will be removed in future versions of Thymeleaf.
2025-05-30T10:18:58.463+02:00  WARN 6732 --- [expensetracker-test] [    Test worker] actStandardFragmentInsertionTagProcessor : [THYMELEAF][Test worker][reports/dashboard] Deprecated unwrapped fragment expression "fragments/layout :: header('reports')" found in template reports/dashboard, line 10, col 10. Please use the complete syntax of fragment expressions instead ("~{fragments/layout :: header('reports')}"). The old, unwrapped syntax for fragment expressions will be removed in future versions of Thymeleaf.
2025-05-30T10:18:58.467+02:00  WARN 6732 --- [expensetracker-test] [    Test worker] actStandardFragmentInsertionTagProcessor : [THYMELEAF][Test worker][reports/dashboard] Deprecated unwrapped fragment expression "fragments/layout :: footer" found in template reports/dashboard, line 65, col 10. Please use the complete syntax of fragment expressions instead ("~{fragments/layout :: footer}"). The old, unwrapped syntax for fragment expressions will be removed in future versions of Thymeleaf.
]]></system-out>
  <system-err><![CDATA[]]></system-err>
</testsuite>
