<?xml version="1.0" encoding="UTF-8"?>
<testsuite name="be.kdg.expensetracker.controller.ExpenseRestControllerIntegrationTest" tests="14" skipped="0" failures="0" errors="0" timestamp="2025-05-31T07:18:51" hostname="WIN-8VD49MJ8CQH" time="2.804">
  <properties/>
  <testcase name="getAllExpenses_ShouldReturnListOfExpenses()" classname="be.kdg.expensetracker.controller.ExpenseRestControllerIntegrationTest" time="0.233"/>
  <testcase name="deleteExpense_ByOwner_ShouldSucceed()" classname="be.kdg.expensetracker.controller.ExpenseRestControllerIntegrationTest" time="0.214"/>
  <testcase name="deleteExpense_WithoutAuthentication_ShouldReturn401()" classname="be.kdg.expensetracker.controller.ExpenseRestControllerIntegrationTest" time="0.194"/>
  <testcase name="getExpenseById_NonExistentExpense_ShouldReturn404()" classname="be.kdg.expensetracker.controller.ExpenseRestControllerIntegrationTest" time="0.19"/>
  <testcase name="createExpense_WithoutAuthentication_ShouldReturn401()" classname="be.kdg.expensetracker.controller.ExpenseRestControllerIntegrationTest" time="0.182"/>
  <testcase name="getExpensesByUser_NonExistentUser_ShouldReturnEmptyList()" classname="be.kdg.expensetracker.controller.ExpenseRestControllerIntegrationTest" time="0.193"/>
  <testcase name="deleteExpense_ByNonOwner_ShouldReturn403()" classname="be.kdg.expensetracker.controller.ExpenseRestControllerIntegrationTest" time="0.188"/>
  <testcase name="updateExpense_ByNonOwner_ShouldReturn403()" classname="be.kdg.expensetracker.controller.ExpenseRestControllerIntegrationTest" time="0.253"/>
  <testcase name="updateExpense_ByAdmin_ShouldSucceed()" classname="be.kdg.expensetracker.controller.ExpenseRestControllerIntegrationTest" time="0.183"/>
  <testcase name="updateExpense_ByOwner_ShouldSucceed()" classname="be.kdg.expensetracker.controller.ExpenseRestControllerIntegrationTest" time="0.188"/>
  <testcase name="getExpenseById_ExistingExpense_ShouldReturnExpense()" classname="be.kdg.expensetracker.controller.ExpenseRestControllerIntegrationTest" time="0.192"/>
  <testcase name="createExpense_ValidData_ShouldCreateExpense()" classname="be.kdg.expensetracker.controller.ExpenseRestControllerIntegrationTest" time="0.188"/>
  <testcase name="createExpense_InvalidData_ShouldReturn400()" classname="be.kdg.expensetracker.controller.ExpenseRestControllerIntegrationTest" time="0.194"/>
  <testcase name="getExpensesByUser_ExistingUser_ShouldReturnUserExpenses()" classname="be.kdg.expensetracker.controller.ExpenseRestControllerIntegrationTest" time="0.203"/>
  <system-out><![CDATA[2025-05-31T09:18:51.092+02:00  INFO 28516 --- [expensetracker-test] [    Test worker] t.c.s.AnnotationConfigContextLoaderUtils : Could not detect default configuration classes for test class [be.kdg.expensetracker.controller.ExpenseRestControllerIntegrationTest]: ExpenseRestControllerIntegrationTest does not declare any static, non-private, non-final, nested classes annotated with @Configuration.
2025-05-31T09:18:51.093+02:00  INFO 28516 --- [expensetracker-test] [    Test worker] .b.t.c.SpringBootTestContextBootstrapper : Found @SpringBootConfiguration be.kdg.expensetracker.ExpenseTrackerApplication for test class be.kdg.expensetracker.controller.ExpenseRestControllerIntegrationTest
]]></system-out>
  <system-err><![CDATA[]]></system-err>
</testsuite>
