<?xml version="1.0" encoding="UTF-8"?>
<testsuite name="be.kdg.expensetracker.controller.ExpenseRestControllerUnitTest" tests="9" skipped="0" failures="0" errors="0" timestamp="2025-05-31T07:18:54" hostname="WIN-8VD49MJ8CQH" time="0.235">
  <properties/>
  <testcase name="updateExpense_ValidData_ShouldReturn200()" classname="be.kdg.expensetracker.controller.ExpenseRestControllerUnitTest" time="0.143"/>
  <testcase name="updateExpense_AccessDenied_ShouldReturn403()" classname="be.kdg.expensetracker.controller.ExpenseRestControllerUnitTest" time="0.015"/>
  <testcase name="createExpense_Unauthenticated_ShouldReturn403()" classname="be.kdg.expensetracker.controller.ExpenseRestControllerUnitTest" time="0.007"/>
  <testcase name="deleteExpense_ValidId_ShouldReturn204()" classname="be.kdg.expensetracker.controller.ExpenseRestControllerUnitTest" time="0.014"/>
  <testcase name="deleteExpense_AccessDenied_ShouldReturn403()" classname="be.kdg.expensetracker.controller.ExpenseRestControllerUnitTest" time="0.008"/>
  <testcase name="createExpense_UnauthenticatedWithCSRF_ShouldReturn401()" classname="be.kdg.expensetracker.controller.ExpenseRestControllerUnitTest" time="0.006"/>
  <testcase name="createExpense_InvalidData_ShouldReturn400()" classname="be.kdg.expensetracker.controller.ExpenseRestControllerUnitTest" time="0.014"/>
  <testcase name="createExpense_UserNotFound_ShouldReturn400()" classname="be.kdg.expensetracker.controller.ExpenseRestControllerUnitTest" time="0.007"/>
  <testcase name="createExpense_ValidData_ShouldReturn201()" classname="be.kdg.expensetracker.controller.ExpenseRestControllerUnitTest" time="0.007"/>
  <system-out><![CDATA[2025-05-31T09:18:53.904+02:00  INFO 28516 --- [expensetracker-test] [    Test worker] t.c.s.AnnotationConfigContextLoaderUtils : Could not detect default configuration classes for test class [be.kdg.expensetracker.controller.ExpenseRestControllerUnitTest]: ExpenseRestControllerUnitTest does not declare any static, non-private, non-final, nested classes annotated with @Configuration.
2025-05-31T09:18:53.910+02:00  INFO 28516 --- [expensetracker-test] [    Test worker] .b.t.c.SpringBootTestContextBootstrapper : Found @SpringBootConfiguration be.kdg.expensetracker.ExpenseTrackerApplication for test class be.kdg.expensetracker.controller.ExpenseRestControllerUnitTest

  .   ____          _            __ _ _
 /\\ / ___'_ __ _ _(_)_ __  __ _ \ \ \ \
( ( )\___ | '_ | '_| | '_ \/ _` | \ \ \ \
 \\/  ___)| |_)| | | | | || (_| |  ) ) ) )
  '  |____| .__|_| |_|_| |_\__, | / / / /
 =========|_|==============|___/=/_/_/_/
 :: Spring Boot ::                (v3.2.3)

2025-05-31T09:18:53.931+02:00  INFO 28516 --- [expensetracker-test] [    Test worker] b.k.e.c.ExpenseRestControllerUnitTest    : Starting ExpenseRestControllerUnitTest using Java 21.0.4 with PID 28516 (started by user in C:\Users\user\Desktop\spring-backend)
2025-05-31T09:18:53.931+02:00  INFO 28516 --- [expensetracker-test] [    Test worker] b.k.e.c.ExpenseRestControllerUnitTest    : The following 1 profile is active: "test"
2025-05-31T09:18:54.648+02:00  INFO 28516 --- [expensetracker-test] [    Test worker] o.s.b.a.w.s.WelcomePageHandlerMapping    : Adding welcome page template: index
2025-05-31T09:18:54.828+02:00  WARN 28516 --- [expensetracker-test] [    Test worker] .s.s.UserDetailsServiceAutoConfiguration : 

Using generated security password: 0abd9936-dbf7-4166-be9c-5640e52076f6

This generated password is for development use only. Your security configuration must be updated before running your application in production.

2025-05-31T09:18:54.841+02:00  INFO 28516 --- [expensetracker-test] [    Test worker] o.s.b.t.m.w.SpringBootMockServletContext : Initializing Spring TestDispatcherServlet ''
2025-05-31T09:18:54.841+02:00  INFO 28516 --- [expensetracker-test] [    Test worker] o.s.t.web.servlet.TestDispatcherServlet  : Initializing Servlet ''
2025-05-31T09:18:54.841+02:00  INFO 28516 --- [expensetracker-test] [    Test worker] o.s.t.web.servlet.TestDispatcherServlet  : Completed initialization in 0 ms
2025-05-31T09:18:54.857+02:00  INFO 28516 --- [expensetracker-test] [    Test worker] b.k.e.c.ExpenseRestControllerUnitTest    : Started ExpenseRestControllerUnitTest in 0.945 seconds (process running for 14.749)
]]></system-out>
  <system-err><![CDATA[]]></system-err>
</testsuite>
