<?xml version="1.0" encoding="UTF-8"?>
<testsuite name="be.kdg.expensetracker.service.CategoryServiceTest" tests="7" skipped="0" failures="0" errors="0" timestamp="2025-05-30T08:19:00" hostname="WIN-8VD49MJ8CQH" time="1.162">
  <properties/>
  <testcase name="testGetCategoryById_NonExistentCategory_ShouldThrowException()" classname="be.kdg.expensetracker.service.CategoryServiceTest" time="0.17"/>
  <testcase name="testAddCategory_WithValidData_ShouldSucceed()" classname="be.kdg.expensetracker.service.CategoryServiceTest" time="0.167"/>
  <testcase name="testGetCategoryById_ExistingCategory_ShouldReturnCategory()" classname="be.kdg.expensetracker.service.CategoryServiceTest" time="0.164"/>
  <testcase name="testAddCategory_WithDuplicateName_ShouldThrowException()" classname="be.kdg.expensetracker.service.CategoryServiceTest" time="0.165"/>
  <testcase name="testRemoveCategory_ExistingCategory_ShouldSucceed()" classname="be.kdg.expensetracker.service.CategoryServiceTest" time="0.164"/>
  <testcase name="testAddCategory_WithEmptyName_ShouldSucceedButMayNeedValidation()" classname="be.kdg.expensetracker.service.CategoryServiceTest" time="0.163"/>
  <testcase name="testGetAllCategories_ShouldReturnAllCategories()" classname="be.kdg.expensetracker.service.CategoryServiceTest" time="0.164"/>
  <system-out><![CDATA[2025-05-30T10:19:00.386+02:00  INFO 6732 --- [expensetracker-test] [    Test worker] t.c.s.AnnotationConfigContextLoaderUtils : Could not detect default configuration classes for test class [be.kdg.expensetracker.service.CategoryServiceTest]: CategoryServiceTest does not declare any static, non-private, non-final, nested classes annotated with @Configuration.
2025-05-30T10:19:00.390+02:00  INFO 6732 --- [expensetracker-test] [    Test worker] .b.t.c.SpringBootTestContextBootstrapper : Found @SpringBootConfiguration be.kdg.expensetracker.ExpenseTrackerApplication for test class be.kdg.expensetracker.service.CategoryServiceTest
]]></system-out>
  <system-err><![CDATA[]]></system-err>
</testsuite>
