<?xml version="1.0" encoding="UTF-8"?>
<testsuite name="be.kdg.expensetracker.controller.ReportsControllerIntegrationTest" tests="4" skipped="0" failures="0" errors="0" timestamp="2025-05-31T22:21:05" hostname="WIN-8VD49MJ8CQH" time="0.851">
  <properties/>
  <testcase name="reportsPage_AsRegularUser_ShouldReturn403()" classname="be.kdg.expensetracker.controller.ReportsControllerIntegrationTest" time="0.204"/>
  <testcase name="reportsPage_WithoutAuthentication_ShouldRedirectToLogin()" classname="be.kdg.expensetracker.controller.ReportsControllerIntegrationTest" time="0.203"/>
  <testcase name="reportsPage_AsManager_ShouldShowReports()" classname="be.kdg.expensetracker.controller.ReportsControllerIntegrationTest" time="0.238"/>
  <testcase name="reportsPage_AsAdmin_ShouldShowReports()" classname="be.kdg.expensetracker.controller.ReportsControllerIntegrationTest" time="0.203"/>
  <system-out><![CDATA[2025-06-01T00:21:05.678+02:00 DEBUG 8036 --- [expensetracker-test] [    Test worker] .b.t.c.SpringBootTestContextBootstrapper : Neither @ContextConfiguration nor @ContextHierarchy found for test class [ReportsControllerIntegrationTest]: using SpringBootContextLoader
2025-06-01T00:21:05.678+02:00 DEBUG 8036 --- [expensetracker-test] [    Test worker] o.s.t.c.support.AbstractContextLoader    : Could not detect default resource locations for test class [be.kdg.expensetracker.controller.ReportsControllerIntegrationTest]: no resource found for suffixes {-context.xml, Context.groovy}.
2025-06-01T00:21:05.678+02:00  INFO 8036 --- [expensetracker-test] [    Test worker] t.c.s.AnnotationConfigContextLoaderUtils : Could not detect default configuration classes for test class [be.kdg.expensetracker.controller.ReportsControllerIntegrationTest]: ReportsControllerIntegrationTest does not declare any static, non-private, non-final, nested classes annotated with @Configuration.
2025-06-01T00:21:05.678+02:00 DEBUG 8036 --- [expensetracker-test] [    Test worker] .b.t.c.SpringBootTestContextBootstrapper : Using ContextCustomizerFactory implementations for test class [ReportsControllerIntegrationTest]: [OverrideAutoConfigurationContextCustomizerFactory, ObservabilityContextCustomizerFactory, TypeExcludeFiltersContextCustomizerFactory, PropertyMappingContextCustomizerFactory, WebDriverContextCustomizerFactory, ImportsContextCustomizerFactory, ExcludeFilterContextCustomizerFactory, HttpGraphQlTesterContextCustomizerFactory, DuplicateJsonObjectContextCustomizerFactory, MockitoContextCustomizerFactory, TestRestTemplateContextCustomizerFactory, WebTestClientContextCustomizerFactory, MockServerContainerContextCustomizerFactory, DynamicPropertiesContextCustomizerFactory]
2025-06-01T00:21:05.681+02:00 DEBUG 8036 --- [expensetracker-test] [    Test worker] .b.t.c.SpringBootTestContextBootstrapper : Using ContextCustomizers for test class [ReportsControllerIntegrationTest]: [DisableObservabilityContextCustomizer, PropertyMappingContextCustomizer, WebDriverContextCustomizer, ImportsContextCustomizer, ExcludeFilterContextCustomizer, DuplicateJsonObjectContextCustomizer, MockitoContextCustomizer, TestRestTemplateContextCustomizer]
2025-06-01T00:21:05.681+02:00  INFO 8036 --- [expensetracker-test] [    Test worker] .b.t.c.SpringBootTestContextBootstrapper : Found @SpringBootConfiguration be.kdg.expensetracker.ExpenseTrackerApplication for test class be.kdg.expensetracker.controller.ReportsControllerIntegrationTest
2025-06-01T00:21:05.682+02:00 DEBUG 8036 --- [expensetracker-test] [    Test worker] .s.t.c.u.TestContextSpringFactoriesUtils : Skipping candidate TestExecutionListener [org.springframework.test.context.observation.MicrometerObservationRegistryTestExecutionListener] due to a missing dependency. Specify custom TestExecutionListener classes or make the default TestExecutionListener classes and their required dependencies available. Offending class: io.micrometer.context.ThreadLocalAccessor. MicrometerObservationRegistryTestExecutionListener requires io.micrometer:micrometer-observation:1.10.8 or higher and io.micrometer:context-propagation:1.0.3 or higher.
2025-06-01T00:21:05.682+02:00 DEBUG 8036 --- [expensetracker-test] [    Test worker] .b.t.c.SpringBootTestContextBootstrapper : Using TestExecutionListeners for test class [ReportsControllerIntegrationTest]: [ServletTestExecutionListener, DirtiesContextBeforeModesTestExecutionListener, ApplicationEventsTestExecutionListener, MockitoTestExecutionListener, DependencyInjectionTestExecutionListener, DirtiesContextTestExecutionListener, TransactionalTestExecutionListener, SqlScriptsTestExecutionListener, WithSecurityContextTestExecutionListener, EventPublishingTestExecutionListener, ReactorContextTestExecutionListener, RestDocsTestExecutionListener, MockRestServiceServerResetTestExecutionListener, MockMvcPrintOnlyOnFailureTestExecutionListener, WebDriverTestExecutionListener, MockWebServiceServerTestExecutionListener, ResetMocksTestExecutionListener]
2025-06-01T00:21:05.682+02:00 DEBUG 8036 --- [expensetracker-test] [    Test worker] sContextBeforeModesTestExecutionListener : Before test class: class [ReportsControllerIntegrationTest], class annotated with @DirtiesContext [false] with mode [null]
2025-06-01T00:21:05.682+02:00 DEBUG 8036 --- [expensetracker-test] [    Test worker] org.springframework.test.context.cache   : Spring test ApplicationContext cache statistics: [DefaultContextCache@2e2b1310 size = 3, maxSize = 32, parentContextCount = 0, hitCount = 599, missCount = 3, failureCount = 0]
2025-06-01T00:21:05.682+02:00 DEBUG 8036 --- [expensetracker-test] [    Test worker] org.springframework.test.context.cache   : Spring test ApplicationContext cache statistics: [DefaultContextCache@2e2b1310 size = 3, maxSize = 32, parentContextCount = 0, hitCount = 600, missCount = 3, failureCount = 0]
2025-06-01T00:21:05.682+02:00 DEBUG 8036 --- [expensetracker-test] [    Test worker] o.s.t.c.w.ServletTestExecutionListener   : Setting up MockHttpServletRequest, MockHttpServletResponse, ServletWebRequest, and RequestContextHolder for test class be.kdg.expensetracker.controller.ReportsControllerIntegrationTest
2025-06-01T00:21:05.682+02:00 DEBUG 8036 --- [expensetracker-test] [    Test worker] DependencyInjectionTestExecutionListener : Performing dependency injection for test class be.kdg.expensetracker.controller.ReportsControllerIntegrationTest
2025-06-01T00:21:05.682+02:00 DEBUG 8036 --- [expensetracker-test] [    Test worker] org.springframework.test.context.cache   : Spring test ApplicationContext cache statistics: [DefaultContextCache@2e2b1310 size = 3, maxSize = 32, parentContextCount = 0, hitCount = 601, missCount = 3, failureCount = 0]
2025-06-01T00:21:05.684+02:00 DEBUG 8036 --- [expensetracker-test] [    Test worker] org.springframework.test.context.cache   : Spring test ApplicationContext cache statistics: [DefaultContextCache@2e2b1310 size = 3, maxSize = 32, parentContextCount = 0, hitCount = 602, missCount = 3, failureCount = 0]
2025-06-01T00:21:05.685+02:00 DEBUG 8036 --- [expensetracker-test] [    Test worker] sContextBeforeModesTestExecutionListener : Before test method: class [ReportsControllerIntegrationTest], method [reportsPage_AsRegularUser_ShouldReturn403], class annotated with @DirtiesContext [false] with mode [null], method annotated with @DirtiesContext [false] with mode [null]
2025-06-01T00:21:05.685+02:00 DEBUG 8036 --- [expensetracker-test] [    Test worker] t.c.t.TransactionalTestExecutionListener : Explicit transaction definition [PROPAGATION_REQUIRED,ISOLATION_DEFAULT] found for test class [be.kdg.expensetracker.controller.ReportsControllerIntegrationTest] and test method [reportsPage_AsRegularUser_ShouldReturn403]
2025-06-01T00:21:05.685+02:00 DEBUG 8036 --- [expensetracker-test] [    Test worker] org.springframework.test.context.cache   : Spring test ApplicationContext cache statistics: [DefaultContextCache@2e2b1310 size = 3, maxSize = 32, parentContextCount = 0, hitCount = 603, missCount = 3, failureCount = 0]
2025-06-01T00:21:05.685+02:00 DEBUG 8036 --- [expensetracker-test] [    Test worker] t.c.t.TransactionalTestExecutionListener : No method-level @Rollback override: using default rollback [true] for test method [void be.kdg.expensetracker.controller.ReportsControllerIntegrationTest.reportsPage_AsRegularUser_ShouldReturn403() throws java.lang.Exception]
2025-06-01T00:21:05.685+02:00 DEBUG 8036 --- [expensetracker-test] [    Test worker] o.s.t.c.transaction.TransactionContext   : Began transaction (1) for test class [be.kdg.expensetracker.controller.ReportsControllerIntegrationTest]; test method [reportsPage_AsRegularUser_ShouldReturn403]; transaction manager [org.springframework.orm.jpa.JpaTransactionManager@3918a9f9]; rollback [true]
2025-06-01T00:21:05.685+02:00 DEBUG 8036 --- [expensetracker-test] [    Test worker] org.springframework.test.context.cache   : Spring test ApplicationContext cache statistics: [DefaultContextCache@2e2b1310 size = 3, maxSize = 32, parentContextCount = 0, hitCount = 604, missCount = 3, failureCount = 0]
2025-06-01T00:21:05.686+02:00 DEBUG 8036 --- [expensetracker-test] [    Test worker] org.springframework.test.context.cache   : Spring test ApplicationContext cache statistics: [DefaultContextCache@2e2b1310 size = 3, maxSize = 32, parentContextCount = 0, hitCount = 605, missCount = 3, failureCount = 0]
2025-06-01T00:21:05.686+02:00 DEBUG 8036 --- [expensetracker-test] [    Test worker] org.springframework.test.context.cache   : Spring test ApplicationContext cache statistics: [DefaultContextCache@2e2b1310 size = 3, maxSize = 32, parentContextCount = 0, hitCount = 606, missCount = 3, failureCount = 0]
2025-06-01T00:21:05.686+02:00 DEBUG 8036 --- [expensetracker-test] [    Test worker] org.springframework.test.context.cache   : Spring test ApplicationContext cache statistics: [DefaultContextCache@2e2b1310 size = 3, maxSize = 32, parentContextCount = 0, hitCount = 607, missCount = 3, failureCount = 0]
2025-06-01T00:21:05.884+02:00 DEBUG 8036 --- [expensetracker-test] [    Test worker] org.springframework.test.context.cache   : Spring test ApplicationContext cache statistics: [DefaultContextCache@2e2b1310 size = 3, maxSize = 32, parentContextCount = 0, hitCount = 608, missCount = 3, failureCount = 0]
2025-06-01T00:21:05.885+02:00 DEBUG 8036 --- [expensetracker-test] [    Test worker] o.s.test.util.ReflectionTestUtils        : Invoking method 'getFilters' on target object [FilterChainProxy[Filter Chains: null]] or target class [null] with arguments {org.springframework.mock.web.MockHttpServletRequest@4411ecf7}
2025-06-01T00:21:05.885+02:00 DEBUG 8036 --- [expensetracker-test] [    Test worker] o.s.test.util.ReflectionTestUtils        : Invoking method 'getFilters' on target object [FilterChainProxy[Filter Chains: null]] or target class [null] with arguments {org.springframework.mock.web.MockHttpServletRequest@4411ecf7}
2025-06-01T00:21:05.885+02:00 DEBUG 8036 --- [expensetracker-test] [    Test worker] o.s.test.util.ReflectionTestUtils        : Getting field 'securityContextRepository' from target object [org.springframework.security.web.context.SecurityContextHolderFilter@4d6c42e] or target class [class org.springframework.security.web.context.SecurityContextHolderFilter]
2025-06-01T00:21:05.886+02:00 DEBUG 8036 --- [expensetracker-test] [    Test worker] org.springframework.test.context.cache   : Spring test ApplicationContext cache statistics: [DefaultContextCache@2e2b1310 size = 3, maxSize = 32, parentContextCount = 0, hitCount = 609, missCount = 3, failureCount = 0]
2025-06-01T00:21:05.887+02:00 DEBUG 8036 --- [expensetracker-test] [    Test worker] org.springframework.test.context.cache   : Spring test ApplicationContext cache statistics: [DefaultContextCache@2e2b1310 size = 3, maxSize = 32, parentContextCount = 0, hitCount = 610, missCount = 3, failureCount = 0]
2025-06-01T00:21:05.887+02:00 DEBUG 8036 --- [expensetracker-test] [    Test worker] org.springframework.test.context.cache   : Spring test ApplicationContext cache statistics: [DefaultContextCache@2e2b1310 size = 3, maxSize = 32, parentContextCount = 0, hitCount = 611, missCount = 3, failureCount = 0]
2025-06-01T00:21:05.887+02:00 DEBUG 8036 --- [expensetracker-test] [    Test worker] org.springframework.test.context.cache   : Spring test ApplicationContext cache statistics: [DefaultContextCache@2e2b1310 size = 3, maxSize = 32, parentContextCount = 0, hitCount = 612, missCount = 3, failureCount = 0]
2025-06-01T00:21:05.887+02:00 DEBUG 8036 --- [expensetracker-test] [    Test worker] org.springframework.test.context.cache   : Spring test ApplicationContext cache statistics: [DefaultContextCache@2e2b1310 size = 3, maxSize = 32, parentContextCount = 0, hitCount = 613, missCount = 3, failureCount = 0]
2025-06-01T00:21:05.887+02:00 DEBUG 8036 --- [expensetracker-test] [    Test worker] org.springframework.test.context.cache   : Spring test ApplicationContext cache statistics: [DefaultContextCache@2e2b1310 size = 3, maxSize = 32, parentContextCount = 0, hitCount = 614, missCount = 3, failureCount = 0]
2025-06-01T00:21:05.887+02:00 DEBUG 8036 --- [expensetracker-test] [    Test worker] org.springframework.test.context.cache   : Spring test ApplicationContext cache statistics: [DefaultContextCache@2e2b1310 size = 3, maxSize = 32, parentContextCount = 0, hitCount = 615, missCount = 3, failureCount = 0]
2025-06-01T00:21:05.889+02:00 DEBUG 8036 --- [expensetracker-test] [    Test worker] o.s.t.c.transaction.TransactionContext   : Rolled back transaction (1) for test class [be.kdg.expensetracker.controller.ReportsControllerIntegrationTest]; test method [reportsPage_AsRegularUser_ShouldReturn403]
2025-06-01T00:21:05.889+02:00 DEBUG 8036 --- [expensetracker-test] [    Test worker] .c.s.DirtiesContextTestExecutionListener : After test method: class [ReportsControllerIntegrationTest], method [reportsPage_AsRegularUser_ShouldReturn403], class annotated with @DirtiesContext [false] with mode [null], method annotated with @DirtiesContext [false] with mode [null]
2025-06-01T00:21:05.889+02:00 DEBUG 8036 --- [expensetracker-test] [    Test worker] o.s.t.c.w.ServletTestExecutionListener   : Resetting RequestContextHolder for test class be.kdg.expensetracker.controller.ReportsControllerIntegrationTest
2025-06-01T00:21:05.890+02:00 DEBUG 8036 --- [expensetracker-test] [    Test worker] org.springframework.test.context.cache   : Spring test ApplicationContext cache statistics: [DefaultContextCache@2e2b1310 size = 3, maxSize = 32, parentContextCount = 0, hitCount = 616, missCount = 3, failureCount = 0]
2025-06-01T00:21:05.890+02:00 DEBUG 8036 --- [expensetracker-test] [    Test worker] o.s.t.c.w.ServletTestExecutionListener   : Setting up MockHttpServletRequest, MockHttpServletResponse, ServletWebRequest, and RequestContextHolder for test class be.kdg.expensetracker.controller.ReportsControllerIntegrationTest
2025-06-01T00:21:05.890+02:00 DEBUG 8036 --- [expensetracker-test] [    Test worker] DependencyInjectionTestExecutionListener : Performing dependency injection for test class be.kdg.expensetracker.controller.ReportsControllerIntegrationTest
2025-06-01T00:21:05.890+02:00 DEBUG 8036 --- [expensetracker-test] [    Test worker] org.springframework.test.context.cache   : Spring test ApplicationContext cache statistics: [DefaultContextCache@2e2b1310 size = 3, maxSize = 32, parentContextCount = 0, hitCount = 617, missCount = 3, failureCount = 0]
2025-06-01T00:21:05.890+02:00 DEBUG 8036 --- [expensetracker-test] [    Test worker] org.springframework.test.context.cache   : Spring test ApplicationContext cache statistics: [DefaultContextCache@2e2b1310 size = 3, maxSize = 32, parentContextCount = 0, hitCount = 618, missCount = 3, failureCount = 0]
2025-06-01T00:21:05.891+02:00 DEBUG 8036 --- [expensetracker-test] [    Test worker] sContextBeforeModesTestExecutionListener : Before test method: class [ReportsControllerIntegrationTest], method [reportsPage_WithoutAuthentication_ShouldRedirectToLogin], class annotated with @DirtiesContext [false] with mode [null], method annotated with @DirtiesContext [false] with mode [null]
2025-06-01T00:21:05.891+02:00 DEBUG 8036 --- [expensetracker-test] [    Test worker] t.c.t.TransactionalTestExecutionListener : Explicit transaction definition [PROPAGATION_REQUIRED,ISOLATION_DEFAULT] found for test class [be.kdg.expensetracker.controller.ReportsControllerIntegrationTest] and test method [reportsPage_WithoutAuthentication_ShouldRedirectToLogin]
2025-06-01T00:21:05.891+02:00 DEBUG 8036 --- [expensetracker-test] [    Test worker] org.springframework.test.context.cache   : Spring test ApplicationContext cache statistics: [DefaultContextCache@2e2b1310 size = 3, maxSize = 32, parentContextCount = 0, hitCount = 619, missCount = 3, failureCount = 0]
2025-06-01T00:21:05.891+02:00 DEBUG 8036 --- [expensetracker-test] [    Test worker] t.c.t.TransactionalTestExecutionListener : No method-level @Rollback override: using default rollback [true] for test method [void be.kdg.expensetracker.controller.ReportsControllerIntegrationTest.reportsPage_WithoutAuthentication_ShouldRedirectToLogin() throws java.lang.Exception]
2025-06-01T00:21:05.892+02:00 DEBUG 8036 --- [expensetracker-test] [    Test worker] o.s.t.c.transaction.TransactionContext   : Began transaction (1) for test class [be.kdg.expensetracker.controller.ReportsControllerIntegrationTest]; test method [reportsPage_WithoutAuthentication_ShouldRedirectToLogin]; transaction manager [org.springframework.orm.jpa.JpaTransactionManager@3918a9f9]; rollback [true]
2025-06-01T00:21:05.892+02:00 DEBUG 8036 --- [expensetracker-test] [    Test worker] org.springframework.test.context.cache   : Spring test ApplicationContext cache statistics: [DefaultContextCache@2e2b1310 size = 3, maxSize = 32, parentContextCount = 0, hitCount = 620, missCount = 3, failureCount = 0]
2025-06-01T00:21:05.892+02:00 DEBUG 8036 --- [expensetracker-test] [    Test worker] org.springframework.test.context.cache   : Spring test ApplicationContext cache statistics: [DefaultContextCache@2e2b1310 size = 3, maxSize = 32, parentContextCount = 0, hitCount = 621, missCount = 3, failureCount = 0]
2025-06-01T00:21:06.088+02:00 DEBUG 8036 --- [expensetracker-test] [    Test worker] org.springframework.test.context.cache   : Spring test ApplicationContext cache statistics: [DefaultContextCache@2e2b1310 size = 3, maxSize = 32, parentContextCount = 0, hitCount = 622, missCount = 3, failureCount = 0]
2025-06-01T00:21:06.090+02:00 DEBUG 8036 --- [expensetracker-test] [    Test worker] org.springframework.test.context.cache   : Spring test ApplicationContext cache statistics: [DefaultContextCache@2e2b1310 size = 3, maxSize = 32, parentContextCount = 0, hitCount = 623, missCount = 3, failureCount = 0]
2025-06-01T00:21:06.090+02:00 DEBUG 8036 --- [expensetracker-test] [    Test worker] org.springframework.test.context.cache   : Spring test ApplicationContext cache statistics: [DefaultContextCache@2e2b1310 size = 3, maxSize = 32, parentContextCount = 0, hitCount = 624, missCount = 3, failureCount = 0]
2025-06-01T00:21:06.091+02:00 DEBUG 8036 --- [expensetracker-test] [    Test worker] org.springframework.test.context.cache   : Spring test ApplicationContext cache statistics: [DefaultContextCache@2e2b1310 size = 3, maxSize = 32, parentContextCount = 0, hitCount = 625, missCount = 3, failureCount = 0]
2025-06-01T00:21:06.091+02:00 DEBUG 8036 --- [expensetracker-test] [    Test worker] org.springframework.test.context.cache   : Spring test ApplicationContext cache statistics: [DefaultContextCache@2e2b1310 size = 3, maxSize = 32, parentContextCount = 0, hitCount = 626, missCount = 3, failureCount = 0]
2025-06-01T00:21:06.091+02:00 DEBUG 8036 --- [expensetracker-test] [    Test worker] org.springframework.test.context.cache   : Spring test ApplicationContext cache statistics: [DefaultContextCache@2e2b1310 size = 3, maxSize = 32, parentContextCount = 0, hitCount = 627, missCount = 3, failureCount = 0]
2025-06-01T00:21:06.091+02:00 DEBUG 8036 --- [expensetracker-test] [    Test worker] org.springframework.test.context.cache   : Spring test ApplicationContext cache statistics: [DefaultContextCache@2e2b1310 size = 3, maxSize = 32, parentContextCount = 0, hitCount = 628, missCount = 3, failureCount = 0]
2025-06-01T00:21:06.091+02:00 DEBUG 8036 --- [expensetracker-test] [    Test worker] org.springframework.test.context.cache   : Spring test ApplicationContext cache statistics: [DefaultContextCache@2e2b1310 size = 3, maxSize = 32, parentContextCount = 0, hitCount = 629, missCount = 3, failureCount = 0]
2025-06-01T00:21:06.092+02:00 DEBUG 8036 --- [expensetracker-test] [    Test worker] o.s.t.c.transaction.TransactionContext   : Rolled back transaction (1) for test class [be.kdg.expensetracker.controller.ReportsControllerIntegrationTest]; test method [reportsPage_WithoutAuthentication_ShouldRedirectToLogin]
2025-06-01T00:21:06.092+02:00 DEBUG 8036 --- [expensetracker-test] [    Test worker] .c.s.DirtiesContextTestExecutionListener : After test method: class [ReportsControllerIntegrationTest], method [reportsPage_WithoutAuthentication_ShouldRedirectToLogin], class annotated with @DirtiesContext [false] with mode [null], method annotated with @DirtiesContext [false] with mode [null]
2025-06-01T00:21:06.092+02:00 DEBUG 8036 --- [expensetracker-test] [    Test worker] o.s.t.c.w.ServletTestExecutionListener   : Resetting RequestContextHolder for test class be.kdg.expensetracker.controller.ReportsControllerIntegrationTest
2025-06-01T00:21:06.092+02:00 DEBUG 8036 --- [expensetracker-test] [    Test worker] org.springframework.test.context.cache   : Spring test ApplicationContext cache statistics: [DefaultContextCache@2e2b1310 size = 3, maxSize = 32, parentContextCount = 0, hitCount = 630, missCount = 3, failureCount = 0]
2025-06-01T00:21:06.092+02:00 DEBUG 8036 --- [expensetracker-test] [    Test worker] o.s.t.c.w.ServletTestExecutionListener   : Setting up MockHttpServletRequest, MockHttpServletResponse, ServletWebRequest, and RequestContextHolder for test class be.kdg.expensetracker.controller.ReportsControllerIntegrationTest
2025-06-01T00:21:06.093+02:00 DEBUG 8036 --- [expensetracker-test] [    Test worker] DependencyInjectionTestExecutionListener : Performing dependency injection for test class be.kdg.expensetracker.controller.ReportsControllerIntegrationTest
2025-06-01T00:21:06.093+02:00 DEBUG 8036 --- [expensetracker-test] [    Test worker] org.springframework.test.context.cache   : Spring test ApplicationContext cache statistics: [DefaultContextCache@2e2b1310 size = 3, maxSize = 32, parentContextCount = 0, hitCount = 631, missCount = 3, failureCount = 0]
2025-06-01T00:21:06.093+02:00 DEBUG 8036 --- [expensetracker-test] [    Test worker] org.springframework.test.context.cache   : Spring test ApplicationContext cache statistics: [DefaultContextCache@2e2b1310 size = 3, maxSize = 32, parentContextCount = 0, hitCount = 632, missCount = 3, failureCount = 0]
2025-06-01T00:21:06.093+02:00 DEBUG 8036 --- [expensetracker-test] [    Test worker] sContextBeforeModesTestExecutionListener : Before test method: class [ReportsControllerIntegrationTest], method [reportsPage_AsManager_ShouldShowReports], class annotated with @DirtiesContext [false] with mode [null], method annotated with @DirtiesContext [false] with mode [null]
2025-06-01T00:21:06.093+02:00 DEBUG 8036 --- [expensetracker-test] [    Test worker] t.c.t.TransactionalTestExecutionListener : Explicit transaction definition [PROPAGATION_REQUIRED,ISOLATION_DEFAULT] found for test class [be.kdg.expensetracker.controller.ReportsControllerIntegrationTest] and test method [reportsPage_AsManager_ShouldShowReports]
2025-06-01T00:21:06.093+02:00 DEBUG 8036 --- [expensetracker-test] [    Test worker] org.springframework.test.context.cache   : Spring test ApplicationContext cache statistics: [DefaultContextCache@2e2b1310 size = 3, maxSize = 32, parentContextCount = 0, hitCount = 633, missCount = 3, failureCount = 0]
2025-06-01T00:21:06.093+02:00 DEBUG 8036 --- [expensetracker-test] [    Test worker] t.c.t.TransactionalTestExecutionListener : No method-level @Rollback override: using default rollback [true] for test method [void be.kdg.expensetracker.controller.ReportsControllerIntegrationTest.reportsPage_AsManager_ShouldShowReports() throws java.lang.Exception]
2025-06-01T00:21:06.095+02:00 DEBUG 8036 --- [expensetracker-test] [    Test worker] o.s.t.c.transaction.TransactionContext   : Began transaction (1) for test class [be.kdg.expensetracker.controller.ReportsControllerIntegrationTest]; test method [reportsPage_AsManager_ShouldShowReports]; transaction manager [org.springframework.orm.jpa.JpaTransactionManager@3918a9f9]; rollback [true]
2025-06-01T00:21:06.095+02:00 DEBUG 8036 --- [expensetracker-test] [    Test worker] org.springframework.test.context.cache   : Spring test ApplicationContext cache statistics: [DefaultContextCache@2e2b1310 size = 3, maxSize = 32, parentContextCount = 0, hitCount = 634, missCount = 3, failureCount = 0]
2025-06-01T00:21:06.095+02:00 DEBUG 8036 --- [expensetracker-test] [    Test worker] org.springframework.test.context.cache   : Spring test ApplicationContext cache statistics: [DefaultContextCache@2e2b1310 size = 3, maxSize = 32, parentContextCount = 0, hitCount = 635, missCount = 3, failureCount = 0]
2025-06-01T00:21:06.095+02:00 DEBUG 8036 --- [expensetracker-test] [    Test worker] org.springframework.test.context.cache   : Spring test ApplicationContext cache statistics: [DefaultContextCache@2e2b1310 size = 3, maxSize = 32, parentContextCount = 0, hitCount = 636, missCount = 3, failureCount = 0]
2025-06-01T00:21:06.095+02:00 DEBUG 8036 --- [expensetracker-test] [    Test worker] org.springframework.test.context.cache   : Spring test ApplicationContext cache statistics: [DefaultContextCache@2e2b1310 size = 3, maxSize = 32, parentContextCount = 0, hitCount = 637, missCount = 3, failureCount = 0]
2025-06-01T00:21:06.290+02:00 DEBUG 8036 --- [expensetracker-test] [    Test worker] org.springframework.test.context.cache   : Spring test ApplicationContext cache statistics: [DefaultContextCache@2e2b1310 size = 3, maxSize = 32, parentContextCount = 0, hitCount = 638, missCount = 3, failureCount = 0]
2025-06-01T00:21:06.291+02:00 DEBUG 8036 --- [expensetracker-test] [    Test worker] o.s.test.util.ReflectionTestUtils        : Invoking method 'getFilters' on target object [FilterChainProxy[Filter Chains: null]] or target class [null] with arguments {org.springframework.mock.web.MockHttpServletRequest@30c1a903}
2025-06-01T00:21:06.291+02:00 DEBUG 8036 --- [expensetracker-test] [    Test worker] o.s.test.util.ReflectionTestUtils        : Invoking method 'getFilters' on target object [FilterChainProxy[Filter Chains: null]] or target class [null] with arguments {org.springframework.mock.web.MockHttpServletRequest@30c1a903}
2025-06-01T00:21:06.291+02:00 DEBUG 8036 --- [expensetracker-test] [    Test worker] o.s.test.util.ReflectionTestUtils        : Getting field 'securityContextRepository' from target object [org.springframework.security.web.context.SecurityContextHolderFilter@4d6c42e] or target class [class org.springframework.security.web.context.SecurityContextHolderFilter]
2025-06-01T00:21:06.292+02:00 DEBUG 8036 --- [expensetracker-test] [    Test worker] o.s.t.web.servlet.TestDispatcherServlet  : GET "/reports", parameters={}
2025-06-01T00:21:06.307+02:00  WARN 8036 --- [expensetracker-test] [    Test worker] actStandardFragmentInsertionTagProcessor : [THYMELEAF][Test worker][reports/dashboard] Deprecated unwrapped fragment expression "fragments/layout :: header('reports')" found in template reports/dashboard, line 10, col 10. Please use the complete syntax of fragment expressions instead ("~{fragments/layout :: header('reports')}"). The old, unwrapped syntax for fragment expressions will be removed in future versions of Thymeleaf.
2025-06-01T00:21:06.327+02:00  WARN 8036 --- [expensetracker-test] [    Test worker] actStandardFragmentInsertionTagProcessor : [THYMELEAF][Test worker][reports/dashboard] Deprecated unwrapped fragment expression "fragments/layout :: footer" found in template reports/dashboard, line 65, col 10. Please use the complete syntax of fragment expressions instead ("~{fragments/layout :: footer}"). The old, unwrapped syntax for fragment expressions will be removed in future versions of Thymeleaf.
2025-06-01T00:21:06.330+02:00 DEBUG 8036 --- [expensetracker-test] [    Test worker] o.s.t.web.servlet.TestDispatcherServlet  : Completed 200 OK
2025-06-01T00:21:06.330+02:00 DEBUG 8036 --- [expensetracker-test] [    Test worker] org.springframework.test.context.cache   : Spring test ApplicationContext cache statistics: [DefaultContextCache@2e2b1310 size = 3, maxSize = 32, parentContextCount = 0, hitCount = 639, missCount = 3, failureCount = 0]
2025-06-01T00:21:06.330+02:00 DEBUG 8036 --- [expensetracker-test] [    Test worker] org.springframework.test.context.cache   : Spring test ApplicationContext cache statistics: [DefaultContextCache@2e2b1310 size = 3, maxSize = 32, parentContextCount = 0, hitCount = 640, missCount = 3, failureCount = 0]
2025-06-01T00:21:06.330+02:00 DEBUG 8036 --- [expensetracker-test] [    Test worker] org.springframework.test.context.cache   : Spring test ApplicationContext cache statistics: [DefaultContextCache@2e2b1310 size = 3, maxSize = 32, parentContextCount = 0, hitCount = 641, missCount = 3, failureCount = 0]
2025-06-01T00:21:06.331+02:00 DEBUG 8036 --- [expensetracker-test] [    Test worker] org.springframework.test.context.cache   : Spring test ApplicationContext cache statistics: [DefaultContextCache@2e2b1310 size = 3, maxSize = 32, parentContextCount = 0, hitCount = 642, missCount = 3, failureCount = 0]
2025-06-01T00:21:06.331+02:00 DEBUG 8036 --- [expensetracker-test] [    Test worker] org.springframework.test.context.cache   : Spring test ApplicationContext cache statistics: [DefaultContextCache@2e2b1310 size = 3, maxSize = 32, parentContextCount = 0, hitCount = 643, missCount = 3, failureCount = 0]
2025-06-01T00:21:06.331+02:00 DEBUG 8036 --- [expensetracker-test] [    Test worker] org.springframework.test.context.cache   : Spring test ApplicationContext cache statistics: [DefaultContextCache@2e2b1310 size = 3, maxSize = 32, parentContextCount = 0, hitCount = 644, missCount = 3, failureCount = 0]
2025-06-01T00:21:06.331+02:00 DEBUG 8036 --- [expensetracker-test] [    Test worker] org.springframework.test.context.cache   : Spring test ApplicationContext cache statistics: [DefaultContextCache@2e2b1310 size = 3, maxSize = 32, parentContextCount = 0, hitCount = 645, missCount = 3, failureCount = 0]
2025-06-01T00:21:06.332+02:00 DEBUG 8036 --- [expensetracker-test] [    Test worker] o.s.t.c.transaction.TransactionContext   : Rolled back transaction (1) for test class [be.kdg.expensetracker.controller.ReportsControllerIntegrationTest]; test method [reportsPage_AsManager_ShouldShowReports]
2025-06-01T00:21:06.332+02:00 DEBUG 8036 --- [expensetracker-test] [    Test worker] .c.s.DirtiesContextTestExecutionListener : After test method: class [ReportsControllerIntegrationTest], method [reportsPage_AsManager_ShouldShowReports], class annotated with @DirtiesContext [false] with mode [null], method annotated with @DirtiesContext [false] with mode [null]
2025-06-01T00:21:06.332+02:00 DEBUG 8036 --- [expensetracker-test] [    Test worker] o.s.t.c.w.ServletTestExecutionListener   : Resetting RequestContextHolder for test class be.kdg.expensetracker.controller.ReportsControllerIntegrationTest
2025-06-01T00:21:06.332+02:00 DEBUG 8036 --- [expensetracker-test] [    Test worker] org.springframework.test.context.cache   : Spring test ApplicationContext cache statistics: [DefaultContextCache@2e2b1310 size = 3, maxSize = 32, parentContextCount = 0, hitCount = 646, missCount = 3, failureCount = 0]
2025-06-01T00:21:06.332+02:00 DEBUG 8036 --- [expensetracker-test] [    Test worker] o.s.t.c.w.ServletTestExecutionListener   : Setting up MockHttpServletRequest, MockHttpServletResponse, ServletWebRequest, and RequestContextHolder for test class be.kdg.expensetracker.controller.ReportsControllerIntegrationTest
2025-06-01T00:21:06.332+02:00 DEBUG 8036 --- [expensetracker-test] [    Test worker] DependencyInjectionTestExecutionListener : Performing dependency injection for test class be.kdg.expensetracker.controller.ReportsControllerIntegrationTest
2025-06-01T00:21:06.332+02:00 DEBUG 8036 --- [expensetracker-test] [    Test worker] org.springframework.test.context.cache   : Spring test ApplicationContext cache statistics: [DefaultContextCache@2e2b1310 size = 3, maxSize = 32, parentContextCount = 0, hitCount = 647, missCount = 3, failureCount = 0]
2025-06-01T00:21:06.333+02:00 DEBUG 8036 --- [expensetracker-test] [    Test worker] org.springframework.test.context.cache   : Spring test ApplicationContext cache statistics: [DefaultContextCache@2e2b1310 size = 3, maxSize = 32, parentContextCount = 0, hitCount = 648, missCount = 3, failureCount = 0]
2025-06-01T00:21:06.333+02:00 DEBUG 8036 --- [expensetracker-test] [    Test worker] sContextBeforeModesTestExecutionListener : Before test method: class [ReportsControllerIntegrationTest], method [reportsPage_AsAdmin_ShouldShowReports], class annotated with @DirtiesContext [false] with mode [null], method annotated with @DirtiesContext [false] with mode [null]
2025-06-01T00:21:06.333+02:00 DEBUG 8036 --- [expensetracker-test] [    Test worker] t.c.t.TransactionalTestExecutionListener : Explicit transaction definition [PROPAGATION_REQUIRED,ISOLATION_DEFAULT] found for test class [be.kdg.expensetracker.controller.ReportsControllerIntegrationTest] and test method [reportsPage_AsAdmin_ShouldShowReports]
2025-06-01T00:21:06.334+02:00 DEBUG 8036 --- [expensetracker-test] [    Test worker] org.springframework.test.context.cache   : Spring test ApplicationContext cache statistics: [DefaultContextCache@2e2b1310 size = 3, maxSize = 32, parentContextCount = 0, hitCount = 649, missCount = 3, failureCount = 0]
2025-06-01T00:21:06.334+02:00 DEBUG 8036 --- [expensetracker-test] [    Test worker] t.c.t.TransactionalTestExecutionListener : No method-level @Rollback override: using default rollback [true] for test method [void be.kdg.expensetracker.controller.ReportsControllerIntegrationTest.reportsPage_AsAdmin_ShouldShowReports() throws java.lang.Exception]
2025-06-01T00:21:06.334+02:00 DEBUG 8036 --- [expensetracker-test] [    Test worker] o.s.t.c.transaction.TransactionContext   : Began transaction (1) for test class [be.kdg.expensetracker.controller.ReportsControllerIntegrationTest]; test method [reportsPage_AsAdmin_ShouldShowReports]; transaction manager [org.springframework.orm.jpa.JpaTransactionManager@3918a9f9]; rollback [true]
2025-06-01T00:21:06.334+02:00 DEBUG 8036 --- [expensetracker-test] [    Test worker] org.springframework.test.context.cache   : Spring test ApplicationContext cache statistics: [DefaultContextCache@2e2b1310 size = 3, maxSize = 32, parentContextCount = 0, hitCount = 650, missCount = 3, failureCount = 0]
2025-06-01T00:21:06.335+02:00 DEBUG 8036 --- [expensetracker-test] [    Test worker] org.springframework.test.context.cache   : Spring test ApplicationContext cache statistics: [DefaultContextCache@2e2b1310 size = 3, maxSize = 32, parentContextCount = 0, hitCount = 651, missCount = 3, failureCount = 0]
2025-06-01T00:21:06.335+02:00 DEBUG 8036 --- [expensetracker-test] [    Test worker] org.springframework.test.context.cache   : Spring test ApplicationContext cache statistics: [DefaultContextCache@2e2b1310 size = 3, maxSize = 32, parentContextCount = 0, hitCount = 652, missCount = 3, failureCount = 0]
2025-06-01T00:21:06.335+02:00 DEBUG 8036 --- [expensetracker-test] [    Test worker] org.springframework.test.context.cache   : Spring test ApplicationContext cache statistics: [DefaultContextCache@2e2b1310 size = 3, maxSize = 32, parentContextCount = 0, hitCount = 653, missCount = 3, failureCount = 0]
2025-06-01T00:21:06.517+02:00 DEBUG 8036 --- [expensetracker-test] [    Test worker] org.springframework.test.context.cache   : Spring test ApplicationContext cache statistics: [DefaultContextCache@2e2b1310 size = 3, maxSize = 32, parentContextCount = 0, hitCount = 654, missCount = 3, failureCount = 0]
2025-06-01T00:21:06.518+02:00 DEBUG 8036 --- [expensetracker-test] [    Test worker] o.s.test.util.ReflectionTestUtils        : Invoking method 'getFilters' on target object [FilterChainProxy[Filter Chains: null]] or target class [null] with arguments {org.springframework.mock.web.MockHttpServletRequest@404d1a6f}
2025-06-01T00:21:06.518+02:00 DEBUG 8036 --- [expensetracker-test] [    Test worker] o.s.test.util.ReflectionTestUtils        : Invoking method 'getFilters' on target object [FilterChainProxy[Filter Chains: null]] or target class [null] with arguments {org.springframework.mock.web.MockHttpServletRequest@404d1a6f}
2025-06-01T00:21:06.518+02:00 DEBUG 8036 --- [expensetracker-test] [    Test worker] o.s.test.util.ReflectionTestUtils        : Getting field 'securityContextRepository' from target object [org.springframework.security.web.context.SecurityContextHolderFilter@4d6c42e] or target class [class org.springframework.security.web.context.SecurityContextHolderFilter]
2025-06-01T00:21:06.519+02:00 DEBUG 8036 --- [expensetracker-test] [    Test worker] o.s.t.web.servlet.TestDispatcherServlet  : GET "/reports", parameters={}
2025-06-01T00:21:06.526+02:00  WARN 8036 --- [expensetracker-test] [    Test worker] actStandardFragmentInsertionTagProcessor : [THYMELEAF][Test worker][reports/dashboard] Deprecated unwrapped fragment expression "fragments/layout :: header('reports')" found in template reports/dashboard, line 10, col 10. Please use the complete syntax of fragment expressions instead ("~{fragments/layout :: header('reports')}"). The old, unwrapped syntax for fragment expressions will be removed in future versions of Thymeleaf.
2025-06-01T00:21:06.531+02:00  WARN 8036 --- [expensetracker-test] [    Test worker] actStandardFragmentInsertionTagProcessor : [THYMELEAF][Test worker][reports/dashboard] Deprecated unwrapped fragment expression "fragments/layout :: footer" found in template reports/dashboard, line 65, col 10. Please use the complete syntax of fragment expressions instead ("~{fragments/layout :: footer}"). The old, unwrapped syntax for fragment expressions will be removed in future versions of Thymeleaf.
2025-06-01T00:21:06.533+02:00 DEBUG 8036 --- [expensetracker-test] [    Test worker] o.s.t.web.servlet.TestDispatcherServlet  : Completed 200 OK
2025-06-01T00:21:06.534+02:00 DEBUG 8036 --- [expensetracker-test] [    Test worker] org.springframework.test.context.cache   : Spring test ApplicationContext cache statistics: [DefaultContextCache@2e2b1310 size = 3, maxSize = 32, parentContextCount = 0, hitCount = 655, missCount = 3, failureCount = 0]
2025-06-01T00:21:06.534+02:00 DEBUG 8036 --- [expensetracker-test] [    Test worker] org.springframework.test.context.cache   : Spring test ApplicationContext cache statistics: [DefaultContextCache@2e2b1310 size = 3, maxSize = 32, parentContextCount = 0, hitCount = 656, missCount = 3, failureCount = 0]
2025-06-01T00:21:06.534+02:00 DEBUG 8036 --- [expensetracker-test] [    Test worker] org.springframework.test.context.cache   : Spring test ApplicationContext cache statistics: [DefaultContextCache@2e2b1310 size = 3, maxSize = 32, parentContextCount = 0, hitCount = 657, missCount = 3, failureCount = 0]
2025-06-01T00:21:06.534+02:00 DEBUG 8036 --- [expensetracker-test] [    Test worker] org.springframework.test.context.cache   : Spring test ApplicationContext cache statistics: [DefaultContextCache@2e2b1310 size = 3, maxSize = 32, parentContextCount = 0, hitCount = 658, missCount = 3, failureCount = 0]
2025-06-01T00:21:06.534+02:00 DEBUG 8036 --- [expensetracker-test] [    Test worker] org.springframework.test.context.cache   : Spring test ApplicationContext cache statistics: [DefaultContextCache@2e2b1310 size = 3, maxSize = 32, parentContextCount = 0, hitCount = 659, missCount = 3, failureCount = 0]
2025-06-01T00:21:06.534+02:00 DEBUG 8036 --- [expensetracker-test] [    Test worker] org.springframework.test.context.cache   : Spring test ApplicationContext cache statistics: [DefaultContextCache@2e2b1310 size = 3, maxSize = 32, parentContextCount = 0, hitCount = 660, missCount = 3, failureCount = 0]
2025-06-01T00:21:06.534+02:00 DEBUG 8036 --- [expensetracker-test] [    Test worker] org.springframework.test.context.cache   : Spring test ApplicationContext cache statistics: [DefaultContextCache@2e2b1310 size = 3, maxSize = 32, parentContextCount = 0, hitCount = 661, missCount = 3, failureCount = 0]
2025-06-01T00:21:06.536+02:00 DEBUG 8036 --- [expensetracker-test] [    Test worker] o.s.t.c.transaction.TransactionContext   : Rolled back transaction (1) for test class [be.kdg.expensetracker.controller.ReportsControllerIntegrationTest]; test method [reportsPage_AsAdmin_ShouldShowReports]
2025-06-01T00:21:06.536+02:00 DEBUG 8036 --- [expensetracker-test] [    Test worker] .c.s.DirtiesContextTestExecutionListener : After test method: class [ReportsControllerIntegrationTest], method [reportsPage_AsAdmin_ShouldShowReports], class annotated with @DirtiesContext [false] with mode [null], method annotated with @DirtiesContext [false] with mode [null]
2025-06-01T00:21:06.536+02:00 DEBUG 8036 --- [expensetracker-test] [    Test worker] o.s.t.c.w.ServletTestExecutionListener   : Resetting RequestContextHolder for test class be.kdg.expensetracker.controller.ReportsControllerIntegrationTest
2025-06-01T00:21:06.536+02:00 DEBUG 8036 --- [expensetracker-test] [    Test worker] org.springframework.test.context.cache   : Spring test ApplicationContext cache statistics: [DefaultContextCache@2e2b1310 size = 3, maxSize = 32, parentContextCount = 0, hitCount = 662, missCount = 3, failureCount = 0]
2025-06-01T00:21:06.537+02:00 DEBUG 8036 --- [expensetracker-test] [    Test worker] .c.s.DirtiesContextTestExecutionListener : After test class: class [ReportsControllerIntegrationTest], class annotated with @DirtiesContext [false] with mode [null]
]]></system-out>
  <system-err><![CDATA[]]></system-err>
</testsuite>
