<?xml version="1.0" encoding="UTF-8"?>
<testsuite name="be.kdg.expensetracker.controller.HomeControllerIntegrationTest" tests="3" skipped="0" failures="0" errors="0" timestamp="2025-05-31T07:18:55" hostname="WIN-8VD49MJ8CQH" time="0.755">
  <properties/>
  <testcase name="expensesPage_ShouldBeAccessibleToAll()" classname="be.kdg.expensetracker.controller.HomeControllerIntegrationTest" time="0.298"/>
  <testcase name="expensesPage_AuthenticatedUser_ShouldShowPersonalSection()" classname="be.kdg.expensetracker.controller.HomeControllerIntegrationTest" time="0.227"/>
  <testcase name="homePage_ShouldBeAccessibleToAll()" classname="be.kdg.expensetracker.controller.HomeControllerIntegrationTest" time="0.228"/>
  <system-out><![CDATA[2025-05-31T09:18:55.115+02:00  INFO 28516 --- [expensetracker-test] [    Test worker] t.c.s.AnnotationConfigContextLoaderUtils : Could not detect default configuration classes for test class [be.kdg.expensetracker.controller.HomeControllerIntegrationTest]: HomeControllerIntegrationTest does not declare any static, non-private, non-final, nested classes annotated with @Configuration.
2025-05-31T09:18:55.119+02:00  INFO 28516 --- [expensetracker-test] [    Test worker] .b.t.c.SpringBootTestContextBootstrapper : Found @SpringBootConfiguration be.kdg.expensetracker.ExpenseTrackerApplication for test class be.kdg.expensetracker.controller.HomeControllerIntegrationTest
]]></system-out>
  <system-err><![CDATA[]]></system-err>
</testsuite>
