<?xml version="1.0" encoding="UTF-8"?>
<testsuite name="be.kdg.expensetracker.repository.ExpenseRepositoryTest" tests="6" skipped="0" failures="0" errors="0" timestamp="2025-05-31T22:21:07" hostname="WIN-8VD49MJ8CQH" time="1.081">
  <properties/>
  <testcase name="testExpenseAmountScale_ShouldAcceptTwoDecimalPlaces()" classname="be.kdg.expensetracker.repository.ExpenseRepositoryTest" time="0.178"/>
  <testcase name="testFindExpenseWithCategories_ShouldEagerlyLoadCategories()" classname="be.kdg.expensetracker.repository.ExpenseRepositoryTest" time="0.18"/>
  <testcase name="testExpenseDescriptionNotNull_ShouldThrowException()" classname="be.kdg.expensetracker.repository.ExpenseRepositoryTest" time="0.18"/>
  <testcase name="testCalculateTotalAmountByUser_ShouldReturnCorrectSum()" classname="be.kdg.expensetracker.repository.ExpenseRepositoryTest" time="0.174"/>
  <testcase name="testDeleteExpense_ShouldCascadeDeleteExpenseCategories()" classname="be.kdg.expensetracker.repository.ExpenseRepositoryTest" time="0.184"/>
  <testcase name="testDeleteUser_ShouldNotDeleteExpenses_WhenUserHasExpenses()" classname="be.kdg.expensetracker.repository.ExpenseRepositoryTest" time="0.18"/>
  <system-out><![CDATA[2025-06-01T00:21:07.537+02:00 DEBUG 8036 --- [expensetracker-test] [    Test worker] .b.t.c.SpringBootTestContextBootstrapper : Neither @ContextConfiguration nor @ContextHierarchy found for test class [ExpenseRepositoryTest]: using SpringBootContextLoader
2025-06-01T00:21:07.538+02:00 DEBUG 8036 --- [expensetracker-test] [    Test worker] o.s.t.c.support.AbstractContextLoader    : Could not detect default resource locations for test class [be.kdg.expensetracker.repository.ExpenseRepositoryTest]: no resource found for suffixes {-context.xml, Context.groovy}.
2025-06-01T00:21:07.538+02:00  INFO 8036 --- [expensetracker-test] [    Test worker] t.c.s.AnnotationConfigContextLoaderUtils : Could not detect default configuration classes for test class [be.kdg.expensetracker.repository.ExpenseRepositoryTest]: ExpenseRepositoryTest does not declare any static, non-private, non-final, nested classes annotated with @Configuration.
2025-06-01T00:21:07.538+02:00 DEBUG 8036 --- [expensetracker-test] [    Test worker] .b.t.c.SpringBootTestContextBootstrapper : Using ContextCustomizerFactory implementations for test class [ExpenseRepositoryTest]: [OverrideAutoConfigurationContextCustomizerFactory, ObservabilityContextCustomizerFactory, TypeExcludeFiltersContextCustomizerFactory, PropertyMappingContextCustomizerFactory, WebDriverContextCustomizerFactory, ImportsContextCustomizerFactory, ExcludeFilterContextCustomizerFactory, HttpGraphQlTesterContextCustomizerFactory, DuplicateJsonObjectContextCustomizerFactory, MockitoContextCustomizerFactory, TestRestTemplateContextCustomizerFactory, WebTestClientContextCustomizerFactory, MockServerContainerContextCustomizerFactory, DynamicPropertiesContextCustomizerFactory]
2025-06-01T00:21:07.538+02:00 DEBUG 8036 --- [expensetracker-test] [    Test worker] .b.t.c.SpringBootTestContextBootstrapper : Using ContextCustomizers for test class [ExpenseRepositoryTest]: [DisableObservabilityContextCustomizer, PropertyMappingContextCustomizer, WebDriverContextCustomizer, ExcludeFilterContextCustomizer, DuplicateJsonObjectContextCustomizer, MockitoContextCustomizer, TestRestTemplateContextCustomizer]
2025-06-01T00:21:07.538+02:00  INFO 8036 --- [expensetracker-test] [    Test worker] .b.t.c.SpringBootTestContextBootstrapper : Found @SpringBootConfiguration be.kdg.expensetracker.ExpenseTrackerApplication for test class be.kdg.expensetracker.repository.ExpenseRepositoryTest
2025-06-01T00:21:07.540+02:00 DEBUG 8036 --- [expensetracker-test] [    Test worker] .s.t.c.u.TestContextSpringFactoriesUtils : Skipping candidate TestExecutionListener [org.springframework.test.context.observation.MicrometerObservationRegistryTestExecutionListener] due to a missing dependency. Specify custom TestExecutionListener classes or make the default TestExecutionListener classes and their required dependencies available. Offending class: io.micrometer.context.ThreadLocalAccessor. MicrometerObservationRegistryTestExecutionListener requires io.micrometer:micrometer-observation:1.10.8 or higher and io.micrometer:context-propagation:1.0.3 or higher.
2025-06-01T00:21:07.541+02:00 DEBUG 8036 --- [expensetracker-test] [    Test worker] .b.t.c.SpringBootTestContextBootstrapper : Using TestExecutionListeners for test class [ExpenseRepositoryTest]: [ServletTestExecutionListener, DirtiesContextBeforeModesTestExecutionListener, ApplicationEventsTestExecutionListener, MockitoTestExecutionListener, DependencyInjectionTestExecutionListener, DirtiesContextTestExecutionListener, TransactionalTestExecutionListener, SqlScriptsTestExecutionListener, WithSecurityContextTestExecutionListener, EventPublishingTestExecutionListener, ReactorContextTestExecutionListener, RestDocsTestExecutionListener, MockRestServiceServerResetTestExecutionListener, MockMvcPrintOnlyOnFailureTestExecutionListener, WebDriverTestExecutionListener, MockWebServiceServerTestExecutionListener, ResetMocksTestExecutionListener]
2025-06-01T00:21:07.541+02:00 DEBUG 8036 --- [expensetracker-test] [    Test worker] sContextBeforeModesTestExecutionListener : Before test class: class [ExpenseRepositoryTest], class annotated with @DirtiesContext [false] with mode [null]
2025-06-01T00:21:07.541+02:00 DEBUG 8036 --- [expensetracker-test] [    Test worker] org.springframework.test.context.cache   : Spring test ApplicationContext cache statistics: [DefaultContextCache@2e2b1310 size = 3, maxSize = 32, parentContextCount = 0, hitCount = 735, missCount = 3, failureCount = 0]
2025-06-01T00:21:07.541+02:00 DEBUG 8036 --- [expensetracker-test] [    Test worker] org.springframework.test.context.cache   : Spring test ApplicationContext cache statistics: [DefaultContextCache@2e2b1310 size = 3, maxSize = 32, parentContextCount = 0, hitCount = 736, missCount = 3, failureCount = 0]
2025-06-01T00:21:07.541+02:00 DEBUG 8036 --- [expensetracker-test] [    Test worker] o.s.t.c.w.ServletTestExecutionListener   : Setting up MockHttpServletRequest, MockHttpServletResponse, ServletWebRequest, and RequestContextHolder for test class be.kdg.expensetracker.repository.ExpenseRepositoryTest
2025-06-01T00:21:07.541+02:00 DEBUG 8036 --- [expensetracker-test] [    Test worker] DependencyInjectionTestExecutionListener : Performing dependency injection for test class be.kdg.expensetracker.repository.ExpenseRepositoryTest
2025-06-01T00:21:07.541+02:00 DEBUG 8036 --- [expensetracker-test] [    Test worker] org.springframework.test.context.cache   : Spring test ApplicationContext cache statistics: [DefaultContextCache@2e2b1310 size = 3, maxSize = 32, parentContextCount = 0, hitCount = 737, missCount = 3, failureCount = 0]
2025-06-01T00:21:07.542+02:00 DEBUG 8036 --- [expensetracker-test] [    Test worker] org.springframework.test.context.cache   : Spring test ApplicationContext cache statistics: [DefaultContextCache@2e2b1310 size = 3, maxSize = 32, parentContextCount = 0, hitCount = 738, missCount = 3, failureCount = 0]
2025-06-01T00:21:07.543+02:00 DEBUG 8036 --- [expensetracker-test] [    Test worker] sContextBeforeModesTestExecutionListener : Before test method: class [ExpenseRepositoryTest], method [testExpenseAmountScale_ShouldAcceptTwoDecimalPlaces], class annotated with @DirtiesContext [false] with mode [null], method annotated with @DirtiesContext [false] with mode [null]
2025-06-01T00:21:07.543+02:00 DEBUG 8036 --- [expensetracker-test] [    Test worker] t.c.t.TransactionalTestExecutionListener : Explicit transaction definition [PROPAGATION_REQUIRED,ISOLATION_DEFAULT] found for test class [be.kdg.expensetracker.repository.ExpenseRepositoryTest] and test method [testExpenseAmountScale_ShouldAcceptTwoDecimalPlaces]
2025-06-01T00:21:07.543+02:00 DEBUG 8036 --- [expensetracker-test] [    Test worker] org.springframework.test.context.cache   : Spring test ApplicationContext cache statistics: [DefaultContextCache@2e2b1310 size = 3, maxSize = 32, parentContextCount = 0, hitCount = 739, missCount = 3, failureCount = 0]
2025-06-01T00:21:07.543+02:00 DEBUG 8036 --- [expensetracker-test] [    Test worker] t.c.t.TransactionalTestExecutionListener : No method-level @Rollback override: using default rollback [true] for test method [void be.kdg.expensetracker.repository.ExpenseRepositoryTest.testExpenseAmountScale_ShouldAcceptTwoDecimalPlaces()]
2025-06-01T00:21:07.543+02:00 DEBUG 8036 --- [expensetracker-test] [    Test worker] o.s.t.c.transaction.TransactionContext   : Began transaction (1) for test class [be.kdg.expensetracker.repository.ExpenseRepositoryTest]; test method [testExpenseAmountScale_ShouldAcceptTwoDecimalPlaces]; transaction manager [org.springframework.orm.jpa.JpaTransactionManager@38dde7ec]; rollback [true]
2025-06-01T00:21:07.544+02:00 DEBUG 8036 --- [expensetracker-test] [    Test worker] org.springframework.test.context.cache   : Spring test ApplicationContext cache statistics: [DefaultContextCache@2e2b1310 size = 3, maxSize = 32, parentContextCount = 0, hitCount = 740, missCount = 3, failureCount = 0]
2025-06-01T00:21:07.544+02:00 DEBUG 8036 --- [expensetracker-test] [    Test worker] org.springframework.test.context.cache   : Spring test ApplicationContext cache statistics: [DefaultContextCache@2e2b1310 size = 3, maxSize = 32, parentContextCount = 0, hitCount = 741, missCount = 3, failureCount = 0]
2025-06-01T00:21:07.713+02:00 DEBUG 8036 --- [expensetracker-test] [    Test worker] org.springframework.test.context.cache   : Spring test ApplicationContext cache statistics: [DefaultContextCache@2e2b1310 size = 3, maxSize = 32, parentContextCount = 0, hitCount = 742, missCount = 3, failureCount = 0]
2025-06-01T00:21:07.720+02:00 DEBUG 8036 --- [expensetracker-test] [    Test worker] org.springframework.test.context.cache   : Spring test ApplicationContext cache statistics: [DefaultContextCache@2e2b1310 size = 3, maxSize = 32, parentContextCount = 0, hitCount = 743, missCount = 3, failureCount = 0]
2025-06-01T00:21:07.720+02:00 DEBUG 8036 --- [expensetracker-test] [    Test worker] org.springframework.test.context.cache   : Spring test ApplicationContext cache statistics: [DefaultContextCache@2e2b1310 size = 3, maxSize = 32, parentContextCount = 0, hitCount = 744, missCount = 3, failureCount = 0]
2025-06-01T00:21:07.720+02:00 DEBUG 8036 --- [expensetracker-test] [    Test worker] org.springframework.test.context.cache   : Spring test ApplicationContext cache statistics: [DefaultContextCache@2e2b1310 size = 3, maxSize = 32, parentContextCount = 0, hitCount = 745, missCount = 3, failureCount = 0]
2025-06-01T00:21:07.720+02:00 DEBUG 8036 --- [expensetracker-test] [    Test worker] org.springframework.test.context.cache   : Spring test ApplicationContext cache statistics: [DefaultContextCache@2e2b1310 size = 3, maxSize = 32, parentContextCount = 0, hitCount = 746, missCount = 3, failureCount = 0]
2025-06-01T00:21:07.721+02:00 DEBUG 8036 --- [expensetracker-test] [    Test worker] org.springframework.test.context.cache   : Spring test ApplicationContext cache statistics: [DefaultContextCache@2e2b1310 size = 3, maxSize = 32, parentContextCount = 0, hitCount = 747, missCount = 3, failureCount = 0]
2025-06-01T00:21:07.721+02:00 DEBUG 8036 --- [expensetracker-test] [    Test worker] org.springframework.test.context.cache   : Spring test ApplicationContext cache statistics: [DefaultContextCache@2e2b1310 size = 3, maxSize = 32, parentContextCount = 0, hitCount = 748, missCount = 3, failureCount = 0]
2025-06-01T00:21:07.721+02:00 DEBUG 8036 --- [expensetracker-test] [    Test worker] org.springframework.test.context.cache   : Spring test ApplicationContext cache statistics: [DefaultContextCache@2e2b1310 size = 3, maxSize = 32, parentContextCount = 0, hitCount = 749, missCount = 3, failureCount = 0]
2025-06-01T00:21:07.721+02:00 DEBUG 8036 --- [expensetracker-test] [    Test worker] o.s.t.c.transaction.TransactionContext   : Rolled back transaction (1) for test class [be.kdg.expensetracker.repository.ExpenseRepositoryTest]; test method [testExpenseAmountScale_ShouldAcceptTwoDecimalPlaces]
2025-06-01T00:21:07.721+02:00 DEBUG 8036 --- [expensetracker-test] [    Test worker] .c.s.DirtiesContextTestExecutionListener : After test method: class [ExpenseRepositoryTest], method [testExpenseAmountScale_ShouldAcceptTwoDecimalPlaces], class annotated with @DirtiesContext [false] with mode [null], method annotated with @DirtiesContext [false] with mode [null]
2025-06-01T00:21:07.721+02:00 DEBUG 8036 --- [expensetracker-test] [    Test worker] o.s.t.c.w.ServletTestExecutionListener   : Resetting RequestContextHolder for test class be.kdg.expensetracker.repository.ExpenseRepositoryTest
2025-06-01T00:21:07.722+02:00 DEBUG 8036 --- [expensetracker-test] [    Test worker] org.springframework.test.context.cache   : Spring test ApplicationContext cache statistics: [DefaultContextCache@2e2b1310 size = 3, maxSize = 32, parentContextCount = 0, hitCount = 750, missCount = 3, failureCount = 0]
2025-06-01T00:21:07.722+02:00 DEBUG 8036 --- [expensetracker-test] [    Test worker] o.s.t.c.w.ServletTestExecutionListener   : Setting up MockHttpServletRequest, MockHttpServletResponse, ServletWebRequest, and RequestContextHolder for test class be.kdg.expensetracker.repository.ExpenseRepositoryTest
2025-06-01T00:21:07.722+02:00 DEBUG 8036 --- [expensetracker-test] [    Test worker] DependencyInjectionTestExecutionListener : Performing dependency injection for test class be.kdg.expensetracker.repository.ExpenseRepositoryTest
2025-06-01T00:21:07.722+02:00 DEBUG 8036 --- [expensetracker-test] [    Test worker] org.springframework.test.context.cache   : Spring test ApplicationContext cache statistics: [DefaultContextCache@2e2b1310 size = 3, maxSize = 32, parentContextCount = 0, hitCount = 751, missCount = 3, failureCount = 0]
2025-06-01T00:21:07.722+02:00 DEBUG 8036 --- [expensetracker-test] [    Test worker] org.springframework.test.context.cache   : Spring test ApplicationContext cache statistics: [DefaultContextCache@2e2b1310 size = 3, maxSize = 32, parentContextCount = 0, hitCount = 752, missCount = 3, failureCount = 0]
2025-06-01T00:21:07.722+02:00 DEBUG 8036 --- [expensetracker-test] [    Test worker] sContextBeforeModesTestExecutionListener : Before test method: class [ExpenseRepositoryTest], method [testFindExpenseWithCategories_ShouldEagerlyLoadCategories], class annotated with @DirtiesContext [false] with mode [null], method annotated with @DirtiesContext [false] with mode [null]
2025-06-01T00:21:07.722+02:00 DEBUG 8036 --- [expensetracker-test] [    Test worker] t.c.t.TransactionalTestExecutionListener : Explicit transaction definition [PROPAGATION_REQUIRED,ISOLATION_DEFAULT] found for test class [be.kdg.expensetracker.repository.ExpenseRepositoryTest] and test method [testFindExpenseWithCategories_ShouldEagerlyLoadCategories]
2025-06-01T00:21:07.722+02:00 DEBUG 8036 --- [expensetracker-test] [    Test worker] org.springframework.test.context.cache   : Spring test ApplicationContext cache statistics: [DefaultContextCache@2e2b1310 size = 3, maxSize = 32, parentContextCount = 0, hitCount = 753, missCount = 3, failureCount = 0]
2025-06-01T00:21:07.722+02:00 DEBUG 8036 --- [expensetracker-test] [    Test worker] t.c.t.TransactionalTestExecutionListener : No method-level @Rollback override: using default rollback [true] for test method [void be.kdg.expensetracker.repository.ExpenseRepositoryTest.testFindExpenseWithCategories_ShouldEagerlyLoadCategories()]
2025-06-01T00:21:07.722+02:00 DEBUG 8036 --- [expensetracker-test] [    Test worker] o.s.t.c.transaction.TransactionContext   : Began transaction (1) for test class [be.kdg.expensetracker.repository.ExpenseRepositoryTest]; test method [testFindExpenseWithCategories_ShouldEagerlyLoadCategories]; transaction manager [org.springframework.orm.jpa.JpaTransactionManager@38dde7ec]; rollback [true]
2025-06-01T00:21:07.723+02:00 DEBUG 8036 --- [expensetracker-test] [    Test worker] org.springframework.test.context.cache   : Spring test ApplicationContext cache statistics: [DefaultContextCache@2e2b1310 size = 3, maxSize = 32, parentContextCount = 0, hitCount = 754, missCount = 3, failureCount = 0]
2025-06-01T00:21:07.723+02:00 DEBUG 8036 --- [expensetracker-test] [    Test worker] org.springframework.test.context.cache   : Spring test ApplicationContext cache statistics: [DefaultContextCache@2e2b1310 size = 3, maxSize = 32, parentContextCount = 0, hitCount = 755, missCount = 3, failureCount = 0]
2025-06-01T00:21:07.893+02:00 DEBUG 8036 --- [expensetracker-test] [    Test worker] org.springframework.test.context.cache   : Spring test ApplicationContext cache statistics: [DefaultContextCache@2e2b1310 size = 3, maxSize = 32, parentContextCount = 0, hitCount = 756, missCount = 3, failureCount = 0]
2025-06-01T00:21:07.900+02:00 DEBUG 8036 --- [expensetracker-test] [    Test worker] org.springframework.test.context.cache   : Spring test ApplicationContext cache statistics: [DefaultContextCache@2e2b1310 size = 3, maxSize = 32, parentContextCount = 0, hitCount = 757, missCount = 3, failureCount = 0]
2025-06-01T00:21:07.900+02:00 DEBUG 8036 --- [expensetracker-test] [    Test worker] org.springframework.test.context.cache   : Spring test ApplicationContext cache statistics: [DefaultContextCache@2e2b1310 size = 3, maxSize = 32, parentContextCount = 0, hitCount = 758, missCount = 3, failureCount = 0]
2025-06-01T00:21:07.901+02:00 DEBUG 8036 --- [expensetracker-test] [    Test worker] org.springframework.test.context.cache   : Spring test ApplicationContext cache statistics: [DefaultContextCache@2e2b1310 size = 3, maxSize = 32, parentContextCount = 0, hitCount = 759, missCount = 3, failureCount = 0]
2025-06-01T00:21:07.901+02:00 DEBUG 8036 --- [expensetracker-test] [    Test worker] org.springframework.test.context.cache   : Spring test ApplicationContext cache statistics: [DefaultContextCache@2e2b1310 size = 3, maxSize = 32, parentContextCount = 0, hitCount = 760, missCount = 3, failureCount = 0]
2025-06-01T00:21:07.901+02:00 DEBUG 8036 --- [expensetracker-test] [    Test worker] org.springframework.test.context.cache   : Spring test ApplicationContext cache statistics: [DefaultContextCache@2e2b1310 size = 3, maxSize = 32, parentContextCount = 0, hitCount = 761, missCount = 3, failureCount = 0]
2025-06-01T00:21:07.901+02:00 DEBUG 8036 --- [expensetracker-test] [    Test worker] org.springframework.test.context.cache   : Spring test ApplicationContext cache statistics: [DefaultContextCache@2e2b1310 size = 3, maxSize = 32, parentContextCount = 0, hitCount = 762, missCount = 3, failureCount = 0]
2025-06-01T00:21:07.901+02:00 DEBUG 8036 --- [expensetracker-test] [    Test worker] org.springframework.test.context.cache   : Spring test ApplicationContext cache statistics: [DefaultContextCache@2e2b1310 size = 3, maxSize = 32, parentContextCount = 0, hitCount = 763, missCount = 3, failureCount = 0]
2025-06-01T00:21:07.902+02:00 DEBUG 8036 --- [expensetracker-test] [    Test worker] o.s.t.c.transaction.TransactionContext   : Rolled back transaction (1) for test class [be.kdg.expensetracker.repository.ExpenseRepositoryTest]; test method [testFindExpenseWithCategories_ShouldEagerlyLoadCategories]
2025-06-01T00:21:07.902+02:00 DEBUG 8036 --- [expensetracker-test] [    Test worker] .c.s.DirtiesContextTestExecutionListener : After test method: class [ExpenseRepositoryTest], method [testFindExpenseWithCategories_ShouldEagerlyLoadCategories], class annotated with @DirtiesContext [false] with mode [null], method annotated with @DirtiesContext [false] with mode [null]
2025-06-01T00:21:07.902+02:00 DEBUG 8036 --- [expensetracker-test] [    Test worker] o.s.t.c.w.ServletTestExecutionListener   : Resetting RequestContextHolder for test class be.kdg.expensetracker.repository.ExpenseRepositoryTest
2025-06-01T00:21:07.902+02:00 DEBUG 8036 --- [expensetracker-test] [    Test worker] org.springframework.test.context.cache   : Spring test ApplicationContext cache statistics: [DefaultContextCache@2e2b1310 size = 3, maxSize = 32, parentContextCount = 0, hitCount = 764, missCount = 3, failureCount = 0]
2025-06-01T00:21:07.902+02:00 DEBUG 8036 --- [expensetracker-test] [    Test worker] o.s.t.c.w.ServletTestExecutionListener   : Setting up MockHttpServletRequest, MockHttpServletResponse, ServletWebRequest, and RequestContextHolder for test class be.kdg.expensetracker.repository.ExpenseRepositoryTest
2025-06-01T00:21:07.902+02:00 DEBUG 8036 --- [expensetracker-test] [    Test worker] DependencyInjectionTestExecutionListener : Performing dependency injection for test class be.kdg.expensetracker.repository.ExpenseRepositoryTest
2025-06-01T00:21:07.902+02:00 DEBUG 8036 --- [expensetracker-test] [    Test worker] org.springframework.test.context.cache   : Spring test ApplicationContext cache statistics: [DefaultContextCache@2e2b1310 size = 3, maxSize = 32, parentContextCount = 0, hitCount = 765, missCount = 3, failureCount = 0]
2025-06-01T00:21:07.902+02:00 DEBUG 8036 --- [expensetracker-test] [    Test worker] org.springframework.test.context.cache   : Spring test ApplicationContext cache statistics: [DefaultContextCache@2e2b1310 size = 3, maxSize = 32, parentContextCount = 0, hitCount = 766, missCount = 3, failureCount = 0]
2025-06-01T00:21:07.903+02:00 DEBUG 8036 --- [expensetracker-test] [    Test worker] sContextBeforeModesTestExecutionListener : Before test method: class [ExpenseRepositoryTest], method [testExpenseDescriptionNotNull_ShouldThrowException], class annotated with @DirtiesContext [false] with mode [null], method annotated with @DirtiesContext [false] with mode [null]
2025-06-01T00:21:07.903+02:00 DEBUG 8036 --- [expensetracker-test] [    Test worker] t.c.t.TransactionalTestExecutionListener : Explicit transaction definition [PROPAGATION_REQUIRED,ISOLATION_DEFAULT] found for test class [be.kdg.expensetracker.repository.ExpenseRepositoryTest] and test method [testExpenseDescriptionNotNull_ShouldThrowException]
2025-06-01T00:21:07.903+02:00 DEBUG 8036 --- [expensetracker-test] [    Test worker] org.springframework.test.context.cache   : Spring test ApplicationContext cache statistics: [DefaultContextCache@2e2b1310 size = 3, maxSize = 32, parentContextCount = 0, hitCount = 767, missCount = 3, failureCount = 0]
2025-06-01T00:21:07.903+02:00 DEBUG 8036 --- [expensetracker-test] [    Test worker] t.c.t.TransactionalTestExecutionListener : No method-level @Rollback override: using default rollback [true] for test method [void be.kdg.expensetracker.repository.ExpenseRepositoryTest.testExpenseDescriptionNotNull_ShouldThrowException()]
2025-06-01T00:21:07.903+02:00 DEBUG 8036 --- [expensetracker-test] [    Test worker] o.s.t.c.transaction.TransactionContext   : Began transaction (1) for test class [be.kdg.expensetracker.repository.ExpenseRepositoryTest]; test method [testExpenseDescriptionNotNull_ShouldThrowException]; transaction manager [org.springframework.orm.jpa.JpaTransactionManager@38dde7ec]; rollback [true]
2025-06-01T00:21:07.903+02:00 DEBUG 8036 --- [expensetracker-test] [    Test worker] org.springframework.test.context.cache   : Spring test ApplicationContext cache statistics: [DefaultContextCache@2e2b1310 size = 3, maxSize = 32, parentContextCount = 0, hitCount = 768, missCount = 3, failureCount = 0]
2025-06-01T00:21:07.903+02:00 DEBUG 8036 --- [expensetracker-test] [    Test worker] org.springframework.test.context.cache   : Spring test ApplicationContext cache statistics: [DefaultContextCache@2e2b1310 size = 3, maxSize = 32, parentContextCount = 0, hitCount = 769, missCount = 3, failureCount = 0]
2025-06-01T00:21:08.080+02:00 DEBUG 8036 --- [expensetracker-test] [    Test worker] org.springframework.test.context.cache   : Spring test ApplicationContext cache statistics: [DefaultContextCache@2e2b1310 size = 3, maxSize = 32, parentContextCount = 0, hitCount = 770, missCount = 3, failureCount = 0]
2025-06-01T00:21:08.082+02:00  WARN 8036 --- [expensetracker-test] [    Test worker] o.h.engine.jdbc.spi.SqlExceptionHelper   : SQL Error: 23502, SQLState: 23502
2025-06-01T00:21:08.082+02:00 ERROR 8036 --- [expensetracker-test] [    Test worker] o.h.engine.jdbc.spi.SqlExceptionHelper   : NULL not allowed for column "DESCRIPTION"; SQL statement:
insert into expenses (amount,date,description,user_id,id) values (?,?,?,?,default) [23502-224]
2025-06-01T00:21:08.082+02:00 DEBUG 8036 --- [expensetracker-test] [    Test worker] org.springframework.test.context.cache   : Spring test ApplicationContext cache statistics: [DefaultContextCache@2e2b1310 size = 3, maxSize = 32, parentContextCount = 0, hitCount = 771, missCount = 3, failureCount = 0]
2025-06-01T00:21:08.082+02:00 DEBUG 8036 --- [expensetracker-test] [    Test worker] org.springframework.test.context.cache   : Spring test ApplicationContext cache statistics: [DefaultContextCache@2e2b1310 size = 3, maxSize = 32, parentContextCount = 0, hitCount = 772, missCount = 3, failureCount = 0]
2025-06-01T00:21:08.083+02:00 DEBUG 8036 --- [expensetracker-test] [    Test worker] org.springframework.test.context.cache   : Spring test ApplicationContext cache statistics: [DefaultContextCache@2e2b1310 size = 3, maxSize = 32, parentContextCount = 0, hitCount = 773, missCount = 3, failureCount = 0]
2025-06-01T00:21:08.083+02:00 DEBUG 8036 --- [expensetracker-test] [    Test worker] org.springframework.test.context.cache   : Spring test ApplicationContext cache statistics: [DefaultContextCache@2e2b1310 size = 3, maxSize = 32, parentContextCount = 0, hitCount = 774, missCount = 3, failureCount = 0]
2025-06-01T00:21:08.083+02:00 DEBUG 8036 --- [expensetracker-test] [    Test worker] org.springframework.test.context.cache   : Spring test ApplicationContext cache statistics: [DefaultContextCache@2e2b1310 size = 3, maxSize = 32, parentContextCount = 0, hitCount = 775, missCount = 3, failureCount = 0]
2025-06-01T00:21:08.083+02:00 DEBUG 8036 --- [expensetracker-test] [    Test worker] org.springframework.test.context.cache   : Spring test ApplicationContext cache statistics: [DefaultContextCache@2e2b1310 size = 3, maxSize = 32, parentContextCount = 0, hitCount = 776, missCount = 3, failureCount = 0]
2025-06-01T00:21:08.083+02:00 DEBUG 8036 --- [expensetracker-test] [    Test worker] org.springframework.test.context.cache   : Spring test ApplicationContext cache statistics: [DefaultContextCache@2e2b1310 size = 3, maxSize = 32, parentContextCount = 0, hitCount = 777, missCount = 3, failureCount = 0]
2025-06-01T00:21:08.083+02:00 DEBUG 8036 --- [expensetracker-test] [    Test worker] o.s.t.c.transaction.TransactionContext   : Rolled back transaction (1) for test class [be.kdg.expensetracker.repository.ExpenseRepositoryTest]; test method [testExpenseDescriptionNotNull_ShouldThrowException]
2025-06-01T00:21:08.083+02:00 DEBUG 8036 --- [expensetracker-test] [    Test worker] .c.s.DirtiesContextTestExecutionListener : After test method: class [ExpenseRepositoryTest], method [testExpenseDescriptionNotNull_ShouldThrowException], class annotated with @DirtiesContext [false] with mode [null], method annotated with @DirtiesContext [false] with mode [null]
2025-06-01T00:21:08.083+02:00 DEBUG 8036 --- [expensetracker-test] [    Test worker] o.s.t.c.w.ServletTestExecutionListener   : Resetting RequestContextHolder for test class be.kdg.expensetracker.repository.ExpenseRepositoryTest
2025-06-01T00:21:08.084+02:00 DEBUG 8036 --- [expensetracker-test] [    Test worker] org.springframework.test.context.cache   : Spring test ApplicationContext cache statistics: [DefaultContextCache@2e2b1310 size = 3, maxSize = 32, parentContextCount = 0, hitCount = 778, missCount = 3, failureCount = 0]
2025-06-01T00:21:08.084+02:00 DEBUG 8036 --- [expensetracker-test] [    Test worker] o.s.t.c.w.ServletTestExecutionListener   : Setting up MockHttpServletRequest, MockHttpServletResponse, ServletWebRequest, and RequestContextHolder for test class be.kdg.expensetracker.repository.ExpenseRepositoryTest
2025-06-01T00:21:08.084+02:00 DEBUG 8036 --- [expensetracker-test] [    Test worker] DependencyInjectionTestExecutionListener : Performing dependency injection for test class be.kdg.expensetracker.repository.ExpenseRepositoryTest
2025-06-01T00:21:08.084+02:00 DEBUG 8036 --- [expensetracker-test] [    Test worker] org.springframework.test.context.cache   : Spring test ApplicationContext cache statistics: [DefaultContextCache@2e2b1310 size = 3, maxSize = 32, parentContextCount = 0, hitCount = 779, missCount = 3, failureCount = 0]
2025-06-01T00:21:08.084+02:00 DEBUG 8036 --- [expensetracker-test] [    Test worker] org.springframework.test.context.cache   : Spring test ApplicationContext cache statistics: [DefaultContextCache@2e2b1310 size = 3, maxSize = 32, parentContextCount = 0, hitCount = 780, missCount = 3, failureCount = 0]
2025-06-01T00:21:08.085+02:00 DEBUG 8036 --- [expensetracker-test] [    Test worker] sContextBeforeModesTestExecutionListener : Before test method: class [ExpenseRepositoryTest], method [testCalculateTotalAmountByUser_ShouldReturnCorrectSum], class annotated with @DirtiesContext [false] with mode [null], method annotated with @DirtiesContext [false] with mode [null]
2025-06-01T00:21:08.085+02:00 DEBUG 8036 --- [expensetracker-test] [    Test worker] t.c.t.TransactionalTestExecutionListener : Explicit transaction definition [PROPAGATION_REQUIRED,ISOLATION_DEFAULT] found for test class [be.kdg.expensetracker.repository.ExpenseRepositoryTest] and test method [testCalculateTotalAmountByUser_ShouldReturnCorrectSum]
2025-06-01T00:21:08.085+02:00 DEBUG 8036 --- [expensetracker-test] [    Test worker] org.springframework.test.context.cache   : Spring test ApplicationContext cache statistics: [DefaultContextCache@2e2b1310 size = 3, maxSize = 32, parentContextCount = 0, hitCount = 781, missCount = 3, failureCount = 0]
2025-06-01T00:21:08.085+02:00 DEBUG 8036 --- [expensetracker-test] [    Test worker] t.c.t.TransactionalTestExecutionListener : No method-level @Rollback override: using default rollback [true] for test method [void be.kdg.expensetracker.repository.ExpenseRepositoryTest.testCalculateTotalAmountByUser_ShouldReturnCorrectSum()]
2025-06-01T00:21:08.085+02:00 DEBUG 8036 --- [expensetracker-test] [    Test worker] o.s.t.c.transaction.TransactionContext   : Began transaction (1) for test class [be.kdg.expensetracker.repository.ExpenseRepositoryTest]; test method [testCalculateTotalAmountByUser_ShouldReturnCorrectSum]; transaction manager [org.springframework.orm.jpa.JpaTransactionManager@38dde7ec]; rollback [true]
2025-06-01T00:21:08.085+02:00 DEBUG 8036 --- [expensetracker-test] [    Test worker] org.springframework.test.context.cache   : Spring test ApplicationContext cache statistics: [DefaultContextCache@2e2b1310 size = 3, maxSize = 32, parentContextCount = 0, hitCount = 782, missCount = 3, failureCount = 0]
2025-06-01T00:21:08.085+02:00 DEBUG 8036 --- [expensetracker-test] [    Test worker] org.springframework.test.context.cache   : Spring test ApplicationContext cache statistics: [DefaultContextCache@2e2b1310 size = 3, maxSize = 32, parentContextCount = 0, hitCount = 783, missCount = 3, failureCount = 0]
2025-06-01T00:21:08.254+02:00 DEBUG 8036 --- [expensetracker-test] [    Test worker] org.springframework.test.context.cache   : Spring test ApplicationContext cache statistics: [DefaultContextCache@2e2b1310 size = 3, maxSize = 32, parentContextCount = 0, hitCount = 784, missCount = 3, failureCount = 0]
2025-06-01T00:21:08.257+02:00 DEBUG 8036 --- [expensetracker-test] [    Test worker] org.springframework.test.context.cache   : Spring test ApplicationContext cache statistics: [DefaultContextCache@2e2b1310 size = 3, maxSize = 32, parentContextCount = 0, hitCount = 785, missCount = 3, failureCount = 0]
2025-06-01T00:21:08.257+02:00 DEBUG 8036 --- [expensetracker-test] [    Test worker] org.springframework.test.context.cache   : Spring test ApplicationContext cache statistics: [DefaultContextCache@2e2b1310 size = 3, maxSize = 32, parentContextCount = 0, hitCount = 786, missCount = 3, failureCount = 0]
2025-06-01T00:21:08.257+02:00 DEBUG 8036 --- [expensetracker-test] [    Test worker] org.springframework.test.context.cache   : Spring test ApplicationContext cache statistics: [DefaultContextCache@2e2b1310 size = 3, maxSize = 32, parentContextCount = 0, hitCount = 787, missCount = 3, failureCount = 0]
2025-06-01T00:21:08.257+02:00 DEBUG 8036 --- [expensetracker-test] [    Test worker] org.springframework.test.context.cache   : Spring test ApplicationContext cache statistics: [DefaultContextCache@2e2b1310 size = 3, maxSize = 32, parentContextCount = 0, hitCount = 788, missCount = 3, failureCount = 0]
2025-06-01T00:21:08.257+02:00 DEBUG 8036 --- [expensetracker-test] [    Test worker] org.springframework.test.context.cache   : Spring test ApplicationContext cache statistics: [DefaultContextCache@2e2b1310 size = 3, maxSize = 32, parentContextCount = 0, hitCount = 789, missCount = 3, failureCount = 0]
2025-06-01T00:21:08.257+02:00 DEBUG 8036 --- [expensetracker-test] [    Test worker] org.springframework.test.context.cache   : Spring test ApplicationContext cache statistics: [DefaultContextCache@2e2b1310 size = 3, maxSize = 32, parentContextCount = 0, hitCount = 790, missCount = 3, failureCount = 0]
2025-06-01T00:21:08.257+02:00 DEBUG 8036 --- [expensetracker-test] [    Test worker] org.springframework.test.context.cache   : Spring test ApplicationContext cache statistics: [DefaultContextCache@2e2b1310 size = 3, maxSize = 32, parentContextCount = 0, hitCount = 791, missCount = 3, failureCount = 0]
2025-06-01T00:21:08.258+02:00 DEBUG 8036 --- [expensetracker-test] [    Test worker] o.s.t.c.transaction.TransactionContext   : Rolled back transaction (1) for test class [be.kdg.expensetracker.repository.ExpenseRepositoryTest]; test method [testCalculateTotalAmountByUser_ShouldReturnCorrectSum]
2025-06-01T00:21:08.258+02:00 DEBUG 8036 --- [expensetracker-test] [    Test worker] .c.s.DirtiesContextTestExecutionListener : After test method: class [ExpenseRepositoryTest], method [testCalculateTotalAmountByUser_ShouldReturnCorrectSum], class annotated with @DirtiesContext [false] with mode [null], method annotated with @DirtiesContext [false] with mode [null]
2025-06-01T00:21:08.258+02:00 DEBUG 8036 --- [expensetracker-test] [    Test worker] o.s.t.c.w.ServletTestExecutionListener   : Resetting RequestContextHolder for test class be.kdg.expensetracker.repository.ExpenseRepositoryTest
2025-06-01T00:21:08.258+02:00 DEBUG 8036 --- [expensetracker-test] [    Test worker] org.springframework.test.context.cache   : Spring test ApplicationContext cache statistics: [DefaultContextCache@2e2b1310 size = 3, maxSize = 32, parentContextCount = 0, hitCount = 792, missCount = 3, failureCount = 0]
2025-06-01T00:21:08.258+02:00 DEBUG 8036 --- [expensetracker-test] [    Test worker] o.s.t.c.w.ServletTestExecutionListener   : Setting up MockHttpServletRequest, MockHttpServletResponse, ServletWebRequest, and RequestContextHolder for test class be.kdg.expensetracker.repository.ExpenseRepositoryTest
2025-06-01T00:21:08.258+02:00 DEBUG 8036 --- [expensetracker-test] [    Test worker] DependencyInjectionTestExecutionListener : Performing dependency injection for test class be.kdg.expensetracker.repository.ExpenseRepositoryTest
2025-06-01T00:21:08.258+02:00 DEBUG 8036 --- [expensetracker-test] [    Test worker] org.springframework.test.context.cache   : Spring test ApplicationContext cache statistics: [DefaultContextCache@2e2b1310 size = 3, maxSize = 32, parentContextCount = 0, hitCount = 793, missCount = 3, failureCount = 0]
2025-06-01T00:21:08.259+02:00 DEBUG 8036 --- [expensetracker-test] [    Test worker] org.springframework.test.context.cache   : Spring test ApplicationContext cache statistics: [DefaultContextCache@2e2b1310 size = 3, maxSize = 32, parentContextCount = 0, hitCount = 794, missCount = 3, failureCount = 0]
2025-06-01T00:21:08.259+02:00 DEBUG 8036 --- [expensetracker-test] [    Test worker] sContextBeforeModesTestExecutionListener : Before test method: class [ExpenseRepositoryTest], method [testDeleteExpense_ShouldCascadeDeleteExpenseCategories], class annotated with @DirtiesContext [false] with mode [null], method annotated with @DirtiesContext [false] with mode [null]
2025-06-01T00:21:08.259+02:00 DEBUG 8036 --- [expensetracker-test] [    Test worker] t.c.t.TransactionalTestExecutionListener : Explicit transaction definition [PROPAGATION_REQUIRED,ISOLATION_DEFAULT] found for test class [be.kdg.expensetracker.repository.ExpenseRepositoryTest] and test method [testDeleteExpense_ShouldCascadeDeleteExpenseCategories]
2025-06-01T00:21:08.259+02:00 DEBUG 8036 --- [expensetracker-test] [    Test worker] org.springframework.test.context.cache   : Spring test ApplicationContext cache statistics: [DefaultContextCache@2e2b1310 size = 3, maxSize = 32, parentContextCount = 0, hitCount = 795, missCount = 3, failureCount = 0]
2025-06-01T00:21:08.259+02:00 DEBUG 8036 --- [expensetracker-test] [    Test worker] t.c.t.TransactionalTestExecutionListener : No method-level @Rollback override: using default rollback [true] for test method [void be.kdg.expensetracker.repository.ExpenseRepositoryTest.testDeleteExpense_ShouldCascadeDeleteExpenseCategories()]
2025-06-01T00:21:08.259+02:00 DEBUG 8036 --- [expensetracker-test] [    Test worker] o.s.t.c.transaction.TransactionContext   : Began transaction (1) for test class [be.kdg.expensetracker.repository.ExpenseRepositoryTest]; test method [testDeleteExpense_ShouldCascadeDeleteExpenseCategories]; transaction manager [org.springframework.orm.jpa.JpaTransactionManager@38dde7ec]; rollback [true]
2025-06-01T00:21:08.259+02:00 DEBUG 8036 --- [expensetracker-test] [    Test worker] org.springframework.test.context.cache   : Spring test ApplicationContext cache statistics: [DefaultContextCache@2e2b1310 size = 3, maxSize = 32, parentContextCount = 0, hitCount = 796, missCount = 3, failureCount = 0]
2025-06-01T00:21:08.259+02:00 DEBUG 8036 --- [expensetracker-test] [    Test worker] org.springframework.test.context.cache   : Spring test ApplicationContext cache statistics: [DefaultContextCache@2e2b1310 size = 3, maxSize = 32, parentContextCount = 0, hitCount = 797, missCount = 3, failureCount = 0]
2025-06-01T00:21:08.427+02:00 DEBUG 8036 --- [expensetracker-test] [    Test worker] org.springframework.test.context.cache   : Spring test ApplicationContext cache statistics: [DefaultContextCache@2e2b1310 size = 3, maxSize = 32, parentContextCount = 0, hitCount = 798, missCount = 3, failureCount = 0]
2025-06-01T00:21:08.441+02:00 DEBUG 8036 --- [expensetracker-test] [    Test worker] org.springframework.test.context.cache   : Spring test ApplicationContext cache statistics: [DefaultContextCache@2e2b1310 size = 3, maxSize = 32, parentContextCount = 0, hitCount = 799, missCount = 3, failureCount = 0]
2025-06-01T00:21:08.441+02:00 DEBUG 8036 --- [expensetracker-test] [    Test worker] org.springframework.test.context.cache   : Spring test ApplicationContext cache statistics: [DefaultContextCache@2e2b1310 size = 3, maxSize = 32, parentContextCount = 0, hitCount = 800, missCount = 3, failureCount = 0]
2025-06-01T00:21:08.441+02:00 DEBUG 8036 --- [expensetracker-test] [    Test worker] org.springframework.test.context.cache   : Spring test ApplicationContext cache statistics: [DefaultContextCache@2e2b1310 size = 3, maxSize = 32, parentContextCount = 0, hitCount = 801, missCount = 3, failureCount = 0]
2025-06-01T00:21:08.441+02:00 DEBUG 8036 --- [expensetracker-test] [    Test worker] org.springframework.test.context.cache   : Spring test ApplicationContext cache statistics: [DefaultContextCache@2e2b1310 size = 3, maxSize = 32, parentContextCount = 0, hitCount = 802, missCount = 3, failureCount = 0]
2025-06-01T00:21:08.441+02:00 DEBUG 8036 --- [expensetracker-test] [    Test worker] org.springframework.test.context.cache   : Spring test ApplicationContext cache statistics: [DefaultContextCache@2e2b1310 size = 3, maxSize = 32, parentContextCount = 0, hitCount = 803, missCount = 3, failureCount = 0]
2025-06-01T00:21:08.441+02:00 DEBUG 8036 --- [expensetracker-test] [    Test worker] org.springframework.test.context.cache   : Spring test ApplicationContext cache statistics: [DefaultContextCache@2e2b1310 size = 3, maxSize = 32, parentContextCount = 0, hitCount = 804, missCount = 3, failureCount = 0]
2025-06-01T00:21:08.441+02:00 DEBUG 8036 --- [expensetracker-test] [    Test worker] org.springframework.test.context.cache   : Spring test ApplicationContext cache statistics: [DefaultContextCache@2e2b1310 size = 3, maxSize = 32, parentContextCount = 0, hitCount = 805, missCount = 3, failureCount = 0]
2025-06-01T00:21:08.442+02:00 DEBUG 8036 --- [expensetracker-test] [    Test worker] o.s.t.c.transaction.TransactionContext   : Rolled back transaction (1) for test class [be.kdg.expensetracker.repository.ExpenseRepositoryTest]; test method [testDeleteExpense_ShouldCascadeDeleteExpenseCategories]
2025-06-01T00:21:08.442+02:00 DEBUG 8036 --- [expensetracker-test] [    Test worker] .c.s.DirtiesContextTestExecutionListener : After test method: class [ExpenseRepositoryTest], method [testDeleteExpense_ShouldCascadeDeleteExpenseCategories], class annotated with @DirtiesContext [false] with mode [null], method annotated with @DirtiesContext [false] with mode [null]
2025-06-01T00:21:08.442+02:00 DEBUG 8036 --- [expensetracker-test] [    Test worker] o.s.t.c.w.ServletTestExecutionListener   : Resetting RequestContextHolder for test class be.kdg.expensetracker.repository.ExpenseRepositoryTest
2025-06-01T00:21:08.443+02:00 DEBUG 8036 --- [expensetracker-test] [    Test worker] org.springframework.test.context.cache   : Spring test ApplicationContext cache statistics: [DefaultContextCache@2e2b1310 size = 3, maxSize = 32, parentContextCount = 0, hitCount = 806, missCount = 3, failureCount = 0]
2025-06-01T00:21:08.443+02:00 DEBUG 8036 --- [expensetracker-test] [    Test worker] o.s.t.c.w.ServletTestExecutionListener   : Setting up MockHttpServletRequest, MockHttpServletResponse, ServletWebRequest, and RequestContextHolder for test class be.kdg.expensetracker.repository.ExpenseRepositoryTest
2025-06-01T00:21:08.443+02:00 DEBUG 8036 --- [expensetracker-test] [    Test worker] DependencyInjectionTestExecutionListener : Performing dependency injection for test class be.kdg.expensetracker.repository.ExpenseRepositoryTest
2025-06-01T00:21:08.443+02:00 DEBUG 8036 --- [expensetracker-test] [    Test worker] org.springframework.test.context.cache   : Spring test ApplicationContext cache statistics: [DefaultContextCache@2e2b1310 size = 3, maxSize = 32, parentContextCount = 0, hitCount = 807, missCount = 3, failureCount = 0]
2025-06-01T00:21:08.443+02:00 DEBUG 8036 --- [expensetracker-test] [    Test worker] org.springframework.test.context.cache   : Spring test ApplicationContext cache statistics: [DefaultContextCache@2e2b1310 size = 3, maxSize = 32, parentContextCount = 0, hitCount = 808, missCount = 3, failureCount = 0]
2025-06-01T00:21:08.443+02:00 DEBUG 8036 --- [expensetracker-test] [    Test worker] sContextBeforeModesTestExecutionListener : Before test method: class [ExpenseRepositoryTest], method [testDeleteUser_ShouldNotDeleteExpenses_WhenUserHasExpenses], class annotated with @DirtiesContext [false] with mode [null], method annotated with @DirtiesContext [false] with mode [null]
2025-06-01T00:21:08.443+02:00 DEBUG 8036 --- [expensetracker-test] [    Test worker] t.c.t.TransactionalTestExecutionListener : Explicit transaction definition [PROPAGATION_REQUIRED,ISOLATION_DEFAULT] found for test class [be.kdg.expensetracker.repository.ExpenseRepositoryTest] and test method [testDeleteUser_ShouldNotDeleteExpenses_WhenUserHasExpenses]
2025-06-01T00:21:08.443+02:00 DEBUG 8036 --- [expensetracker-test] [    Test worker] org.springframework.test.context.cache   : Spring test ApplicationContext cache statistics: [DefaultContextCache@2e2b1310 size = 3, maxSize = 32, parentContextCount = 0, hitCount = 809, missCount = 3, failureCount = 0]
2025-06-01T00:21:08.444+02:00 DEBUG 8036 --- [expensetracker-test] [    Test worker] t.c.t.TransactionalTestExecutionListener : No method-level @Rollback override: using default rollback [true] for test method [void be.kdg.expensetracker.repository.ExpenseRepositoryTest.testDeleteUser_ShouldNotDeleteExpenses_WhenUserHasExpenses()]
2025-06-01T00:21:08.444+02:00 DEBUG 8036 --- [expensetracker-test] [    Test worker] o.s.t.c.transaction.TransactionContext   : Began transaction (1) for test class [be.kdg.expensetracker.repository.ExpenseRepositoryTest]; test method [testDeleteUser_ShouldNotDeleteExpenses_WhenUserHasExpenses]; transaction manager [org.springframework.orm.jpa.JpaTransactionManager@38dde7ec]; rollback [true]
2025-06-01T00:21:08.444+02:00 DEBUG 8036 --- [expensetracker-test] [    Test worker] org.springframework.test.context.cache   : Spring test ApplicationContext cache statistics: [DefaultContextCache@2e2b1310 size = 3, maxSize = 32, parentContextCount = 0, hitCount = 810, missCount = 3, failureCount = 0]
2025-06-01T00:21:08.444+02:00 DEBUG 8036 --- [expensetracker-test] [    Test worker] org.springframework.test.context.cache   : Spring test ApplicationContext cache statistics: [DefaultContextCache@2e2b1310 size = 3, maxSize = 32, parentContextCount = 0, hitCount = 811, missCount = 3, failureCount = 0]
2025-06-01T00:21:08.614+02:00 DEBUG 8036 --- [expensetracker-test] [    Test worker] org.springframework.test.context.cache   : Spring test ApplicationContext cache statistics: [DefaultContextCache@2e2b1310 size = 3, maxSize = 32, parentContextCount = 0, hitCount = 812, missCount = 3, failureCount = 0]
2025-06-01T00:21:08.622+02:00  WARN 8036 --- [expensetracker-test] [    Test worker] o.h.engine.jdbc.spi.SqlExceptionHelper   : SQL Error: 23503, SQLState: 23503
2025-06-01T00:21:08.622+02:00 ERROR 8036 --- [expensetracker-test] [    Test worker] o.h.engine.jdbc.spi.SqlExceptionHelper   : Referential integrity constraint violation: "FKHPK0N2CBNFIUU5NRGL0IKA3HQ: PUBLIC.EXPENSES FOREIGN KEY(USER_ID) REFERENCES PUBLIC.USERS(ID) (135)"; SQL statement:
delete from users where id=? [23503-224]
2025-06-01T00:21:08.623+02:00 DEBUG 8036 --- [expensetracker-test] [    Test worker] org.springframework.test.context.cache   : Spring test ApplicationContext cache statistics: [DefaultContextCache@2e2b1310 size = 3, maxSize = 32, parentContextCount = 0, hitCount = 813, missCount = 3, failureCount = 0]
2025-06-01T00:21:08.623+02:00 DEBUG 8036 --- [expensetracker-test] [    Test worker] org.springframework.test.context.cache   : Spring test ApplicationContext cache statistics: [DefaultContextCache@2e2b1310 size = 3, maxSize = 32, parentContextCount = 0, hitCount = 814, missCount = 3, failureCount = 0]
2025-06-01T00:21:08.623+02:00 DEBUG 8036 --- [expensetracker-test] [    Test worker] org.springframework.test.context.cache   : Spring test ApplicationContext cache statistics: [DefaultContextCache@2e2b1310 size = 3, maxSize = 32, parentContextCount = 0, hitCount = 815, missCount = 3, failureCount = 0]
2025-06-01T00:21:08.623+02:00 DEBUG 8036 --- [expensetracker-test] [    Test worker] org.springframework.test.context.cache   : Spring test ApplicationContext cache statistics: [DefaultContextCache@2e2b1310 size = 3, maxSize = 32, parentContextCount = 0, hitCount = 816, missCount = 3, failureCount = 0]
2025-06-01T00:21:08.623+02:00 DEBUG 8036 --- [expensetracker-test] [    Test worker] org.springframework.test.context.cache   : Spring test ApplicationContext cache statistics: [DefaultContextCache@2e2b1310 size = 3, maxSize = 32, parentContextCount = 0, hitCount = 817, missCount = 3, failureCount = 0]
2025-06-01T00:21:08.623+02:00 DEBUG 8036 --- [expensetracker-test] [    Test worker] org.springframework.test.context.cache   : Spring test ApplicationContext cache statistics: [DefaultContextCache@2e2b1310 size = 3, maxSize = 32, parentContextCount = 0, hitCount = 818, missCount = 3, failureCount = 0]
2025-06-01T00:21:08.623+02:00 DEBUG 8036 --- [expensetracker-test] [    Test worker] org.springframework.test.context.cache   : Spring test ApplicationContext cache statistics: [DefaultContextCache@2e2b1310 size = 3, maxSize = 32, parentContextCount = 0, hitCount = 819, missCount = 3, failureCount = 0]
2025-06-01T00:21:08.624+02:00 DEBUG 8036 --- [expensetracker-test] [    Test worker] o.s.t.c.transaction.TransactionContext   : Rolled back transaction (1) for test class [be.kdg.expensetracker.repository.ExpenseRepositoryTest]; test method [testDeleteUser_ShouldNotDeleteExpenses_WhenUserHasExpenses]
2025-06-01T00:21:08.624+02:00 DEBUG 8036 --- [expensetracker-test] [    Test worker] .c.s.DirtiesContextTestExecutionListener : After test method: class [ExpenseRepositoryTest], method [testDeleteUser_ShouldNotDeleteExpenses_WhenUserHasExpenses], class annotated with @DirtiesContext [false] with mode [null], method annotated with @DirtiesContext [false] with mode [null]
2025-06-01T00:21:08.624+02:00 DEBUG 8036 --- [expensetracker-test] [    Test worker] o.s.t.c.w.ServletTestExecutionListener   : Resetting RequestContextHolder for test class be.kdg.expensetracker.repository.ExpenseRepositoryTest
2025-06-01T00:21:08.624+02:00 DEBUG 8036 --- [expensetracker-test] [    Test worker] org.springframework.test.context.cache   : Spring test ApplicationContext cache statistics: [DefaultContextCache@2e2b1310 size = 3, maxSize = 32, parentContextCount = 0, hitCount = 820, missCount = 3, failureCount = 0]
2025-06-01T00:21:08.624+02:00 DEBUG 8036 --- [expensetracker-test] [    Test worker] .c.s.DirtiesContextTestExecutionListener : After test class: class [ExpenseRepositoryTest], class annotated with @DirtiesContext [false] with mode [null]
]]></system-out>
  <system-err><![CDATA[]]></system-err>
</testsuite>
