<?xml version="1.0" encoding="UTF-8"?>
<testsuite name="be.kdg.expensetracker.controller.ExpenseRestControllerIntegrationTest" tests="14" skipped="0" failures="0" errors="0" timestamp="2025-05-30T08:18:54" hostname="WIN-8VD49MJ8CQH" time="2.559">
  <properties/>
  <testcase name="getAllExpenses_ShouldReturnListOfExpenses()" classname="be.kdg.expensetracker.controller.ExpenseRestControllerIntegrationTest" time="0.219"/>
  <testcase name="deleteExpense_ByOwner_ShouldSucceed()" classname="be.kdg.expensetracker.controller.ExpenseRestControllerIntegrationTest" time="0.199"/>
  <testcase name="deleteExpense_WithoutAuthentication_ShouldReturn401()" classname="be.kdg.expensetracker.controller.ExpenseRestControllerIntegrationTest" time="0.174"/>
  <testcase name="getExpenseById_NonExistentExpense_ShouldReturn404()" classname="be.kdg.expensetracker.controller.ExpenseRestControllerIntegrationTest" time="0.172"/>
  <testcase name="createExpense_WithoutAuthentication_ShouldReturn401()" classname="be.kdg.expensetracker.controller.ExpenseRestControllerIntegrationTest" time="0.166"/>
  <testcase name="getExpensesByUser_NonExistentUser_ShouldReturnEmptyList()" classname="be.kdg.expensetracker.controller.ExpenseRestControllerIntegrationTest" time="0.173"/>
  <testcase name="deleteExpense_ByNonOwner_ShouldReturn403()" classname="be.kdg.expensetracker.controller.ExpenseRestControllerIntegrationTest" time="0.169"/>
  <testcase name="updateExpense_ByNonOwner_ShouldReturn403()" classname="be.kdg.expensetracker.controller.ExpenseRestControllerIntegrationTest" time="0.225"/>
  <testcase name="updateExpense_ByAdmin_ShouldSucceed()" classname="be.kdg.expensetracker.controller.ExpenseRestControllerIntegrationTest" time="0.17"/>
  <testcase name="updateExpense_ByOwner_ShouldSucceed()" classname="be.kdg.expensetracker.controller.ExpenseRestControllerIntegrationTest" time="0.174"/>
  <testcase name="getExpenseById_ExistingExpense_ShouldReturnExpense()" classname="be.kdg.expensetracker.controller.ExpenseRestControllerIntegrationTest" time="0.173"/>
  <testcase name="createExpense_ValidData_ShouldCreateExpense()" classname="be.kdg.expensetracker.controller.ExpenseRestControllerIntegrationTest" time="0.179"/>
  <testcase name="createExpense_InvalidData_ShouldReturn400()" classname="be.kdg.expensetracker.controller.ExpenseRestControllerIntegrationTest" time="0.18"/>
  <testcase name="getExpensesByUser_ExistingUser_ShouldReturnUserExpenses()" classname="be.kdg.expensetracker.controller.ExpenseRestControllerIntegrationTest" time="0.178"/>
  <system-out><![CDATA[2025-05-30T10:18:54.622+02:00  INFO 6732 --- [expensetracker-test] [    Test worker] t.c.s.AnnotationConfigContextLoaderUtils : Could not detect default configuration classes for test class [be.kdg.expensetracker.controller.ExpenseRestControllerIntegrationTest]: ExpenseRestControllerIntegrationTest does not declare any static, non-private, non-final, nested classes annotated with @Configuration.
2025-05-30T10:18:54.623+02:00  INFO 6732 --- [expensetracker-test] [    Test worker] .b.t.c.SpringBootTestContextBootstrapper : Found @SpringBootConfiguration be.kdg.expensetracker.ExpenseTrackerApplication for test class be.kdg.expensetracker.controller.ExpenseRestControllerIntegrationTest
]]></system-out>
  <system-err><![CDATA[]]></system-err>
</testsuite>
