<?xml version="1.0" encoding="UTF-8"?>
<testsuite name="be.kdg.expensetracker.service.CategoryServiceTest" tests="7" skipped="0" failures="0" errors="0" timestamp="2025-05-31T22:21:08" hostname="WIN-8VD49MJ8CQH" time="1.223">
  <properties/>
  <testcase name="testGetCategoryById_NonExistentCategory_ShouldThrowException()" classname="be.kdg.expensetracker.service.CategoryServiceTest" time="0.181"/>
  <testcase name="testAddCategory_WithValidData_ShouldSucceed()" classname="be.kdg.expensetracker.service.CategoryServiceTest" time="0.182"/>
  <testcase name="testGetCategoryById_ExistingCategory_ShouldReturnCategory()" classname="be.kdg.expensetracker.service.CategoryServiceTest" time="0.173"/>
  <testcase name="testAddCategory_WithDuplicateName_ShouldThrowException()" classname="be.kdg.expensetracker.service.CategoryServiceTest" time="0.172"/>
  <testcase name="testRemoveCategory_ExistingCategory_ShouldSucceed()" classname="be.kdg.expensetracker.service.CategoryServiceTest" time="0.171"/>
  <testcase name="testAddCategory_WithEmptyName_ShouldSucceedButMayNeedValidation()" classname="be.kdg.expensetracker.service.CategoryServiceTest" time="0.17"/>
  <testcase name="testGetAllCategories_ShouldReturnAllCategories()" classname="be.kdg.expensetracker.service.CategoryServiceTest" time="0.171"/>
  <system-out><![CDATA[2025-06-01T00:21:08.626+02:00 DEBUG 8036 --- [expensetracker-test] [    Test worker] .b.t.c.SpringBootTestContextBootstrapper : Neither @ContextConfiguration nor @ContextHierarchy found for test class [CategoryServiceTest]: using SpringBootContextLoader
2025-06-01T00:21:08.626+02:00 DEBUG 8036 --- [expensetracker-test] [    Test worker] o.s.t.c.support.AbstractContextLoader    : Could not detect default resource locations for test class [be.kdg.expensetracker.service.CategoryServiceTest]: no resource found for suffixes {-context.xml, Context.groovy}.
2025-06-01T00:21:08.626+02:00  INFO 8036 --- [expensetracker-test] [    Test worker] t.c.s.AnnotationConfigContextLoaderUtils : Could not detect default configuration classes for test class [be.kdg.expensetracker.service.CategoryServiceTest]: CategoryServiceTest does not declare any static, non-private, non-final, nested classes annotated with @Configuration.
2025-06-01T00:21:08.626+02:00 DEBUG 8036 --- [expensetracker-test] [    Test worker] .b.t.c.SpringBootTestContextBootstrapper : Using ContextCustomizerFactory implementations for test class [CategoryServiceTest]: [OverrideAutoConfigurationContextCustomizerFactory, ObservabilityContextCustomizerFactory, TypeExcludeFiltersContextCustomizerFactory, PropertyMappingContextCustomizerFactory, WebDriverContextCustomizerFactory, ImportsContextCustomizerFactory, ExcludeFilterContextCustomizerFactory, HttpGraphQlTesterContextCustomizerFactory, DuplicateJsonObjectContextCustomizerFactory, MockitoContextCustomizerFactory, TestRestTemplateContextCustomizerFactory, WebTestClientContextCustomizerFactory, MockServerContainerContextCustomizerFactory, DynamicPropertiesContextCustomizerFactory]
2025-06-01T00:21:08.627+02:00 DEBUG 8036 --- [expensetracker-test] [    Test worker] .b.t.c.SpringBootTestContextBootstrapper : Using ContextCustomizers for test class [CategoryServiceTest]: [DisableObservabilityContextCustomizer, PropertyMappingContextCustomizer, WebDriverContextCustomizer, ExcludeFilterContextCustomizer, DuplicateJsonObjectContextCustomizer, MockitoContextCustomizer, TestRestTemplateContextCustomizer]
2025-06-01T00:21:08.636+02:00  INFO 8036 --- [expensetracker-test] [    Test worker] .b.t.c.SpringBootTestContextBootstrapper : Found @SpringBootConfiguration be.kdg.expensetracker.ExpenseTrackerApplication for test class be.kdg.expensetracker.service.CategoryServiceTest
2025-06-01T00:21:08.638+02:00 DEBUG 8036 --- [expensetracker-test] [    Test worker] .s.t.c.u.TestContextSpringFactoriesUtils : Skipping candidate TestExecutionListener [org.springframework.test.context.observation.MicrometerObservationRegistryTestExecutionListener] due to a missing dependency. Specify custom TestExecutionListener classes or make the default TestExecutionListener classes and their required dependencies available. Offending class: io.micrometer.context.ThreadLocalAccessor. MicrometerObservationRegistryTestExecutionListener requires io.micrometer:micrometer-observation:1.10.8 or higher and io.micrometer:context-propagation:1.0.3 or higher.
2025-06-01T00:21:08.638+02:00 DEBUG 8036 --- [expensetracker-test] [    Test worker] .b.t.c.SpringBootTestContextBootstrapper : Using TestExecutionListeners for test class [CategoryServiceTest]: [ServletTestExecutionListener, DirtiesContextBeforeModesTestExecutionListener, ApplicationEventsTestExecutionListener, MockitoTestExecutionListener, DependencyInjectionTestExecutionListener, DirtiesContextTestExecutionListener, TransactionalTestExecutionListener, SqlScriptsTestExecutionListener, WithSecurityContextTestExecutionListener, EventPublishingTestExecutionListener, ReactorContextTestExecutionListener, RestDocsTestExecutionListener, MockRestServiceServerResetTestExecutionListener, MockMvcPrintOnlyOnFailureTestExecutionListener, WebDriverTestExecutionListener, MockWebServiceServerTestExecutionListener, ResetMocksTestExecutionListener]
2025-06-01T00:21:08.638+02:00 DEBUG 8036 --- [expensetracker-test] [    Test worker] sContextBeforeModesTestExecutionListener : Before test class: class [CategoryServiceTest], class annotated with @DirtiesContext [false] with mode [null]
2025-06-01T00:21:08.639+02:00 DEBUG 8036 --- [expensetracker-test] [    Test worker] org.springframework.test.context.cache   : Spring test ApplicationContext cache statistics: [DefaultContextCache@2e2b1310 size = 3, maxSize = 32, parentContextCount = 0, hitCount = 821, missCount = 3, failureCount = 0]
2025-06-01T00:21:08.639+02:00 DEBUG 8036 --- [expensetracker-test] [    Test worker] org.springframework.test.context.cache   : Spring test ApplicationContext cache statistics: [DefaultContextCache@2e2b1310 size = 3, maxSize = 32, parentContextCount = 0, hitCount = 822, missCount = 3, failureCount = 0]
2025-06-01T00:21:08.639+02:00 DEBUG 8036 --- [expensetracker-test] [    Test worker] o.s.t.c.w.ServletTestExecutionListener   : Setting up MockHttpServletRequest, MockHttpServletResponse, ServletWebRequest, and RequestContextHolder for test class be.kdg.expensetracker.service.CategoryServiceTest
2025-06-01T00:21:08.639+02:00 DEBUG 8036 --- [expensetracker-test] [    Test worker] DependencyInjectionTestExecutionListener : Performing dependency injection for test class be.kdg.expensetracker.service.CategoryServiceTest
2025-06-01T00:21:08.639+02:00 DEBUG 8036 --- [expensetracker-test] [    Test worker] org.springframework.test.context.cache   : Spring test ApplicationContext cache statistics: [DefaultContextCache@2e2b1310 size = 3, maxSize = 32, parentContextCount = 0, hitCount = 823, missCount = 3, failureCount = 0]
2025-06-01T00:21:08.639+02:00 DEBUG 8036 --- [expensetracker-test] [    Test worker] org.springframework.test.context.cache   : Spring test ApplicationContext cache statistics: [DefaultContextCache@2e2b1310 size = 3, maxSize = 32, parentContextCount = 0, hitCount = 824, missCount = 3, failureCount = 0]
2025-06-01T00:21:08.640+02:00 DEBUG 8036 --- [expensetracker-test] [    Test worker] sContextBeforeModesTestExecutionListener : Before test method: class [CategoryServiceTest], method [testGetCategoryById_NonExistentCategory_ShouldThrowException], class annotated with @DirtiesContext [false] with mode [null], method annotated with @DirtiesContext [false] with mode [null]
2025-06-01T00:21:08.640+02:00 DEBUG 8036 --- [expensetracker-test] [    Test worker] t.c.t.TransactionalTestExecutionListener : Explicit transaction definition [PROPAGATION_REQUIRED,ISOLATION_DEFAULT] found for test class [be.kdg.expensetracker.service.CategoryServiceTest] and test method [testGetCategoryById_NonExistentCategory_ShouldThrowException]
2025-06-01T00:21:08.640+02:00 DEBUG 8036 --- [expensetracker-test] [    Test worker] org.springframework.test.context.cache   : Spring test ApplicationContext cache statistics: [DefaultContextCache@2e2b1310 size = 3, maxSize = 32, parentContextCount = 0, hitCount = 825, missCount = 3, failureCount = 0]
2025-06-01T00:21:08.640+02:00 DEBUG 8036 --- [expensetracker-test] [    Test worker] t.c.t.TransactionalTestExecutionListener : No method-level @Rollback override: using default rollback [true] for test method [void be.kdg.expensetracker.service.CategoryServiceTest.testGetCategoryById_NonExistentCategory_ShouldThrowException()]
2025-06-01T00:21:08.640+02:00 DEBUG 8036 --- [expensetracker-test] [    Test worker] o.s.t.c.transaction.TransactionContext   : Began transaction (1) for test class [be.kdg.expensetracker.service.CategoryServiceTest]; test method [testGetCategoryById_NonExistentCategory_ShouldThrowException]; transaction manager [org.springframework.orm.jpa.JpaTransactionManager@38dde7ec]; rollback [true]
2025-06-01T00:21:08.640+02:00 DEBUG 8036 --- [expensetracker-test] [    Test worker] org.springframework.test.context.cache   : Spring test ApplicationContext cache statistics: [DefaultContextCache@2e2b1310 size = 3, maxSize = 32, parentContextCount = 0, hitCount = 826, missCount = 3, failureCount = 0]
2025-06-01T00:21:08.640+02:00 DEBUG 8036 --- [expensetracker-test] [    Test worker] org.springframework.test.context.cache   : Spring test ApplicationContext cache statistics: [DefaultContextCache@2e2b1310 size = 3, maxSize = 32, parentContextCount = 0, hitCount = 827, missCount = 3, failureCount = 0]
2025-06-01T00:21:08.816+02:00 DEBUG 8036 --- [expensetracker-test] [    Test worker] org.springframework.test.context.cache   : Spring test ApplicationContext cache statistics: [DefaultContextCache@2e2b1310 size = 3, maxSize = 32, parentContextCount = 0, hitCount = 828, missCount = 3, failureCount = 0]
2025-06-01T00:21:08.819+02:00 DEBUG 8036 --- [expensetracker-test] [    Test worker] org.springframework.test.context.cache   : Spring test ApplicationContext cache statistics: [DefaultContextCache@2e2b1310 size = 3, maxSize = 32, parentContextCount = 0, hitCount = 829, missCount = 3, failureCount = 0]
2025-06-01T00:21:08.819+02:00 DEBUG 8036 --- [expensetracker-test] [    Test worker] org.springframework.test.context.cache   : Spring test ApplicationContext cache statistics: [DefaultContextCache@2e2b1310 size = 3, maxSize = 32, parentContextCount = 0, hitCount = 830, missCount = 3, failureCount = 0]
2025-06-01T00:21:08.819+02:00 DEBUG 8036 --- [expensetracker-test] [    Test worker] org.springframework.test.context.cache   : Spring test ApplicationContext cache statistics: [DefaultContextCache@2e2b1310 size = 3, maxSize = 32, parentContextCount = 0, hitCount = 831, missCount = 3, failureCount = 0]
2025-06-01T00:21:08.819+02:00 DEBUG 8036 --- [expensetracker-test] [    Test worker] org.springframework.test.context.cache   : Spring test ApplicationContext cache statistics: [DefaultContextCache@2e2b1310 size = 3, maxSize = 32, parentContextCount = 0, hitCount = 832, missCount = 3, failureCount = 0]
2025-06-01T00:21:08.819+02:00 DEBUG 8036 --- [expensetracker-test] [    Test worker] org.springframework.test.context.cache   : Spring test ApplicationContext cache statistics: [DefaultContextCache@2e2b1310 size = 3, maxSize = 32, parentContextCount = 0, hitCount = 833, missCount = 3, failureCount = 0]
2025-06-01T00:21:08.819+02:00 DEBUG 8036 --- [expensetracker-test] [    Test worker] org.springframework.test.context.cache   : Spring test ApplicationContext cache statistics: [DefaultContextCache@2e2b1310 size = 3, maxSize = 32, parentContextCount = 0, hitCount = 834, missCount = 3, failureCount = 0]
2025-06-01T00:21:08.819+02:00 DEBUG 8036 --- [expensetracker-test] [    Test worker] org.springframework.test.context.cache   : Spring test ApplicationContext cache statistics: [DefaultContextCache@2e2b1310 size = 3, maxSize = 32, parentContextCount = 0, hitCount = 835, missCount = 3, failureCount = 0]
2025-06-01T00:21:08.820+02:00 DEBUG 8036 --- [expensetracker-test] [    Test worker] o.s.t.c.transaction.TransactionContext   : Rolled back transaction (1) for test class [be.kdg.expensetracker.service.CategoryServiceTest]; test method [testGetCategoryById_NonExistentCategory_ShouldThrowException]
2025-06-01T00:21:08.820+02:00 DEBUG 8036 --- [expensetracker-test] [    Test worker] .c.s.DirtiesContextTestExecutionListener : After test method: class [CategoryServiceTest], method [testGetCategoryById_NonExistentCategory_ShouldThrowException], class annotated with @DirtiesContext [false] with mode [null], method annotated with @DirtiesContext [false] with mode [null]
2025-06-01T00:21:08.820+02:00 DEBUG 8036 --- [expensetracker-test] [    Test worker] o.s.t.c.w.ServletTestExecutionListener   : Resetting RequestContextHolder for test class be.kdg.expensetracker.service.CategoryServiceTest
2025-06-01T00:21:08.820+02:00 DEBUG 8036 --- [expensetracker-test] [    Test worker] org.springframework.test.context.cache   : Spring test ApplicationContext cache statistics: [DefaultContextCache@2e2b1310 size = 3, maxSize = 32, parentContextCount = 0, hitCount = 836, missCount = 3, failureCount = 0]
2025-06-01T00:21:08.820+02:00 DEBUG 8036 --- [expensetracker-test] [    Test worker] o.s.t.c.w.ServletTestExecutionListener   : Setting up MockHttpServletRequest, MockHttpServletResponse, ServletWebRequest, and RequestContextHolder for test class be.kdg.expensetracker.service.CategoryServiceTest
2025-06-01T00:21:08.820+02:00 DEBUG 8036 --- [expensetracker-test] [    Test worker] DependencyInjectionTestExecutionListener : Performing dependency injection for test class be.kdg.expensetracker.service.CategoryServiceTest
2025-06-01T00:21:08.820+02:00 DEBUG 8036 --- [expensetracker-test] [    Test worker] org.springframework.test.context.cache   : Spring test ApplicationContext cache statistics: [DefaultContextCache@2e2b1310 size = 3, maxSize = 32, parentContextCount = 0, hitCount = 837, missCount = 3, failureCount = 0]
2025-06-01T00:21:08.820+02:00 DEBUG 8036 --- [expensetracker-test] [    Test worker] org.springframework.test.context.cache   : Spring test ApplicationContext cache statistics: [DefaultContextCache@2e2b1310 size = 3, maxSize = 32, parentContextCount = 0, hitCount = 838, missCount = 3, failureCount = 0]
2025-06-01T00:21:08.821+02:00 DEBUG 8036 --- [expensetracker-test] [    Test worker] sContextBeforeModesTestExecutionListener : Before test method: class [CategoryServiceTest], method [testAddCategory_WithValidData_ShouldSucceed], class annotated with @DirtiesContext [false] with mode [null], method annotated with @DirtiesContext [false] with mode [null]
2025-06-01T00:21:08.821+02:00 DEBUG 8036 --- [expensetracker-test] [    Test worker] t.c.t.TransactionalTestExecutionListener : Explicit transaction definition [PROPAGATION_REQUIRED,ISOLATION_DEFAULT] found for test class [be.kdg.expensetracker.service.CategoryServiceTest] and test method [testAddCategory_WithValidData_ShouldSucceed]
2025-06-01T00:21:08.821+02:00 DEBUG 8036 --- [expensetracker-test] [    Test worker] org.springframework.test.context.cache   : Spring test ApplicationContext cache statistics: [DefaultContextCache@2e2b1310 size = 3, maxSize = 32, parentContextCount = 0, hitCount = 839, missCount = 3, failureCount = 0]
2025-06-01T00:21:08.821+02:00 DEBUG 8036 --- [expensetracker-test] [    Test worker] t.c.t.TransactionalTestExecutionListener : No method-level @Rollback override: using default rollback [true] for test method [void be.kdg.expensetracker.service.CategoryServiceTest.testAddCategory_WithValidData_ShouldSucceed()]
2025-06-01T00:21:08.821+02:00 DEBUG 8036 --- [expensetracker-test] [    Test worker] o.s.t.c.transaction.TransactionContext   : Began transaction (1) for test class [be.kdg.expensetracker.service.CategoryServiceTest]; test method [testAddCategory_WithValidData_ShouldSucceed]; transaction manager [org.springframework.orm.jpa.JpaTransactionManager@38dde7ec]; rollback [true]
2025-06-01T00:21:08.821+02:00 DEBUG 8036 --- [expensetracker-test] [    Test worker] org.springframework.test.context.cache   : Spring test ApplicationContext cache statistics: [DefaultContextCache@2e2b1310 size = 3, maxSize = 32, parentContextCount = 0, hitCount = 840, missCount = 3, failureCount = 0]
2025-06-01T00:21:08.821+02:00 DEBUG 8036 --- [expensetracker-test] [    Test worker] org.springframework.test.context.cache   : Spring test ApplicationContext cache statistics: [DefaultContextCache@2e2b1310 size = 3, maxSize = 32, parentContextCount = 0, hitCount = 841, missCount = 3, failureCount = 0]
2025-06-01T00:21:08.997+02:00 DEBUG 8036 --- [expensetracker-test] [    Test worker] org.springframework.test.context.cache   : Spring test ApplicationContext cache statistics: [DefaultContextCache@2e2b1310 size = 3, maxSize = 32, parentContextCount = 0, hitCount = 842, missCount = 3, failureCount = 0]
2025-06-01T00:21:09.002+02:00 DEBUG 8036 --- [expensetracker-test] [    Test worker] org.springframework.test.context.cache   : Spring test ApplicationContext cache statistics: [DefaultContextCache@2e2b1310 size = 3, maxSize = 32, parentContextCount = 0, hitCount = 843, missCount = 3, failureCount = 0]
2025-06-01T00:21:09.002+02:00 DEBUG 8036 --- [expensetracker-test] [    Test worker] org.springframework.test.context.cache   : Spring test ApplicationContext cache statistics: [DefaultContextCache@2e2b1310 size = 3, maxSize = 32, parentContextCount = 0, hitCount = 844, missCount = 3, failureCount = 0]
2025-06-01T00:21:09.002+02:00 DEBUG 8036 --- [expensetracker-test] [    Test worker] org.springframework.test.context.cache   : Spring test ApplicationContext cache statistics: [DefaultContextCache@2e2b1310 size = 3, maxSize = 32, parentContextCount = 0, hitCount = 845, missCount = 3, failureCount = 0]
2025-06-01T00:21:09.002+02:00 DEBUG 8036 --- [expensetracker-test] [    Test worker] org.springframework.test.context.cache   : Spring test ApplicationContext cache statistics: [DefaultContextCache@2e2b1310 size = 3, maxSize = 32, parentContextCount = 0, hitCount = 846, missCount = 3, failureCount = 0]
2025-06-01T00:21:09.002+02:00 DEBUG 8036 --- [expensetracker-test] [    Test worker] org.springframework.test.context.cache   : Spring test ApplicationContext cache statistics: [DefaultContextCache@2e2b1310 size = 3, maxSize = 32, parentContextCount = 0, hitCount = 847, missCount = 3, failureCount = 0]
2025-06-01T00:21:09.003+02:00 DEBUG 8036 --- [expensetracker-test] [    Test worker] org.springframework.test.context.cache   : Spring test ApplicationContext cache statistics: [DefaultContextCache@2e2b1310 size = 3, maxSize = 32, parentContextCount = 0, hitCount = 848, missCount = 3, failureCount = 0]
2025-06-01T00:21:09.003+02:00 DEBUG 8036 --- [expensetracker-test] [    Test worker] org.springframework.test.context.cache   : Spring test ApplicationContext cache statistics: [DefaultContextCache@2e2b1310 size = 3, maxSize = 32, parentContextCount = 0, hitCount = 849, missCount = 3, failureCount = 0]
2025-06-01T00:21:09.003+02:00 DEBUG 8036 --- [expensetracker-test] [    Test worker] o.s.t.c.transaction.TransactionContext   : Rolled back transaction (1) for test class [be.kdg.expensetracker.service.CategoryServiceTest]; test method [testAddCategory_WithValidData_ShouldSucceed]
2025-06-01T00:21:09.003+02:00 DEBUG 8036 --- [expensetracker-test] [    Test worker] .c.s.DirtiesContextTestExecutionListener : After test method: class [CategoryServiceTest], method [testAddCategory_WithValidData_ShouldSucceed], class annotated with @DirtiesContext [false] with mode [null], method annotated with @DirtiesContext [false] with mode [null]
2025-06-01T00:21:09.003+02:00 DEBUG 8036 --- [expensetracker-test] [    Test worker] o.s.t.c.w.ServletTestExecutionListener   : Resetting RequestContextHolder for test class be.kdg.expensetracker.service.CategoryServiceTest
2025-06-01T00:21:09.004+02:00 DEBUG 8036 --- [expensetracker-test] [    Test worker] org.springframework.test.context.cache   : Spring test ApplicationContext cache statistics: [DefaultContextCache@2e2b1310 size = 3, maxSize = 32, parentContextCount = 0, hitCount = 850, missCount = 3, failureCount = 0]
2025-06-01T00:21:09.004+02:00 DEBUG 8036 --- [expensetracker-test] [    Test worker] o.s.t.c.w.ServletTestExecutionListener   : Setting up MockHttpServletRequest, MockHttpServletResponse, ServletWebRequest, and RequestContextHolder for test class be.kdg.expensetracker.service.CategoryServiceTest
2025-06-01T00:21:09.004+02:00 DEBUG 8036 --- [expensetracker-test] [    Test worker] DependencyInjectionTestExecutionListener : Performing dependency injection for test class be.kdg.expensetracker.service.CategoryServiceTest
2025-06-01T00:21:09.004+02:00 DEBUG 8036 --- [expensetracker-test] [    Test worker] org.springframework.test.context.cache   : Spring test ApplicationContext cache statistics: [DefaultContextCache@2e2b1310 size = 3, maxSize = 32, parentContextCount = 0, hitCount = 851, missCount = 3, failureCount = 0]
2025-06-01T00:21:09.004+02:00 DEBUG 8036 --- [expensetracker-test] [    Test worker] org.springframework.test.context.cache   : Spring test ApplicationContext cache statistics: [DefaultContextCache@2e2b1310 size = 3, maxSize = 32, parentContextCount = 0, hitCount = 852, missCount = 3, failureCount = 0]
2025-06-01T00:21:09.004+02:00 DEBUG 8036 --- [expensetracker-test] [    Test worker] sContextBeforeModesTestExecutionListener : Before test method: class [CategoryServiceTest], method [testGetCategoryById_ExistingCategory_ShouldReturnCategory], class annotated with @DirtiesContext [false] with mode [null], method annotated with @DirtiesContext [false] with mode [null]
2025-06-01T00:21:09.004+02:00 DEBUG 8036 --- [expensetracker-test] [    Test worker] t.c.t.TransactionalTestExecutionListener : Explicit transaction definition [PROPAGATION_REQUIRED,ISOLATION_DEFAULT] found for test class [be.kdg.expensetracker.service.CategoryServiceTest] and test method [testGetCategoryById_ExistingCategory_ShouldReturnCategory]
2025-06-01T00:21:09.004+02:00 DEBUG 8036 --- [expensetracker-test] [    Test worker] org.springframework.test.context.cache   : Spring test ApplicationContext cache statistics: [DefaultContextCache@2e2b1310 size = 3, maxSize = 32, parentContextCount = 0, hitCount = 853, missCount = 3, failureCount = 0]
2025-06-01T00:21:09.004+02:00 DEBUG 8036 --- [expensetracker-test] [    Test worker] t.c.t.TransactionalTestExecutionListener : No method-level @Rollback override: using default rollback [true] for test method [void be.kdg.expensetracker.service.CategoryServiceTest.testGetCategoryById_ExistingCategory_ShouldReturnCategory()]
2025-06-01T00:21:09.005+02:00 DEBUG 8036 --- [expensetracker-test] [    Test worker] o.s.t.c.transaction.TransactionContext   : Began transaction (1) for test class [be.kdg.expensetracker.service.CategoryServiceTest]; test method [testGetCategoryById_ExistingCategory_ShouldReturnCategory]; transaction manager [org.springframework.orm.jpa.JpaTransactionManager@38dde7ec]; rollback [true]
2025-06-01T00:21:09.005+02:00 DEBUG 8036 --- [expensetracker-test] [    Test worker] org.springframework.test.context.cache   : Spring test ApplicationContext cache statistics: [DefaultContextCache@2e2b1310 size = 3, maxSize = 32, parentContextCount = 0, hitCount = 854, missCount = 3, failureCount = 0]
2025-06-01T00:21:09.005+02:00 DEBUG 8036 --- [expensetracker-test] [    Test worker] org.springframework.test.context.cache   : Spring test ApplicationContext cache statistics: [DefaultContextCache@2e2b1310 size = 3, maxSize = 32, parentContextCount = 0, hitCount = 855, missCount = 3, failureCount = 0]
2025-06-01T00:21:09.174+02:00 DEBUG 8036 --- [expensetracker-test] [    Test worker] org.springframework.test.context.cache   : Spring test ApplicationContext cache statistics: [DefaultContextCache@2e2b1310 size = 3, maxSize = 32, parentContextCount = 0, hitCount = 856, missCount = 3, failureCount = 0]
2025-06-01T00:21:09.175+02:00 DEBUG 8036 --- [expensetracker-test] [    Test worker] org.springframework.test.context.cache   : Spring test ApplicationContext cache statistics: [DefaultContextCache@2e2b1310 size = 3, maxSize = 32, parentContextCount = 0, hitCount = 857, missCount = 3, failureCount = 0]
2025-06-01T00:21:09.175+02:00 DEBUG 8036 --- [expensetracker-test] [    Test worker] org.springframework.test.context.cache   : Spring test ApplicationContext cache statistics: [DefaultContextCache@2e2b1310 size = 3, maxSize = 32, parentContextCount = 0, hitCount = 858, missCount = 3, failureCount = 0]
2025-06-01T00:21:09.175+02:00 DEBUG 8036 --- [expensetracker-test] [    Test worker] org.springframework.test.context.cache   : Spring test ApplicationContext cache statistics: [DefaultContextCache@2e2b1310 size = 3, maxSize = 32, parentContextCount = 0, hitCount = 859, missCount = 3, failureCount = 0]
2025-06-01T00:21:09.175+02:00 DEBUG 8036 --- [expensetracker-test] [    Test worker] org.springframework.test.context.cache   : Spring test ApplicationContext cache statistics: [DefaultContextCache@2e2b1310 size = 3, maxSize = 32, parentContextCount = 0, hitCount = 860, missCount = 3, failureCount = 0]
2025-06-01T00:21:09.175+02:00 DEBUG 8036 --- [expensetracker-test] [    Test worker] org.springframework.test.context.cache   : Spring test ApplicationContext cache statistics: [DefaultContextCache@2e2b1310 size = 3, maxSize = 32, parentContextCount = 0, hitCount = 861, missCount = 3, failureCount = 0]
2025-06-01T00:21:09.175+02:00 DEBUG 8036 --- [expensetracker-test] [    Test worker] org.springframework.test.context.cache   : Spring test ApplicationContext cache statistics: [DefaultContextCache@2e2b1310 size = 3, maxSize = 32, parentContextCount = 0, hitCount = 862, missCount = 3, failureCount = 0]
2025-06-01T00:21:09.176+02:00 DEBUG 8036 --- [expensetracker-test] [    Test worker] org.springframework.test.context.cache   : Spring test ApplicationContext cache statistics: [DefaultContextCache@2e2b1310 size = 3, maxSize = 32, parentContextCount = 0, hitCount = 863, missCount = 3, failureCount = 0]
2025-06-01T00:21:09.176+02:00 DEBUG 8036 --- [expensetracker-test] [    Test worker] o.s.t.c.transaction.TransactionContext   : Rolled back transaction (1) for test class [be.kdg.expensetracker.service.CategoryServiceTest]; test method [testGetCategoryById_ExistingCategory_ShouldReturnCategory]
2025-06-01T00:21:09.176+02:00 DEBUG 8036 --- [expensetracker-test] [    Test worker] .c.s.DirtiesContextTestExecutionListener : After test method: class [CategoryServiceTest], method [testGetCategoryById_ExistingCategory_ShouldReturnCategory], class annotated with @DirtiesContext [false] with mode [null], method annotated with @DirtiesContext [false] with mode [null]
2025-06-01T00:21:09.176+02:00 DEBUG 8036 --- [expensetracker-test] [    Test worker] o.s.t.c.w.ServletTestExecutionListener   : Resetting RequestContextHolder for test class be.kdg.expensetracker.service.CategoryServiceTest
2025-06-01T00:21:09.177+02:00 DEBUG 8036 --- [expensetracker-test] [    Test worker] org.springframework.test.context.cache   : Spring test ApplicationContext cache statistics: [DefaultContextCache@2e2b1310 size = 3, maxSize = 32, parentContextCount = 0, hitCount = 864, missCount = 3, failureCount = 0]
2025-06-01T00:21:09.177+02:00 DEBUG 8036 --- [expensetracker-test] [    Test worker] o.s.t.c.w.ServletTestExecutionListener   : Setting up MockHttpServletRequest, MockHttpServletResponse, ServletWebRequest, and RequestContextHolder for test class be.kdg.expensetracker.service.CategoryServiceTest
2025-06-01T00:21:09.177+02:00 DEBUG 8036 --- [expensetracker-test] [    Test worker] DependencyInjectionTestExecutionListener : Performing dependency injection for test class be.kdg.expensetracker.service.CategoryServiceTest
2025-06-01T00:21:09.177+02:00 DEBUG 8036 --- [expensetracker-test] [    Test worker] org.springframework.test.context.cache   : Spring test ApplicationContext cache statistics: [DefaultContextCache@2e2b1310 size = 3, maxSize = 32, parentContextCount = 0, hitCount = 865, missCount = 3, failureCount = 0]
2025-06-01T00:21:09.177+02:00 DEBUG 8036 --- [expensetracker-test] [    Test worker] org.springframework.test.context.cache   : Spring test ApplicationContext cache statistics: [DefaultContextCache@2e2b1310 size = 3, maxSize = 32, parentContextCount = 0, hitCount = 866, missCount = 3, failureCount = 0]
2025-06-01T00:21:09.177+02:00 DEBUG 8036 --- [expensetracker-test] [    Test worker] sContextBeforeModesTestExecutionListener : Before test method: class [CategoryServiceTest], method [testAddCategory_WithDuplicateName_ShouldThrowException], class annotated with @DirtiesContext [false] with mode [null], method annotated with @DirtiesContext [false] with mode [null]
2025-06-01T00:21:09.177+02:00 DEBUG 8036 --- [expensetracker-test] [    Test worker] t.c.t.TransactionalTestExecutionListener : Explicit transaction definition [PROPAGATION_REQUIRED,ISOLATION_DEFAULT] found for test class [be.kdg.expensetracker.service.CategoryServiceTest] and test method [testAddCategory_WithDuplicateName_ShouldThrowException]
2025-06-01T00:21:09.177+02:00 DEBUG 8036 --- [expensetracker-test] [    Test worker] org.springframework.test.context.cache   : Spring test ApplicationContext cache statistics: [DefaultContextCache@2e2b1310 size = 3, maxSize = 32, parentContextCount = 0, hitCount = 867, missCount = 3, failureCount = 0]
2025-06-01T00:21:09.177+02:00 DEBUG 8036 --- [expensetracker-test] [    Test worker] t.c.t.TransactionalTestExecutionListener : No method-level @Rollback override: using default rollback [true] for test method [void be.kdg.expensetracker.service.CategoryServiceTest.testAddCategory_WithDuplicateName_ShouldThrowException()]
2025-06-01T00:21:09.178+02:00 DEBUG 8036 --- [expensetracker-test] [    Test worker] o.s.t.c.transaction.TransactionContext   : Began transaction (1) for test class [be.kdg.expensetracker.service.CategoryServiceTest]; test method [testAddCategory_WithDuplicateName_ShouldThrowException]; transaction manager [org.springframework.orm.jpa.JpaTransactionManager@38dde7ec]; rollback [true]
2025-06-01T00:21:09.178+02:00 DEBUG 8036 --- [expensetracker-test] [    Test worker] org.springframework.test.context.cache   : Spring test ApplicationContext cache statistics: [DefaultContextCache@2e2b1310 size = 3, maxSize = 32, parentContextCount = 0, hitCount = 868, missCount = 3, failureCount = 0]
2025-06-01T00:21:09.178+02:00 DEBUG 8036 --- [expensetracker-test] [    Test worker] org.springframework.test.context.cache   : Spring test ApplicationContext cache statistics: [DefaultContextCache@2e2b1310 size = 3, maxSize = 32, parentContextCount = 0, hitCount = 869, missCount = 3, failureCount = 0]
2025-06-01T00:21:09.343+02:00 DEBUG 8036 --- [expensetracker-test] [    Test worker] org.springframework.test.context.cache   : Spring test ApplicationContext cache statistics: [DefaultContextCache@2e2b1310 size = 3, maxSize = 32, parentContextCount = 0, hitCount = 870, missCount = 3, failureCount = 0]
2025-06-01T00:21:09.347+02:00 DEBUG 8036 --- [expensetracker-test] [    Test worker] org.springframework.test.context.cache   : Spring test ApplicationContext cache statistics: [DefaultContextCache@2e2b1310 size = 3, maxSize = 32, parentContextCount = 0, hitCount = 871, missCount = 3, failureCount = 0]
2025-06-01T00:21:09.347+02:00 DEBUG 8036 --- [expensetracker-test] [    Test worker] org.springframework.test.context.cache   : Spring test ApplicationContext cache statistics: [DefaultContextCache@2e2b1310 size = 3, maxSize = 32, parentContextCount = 0, hitCount = 872, missCount = 3, failureCount = 0]
2025-06-01T00:21:09.347+02:00 DEBUG 8036 --- [expensetracker-test] [    Test worker] org.springframework.test.context.cache   : Spring test ApplicationContext cache statistics: [DefaultContextCache@2e2b1310 size = 3, maxSize = 32, parentContextCount = 0, hitCount = 873, missCount = 3, failureCount = 0]
2025-06-01T00:21:09.347+02:00 DEBUG 8036 --- [expensetracker-test] [    Test worker] org.springframework.test.context.cache   : Spring test ApplicationContext cache statistics: [DefaultContextCache@2e2b1310 size = 3, maxSize = 32, parentContextCount = 0, hitCount = 874, missCount = 3, failureCount = 0]
2025-06-01T00:21:09.347+02:00 DEBUG 8036 --- [expensetracker-test] [    Test worker] org.springframework.test.context.cache   : Spring test ApplicationContext cache statistics: [DefaultContextCache@2e2b1310 size = 3, maxSize = 32, parentContextCount = 0, hitCount = 875, missCount = 3, failureCount = 0]
2025-06-01T00:21:09.347+02:00 DEBUG 8036 --- [expensetracker-test] [    Test worker] org.springframework.test.context.cache   : Spring test ApplicationContext cache statistics: [DefaultContextCache@2e2b1310 size = 3, maxSize = 32, parentContextCount = 0, hitCount = 876, missCount = 3, failureCount = 0]
2025-06-01T00:21:09.347+02:00 DEBUG 8036 --- [expensetracker-test] [    Test worker] org.springframework.test.context.cache   : Spring test ApplicationContext cache statistics: [DefaultContextCache@2e2b1310 size = 3, maxSize = 32, parentContextCount = 0, hitCount = 877, missCount = 3, failureCount = 0]
2025-06-01T00:21:09.348+02:00 DEBUG 8036 --- [expensetracker-test] [    Test worker] o.s.t.c.transaction.TransactionContext   : Rolled back transaction (1) for test class [be.kdg.expensetracker.service.CategoryServiceTest]; test method [testAddCategory_WithDuplicateName_ShouldThrowException]
2025-06-01T00:21:09.348+02:00 DEBUG 8036 --- [expensetracker-test] [    Test worker] .c.s.DirtiesContextTestExecutionListener : After test method: class [CategoryServiceTest], method [testAddCategory_WithDuplicateName_ShouldThrowException], class annotated with @DirtiesContext [false] with mode [null], method annotated with @DirtiesContext [false] with mode [null]
2025-06-01T00:21:09.348+02:00 DEBUG 8036 --- [expensetracker-test] [    Test worker] o.s.t.c.w.ServletTestExecutionListener   : Resetting RequestContextHolder for test class be.kdg.expensetracker.service.CategoryServiceTest
2025-06-01T00:21:09.348+02:00 DEBUG 8036 --- [expensetracker-test] [    Test worker] org.springframework.test.context.cache   : Spring test ApplicationContext cache statistics: [DefaultContextCache@2e2b1310 size = 3, maxSize = 32, parentContextCount = 0, hitCount = 878, missCount = 3, failureCount = 0]
2025-06-01T00:21:09.348+02:00 DEBUG 8036 --- [expensetracker-test] [    Test worker] o.s.t.c.w.ServletTestExecutionListener   : Setting up MockHttpServletRequest, MockHttpServletResponse, ServletWebRequest, and RequestContextHolder for test class be.kdg.expensetracker.service.CategoryServiceTest
2025-06-01T00:21:09.348+02:00 DEBUG 8036 --- [expensetracker-test] [    Test worker] DependencyInjectionTestExecutionListener : Performing dependency injection for test class be.kdg.expensetracker.service.CategoryServiceTest
2025-06-01T00:21:09.348+02:00 DEBUG 8036 --- [expensetracker-test] [    Test worker] org.springframework.test.context.cache   : Spring test ApplicationContext cache statistics: [DefaultContextCache@2e2b1310 size = 3, maxSize = 32, parentContextCount = 0, hitCount = 879, missCount = 3, failureCount = 0]
2025-06-01T00:21:09.348+02:00 DEBUG 8036 --- [expensetracker-test] [    Test worker] org.springframework.test.context.cache   : Spring test ApplicationContext cache statistics: [DefaultContextCache@2e2b1310 size = 3, maxSize = 32, parentContextCount = 0, hitCount = 880, missCount = 3, failureCount = 0]
2025-06-01T00:21:09.349+02:00 DEBUG 8036 --- [expensetracker-test] [    Test worker] sContextBeforeModesTestExecutionListener : Before test method: class [CategoryServiceTest], method [testRemoveCategory_ExistingCategory_ShouldSucceed], class annotated with @DirtiesContext [false] with mode [null], method annotated with @DirtiesContext [false] with mode [null]
2025-06-01T00:21:09.349+02:00 DEBUG 8036 --- [expensetracker-test] [    Test worker] t.c.t.TransactionalTestExecutionListener : Explicit transaction definition [PROPAGATION_REQUIRED,ISOLATION_DEFAULT] found for test class [be.kdg.expensetracker.service.CategoryServiceTest] and test method [testRemoveCategory_ExistingCategory_ShouldSucceed]
2025-06-01T00:21:09.349+02:00 DEBUG 8036 --- [expensetracker-test] [    Test worker] org.springframework.test.context.cache   : Spring test ApplicationContext cache statistics: [DefaultContextCache@2e2b1310 size = 3, maxSize = 32, parentContextCount = 0, hitCount = 881, missCount = 3, failureCount = 0]
2025-06-01T00:21:09.349+02:00 DEBUG 8036 --- [expensetracker-test] [    Test worker] t.c.t.TransactionalTestExecutionListener : No method-level @Rollback override: using default rollback [true] for test method [void be.kdg.expensetracker.service.CategoryServiceTest.testRemoveCategory_ExistingCategory_ShouldSucceed()]
2025-06-01T00:21:09.349+02:00 DEBUG 8036 --- [expensetracker-test] [    Test worker] o.s.t.c.transaction.TransactionContext   : Began transaction (1) for test class [be.kdg.expensetracker.service.CategoryServiceTest]; test method [testRemoveCategory_ExistingCategory_ShouldSucceed]; transaction manager [org.springframework.orm.jpa.JpaTransactionManager@38dde7ec]; rollback [true]
2025-06-01T00:21:09.349+02:00 DEBUG 8036 --- [expensetracker-test] [    Test worker] org.springframework.test.context.cache   : Spring test ApplicationContext cache statistics: [DefaultContextCache@2e2b1310 size = 3, maxSize = 32, parentContextCount = 0, hitCount = 882, missCount = 3, failureCount = 0]
2025-06-01T00:21:09.349+02:00 DEBUG 8036 --- [expensetracker-test] [    Test worker] org.springframework.test.context.cache   : Spring test ApplicationContext cache statistics: [DefaultContextCache@2e2b1310 size = 3, maxSize = 32, parentContextCount = 0, hitCount = 883, missCount = 3, failureCount = 0]
2025-06-01T00:21:09.514+02:00 DEBUG 8036 --- [expensetracker-test] [    Test worker] org.springframework.test.context.cache   : Spring test ApplicationContext cache statistics: [DefaultContextCache@2e2b1310 size = 3, maxSize = 32, parentContextCount = 0, hitCount = 884, missCount = 3, failureCount = 0]
2025-06-01T00:21:09.518+02:00 DEBUG 8036 --- [expensetracker-test] [    Test worker] org.springframework.test.context.cache   : Spring test ApplicationContext cache statistics: [DefaultContextCache@2e2b1310 size = 3, maxSize = 32, parentContextCount = 0, hitCount = 885, missCount = 3, failureCount = 0]
2025-06-01T00:21:09.518+02:00 DEBUG 8036 --- [expensetracker-test] [    Test worker] org.springframework.test.context.cache   : Spring test ApplicationContext cache statistics: [DefaultContextCache@2e2b1310 size = 3, maxSize = 32, parentContextCount = 0, hitCount = 886, missCount = 3, failureCount = 0]
2025-06-01T00:21:09.518+02:00 DEBUG 8036 --- [expensetracker-test] [    Test worker] org.springframework.test.context.cache   : Spring test ApplicationContext cache statistics: [DefaultContextCache@2e2b1310 size = 3, maxSize = 32, parentContextCount = 0, hitCount = 887, missCount = 3, failureCount = 0]
2025-06-01T00:21:09.518+02:00 DEBUG 8036 --- [expensetracker-test] [    Test worker] org.springframework.test.context.cache   : Spring test ApplicationContext cache statistics: [DefaultContextCache@2e2b1310 size = 3, maxSize = 32, parentContextCount = 0, hitCount = 888, missCount = 3, failureCount = 0]
2025-06-01T00:21:09.518+02:00 DEBUG 8036 --- [expensetracker-test] [    Test worker] org.springframework.test.context.cache   : Spring test ApplicationContext cache statistics: [DefaultContextCache@2e2b1310 size = 3, maxSize = 32, parentContextCount = 0, hitCount = 889, missCount = 3, failureCount = 0]
2025-06-01T00:21:09.519+02:00 DEBUG 8036 --- [expensetracker-test] [    Test worker] org.springframework.test.context.cache   : Spring test ApplicationContext cache statistics: [DefaultContextCache@2e2b1310 size = 3, maxSize = 32, parentContextCount = 0, hitCount = 890, missCount = 3, failureCount = 0]
2025-06-01T00:21:09.519+02:00 DEBUG 8036 --- [expensetracker-test] [    Test worker] org.springframework.test.context.cache   : Spring test ApplicationContext cache statistics: [DefaultContextCache@2e2b1310 size = 3, maxSize = 32, parentContextCount = 0, hitCount = 891, missCount = 3, failureCount = 0]
2025-06-01T00:21:09.519+02:00 DEBUG 8036 --- [expensetracker-test] [    Test worker] o.s.t.c.transaction.TransactionContext   : Rolled back transaction (1) for test class [be.kdg.expensetracker.service.CategoryServiceTest]; test method [testRemoveCategory_ExistingCategory_ShouldSucceed]
2025-06-01T00:21:09.519+02:00 DEBUG 8036 --- [expensetracker-test] [    Test worker] .c.s.DirtiesContextTestExecutionListener : After test method: class [CategoryServiceTest], method [testRemoveCategory_ExistingCategory_ShouldSucceed], class annotated with @DirtiesContext [false] with mode [null], method annotated with @DirtiesContext [false] with mode [null]
2025-06-01T00:21:09.519+02:00 DEBUG 8036 --- [expensetracker-test] [    Test worker] o.s.t.c.w.ServletTestExecutionListener   : Resetting RequestContextHolder for test class be.kdg.expensetracker.service.CategoryServiceTest
2025-06-01T00:21:09.519+02:00 DEBUG 8036 --- [expensetracker-test] [    Test worker] org.springframework.test.context.cache   : Spring test ApplicationContext cache statistics: [DefaultContextCache@2e2b1310 size = 3, maxSize = 32, parentContextCount = 0, hitCount = 892, missCount = 3, failureCount = 0]
2025-06-01T00:21:09.519+02:00 DEBUG 8036 --- [expensetracker-test] [    Test worker] o.s.t.c.w.ServletTestExecutionListener   : Setting up MockHttpServletRequest, MockHttpServletResponse, ServletWebRequest, and RequestContextHolder for test class be.kdg.expensetracker.service.CategoryServiceTest
2025-06-01T00:21:09.519+02:00 DEBUG 8036 --- [expensetracker-test] [    Test worker] DependencyInjectionTestExecutionListener : Performing dependency injection for test class be.kdg.expensetracker.service.CategoryServiceTest
2025-06-01T00:21:09.519+02:00 DEBUG 8036 --- [expensetracker-test] [    Test worker] org.springframework.test.context.cache   : Spring test ApplicationContext cache statistics: [DefaultContextCache@2e2b1310 size = 3, maxSize = 32, parentContextCount = 0, hitCount = 893, missCount = 3, failureCount = 0]
2025-06-01T00:21:09.520+02:00 DEBUG 8036 --- [expensetracker-test] [    Test worker] org.springframework.test.context.cache   : Spring test ApplicationContext cache statistics: [DefaultContextCache@2e2b1310 size = 3, maxSize = 32, parentContextCount = 0, hitCount = 894, missCount = 3, failureCount = 0]
2025-06-01T00:21:09.520+02:00 DEBUG 8036 --- [expensetracker-test] [    Test worker] sContextBeforeModesTestExecutionListener : Before test method: class [CategoryServiceTest], method [testAddCategory_WithEmptyName_ShouldSucceedButMayNeedValidation], class annotated with @DirtiesContext [false] with mode [null], method annotated with @DirtiesContext [false] with mode [null]
2025-06-01T00:21:09.520+02:00 DEBUG 8036 --- [expensetracker-test] [    Test worker] t.c.t.TransactionalTestExecutionListener : Explicit transaction definition [PROPAGATION_REQUIRED,ISOLATION_DEFAULT] found for test class [be.kdg.expensetracker.service.CategoryServiceTest] and test method [testAddCategory_WithEmptyName_ShouldSucceedButMayNeedValidation]
2025-06-01T00:21:09.520+02:00 DEBUG 8036 --- [expensetracker-test] [    Test worker] org.springframework.test.context.cache   : Spring test ApplicationContext cache statistics: [DefaultContextCache@2e2b1310 size = 3, maxSize = 32, parentContextCount = 0, hitCount = 895, missCount = 3, failureCount = 0]
2025-06-01T00:21:09.520+02:00 DEBUG 8036 --- [expensetracker-test] [    Test worker] t.c.t.TransactionalTestExecutionListener : No method-level @Rollback override: using default rollback [true] for test method [void be.kdg.expensetracker.service.CategoryServiceTest.testAddCategory_WithEmptyName_ShouldSucceedButMayNeedValidation()]
2025-06-01T00:21:09.520+02:00 DEBUG 8036 --- [expensetracker-test] [    Test worker] o.s.t.c.transaction.TransactionContext   : Began transaction (1) for test class [be.kdg.expensetracker.service.CategoryServiceTest]; test method [testAddCategory_WithEmptyName_ShouldSucceedButMayNeedValidation]; transaction manager [org.springframework.orm.jpa.JpaTransactionManager@38dde7ec]; rollback [true]
2025-06-01T00:21:09.520+02:00 DEBUG 8036 --- [expensetracker-test] [    Test worker] org.springframework.test.context.cache   : Spring test ApplicationContext cache statistics: [DefaultContextCache@2e2b1310 size = 3, maxSize = 32, parentContextCount = 0, hitCount = 896, missCount = 3, failureCount = 0]
2025-06-01T00:21:09.521+02:00 DEBUG 8036 --- [expensetracker-test] [    Test worker] org.springframework.test.context.cache   : Spring test ApplicationContext cache statistics: [DefaultContextCache@2e2b1310 size = 3, maxSize = 32, parentContextCount = 0, hitCount = 897, missCount = 3, failureCount = 0]
2025-06-01T00:21:09.687+02:00 DEBUG 8036 --- [expensetracker-test] [    Test worker] org.springframework.test.context.cache   : Spring test ApplicationContext cache statistics: [DefaultContextCache@2e2b1310 size = 3, maxSize = 32, parentContextCount = 0, hitCount = 898, missCount = 3, failureCount = 0]
2025-06-01T00:21:09.688+02:00 DEBUG 8036 --- [expensetracker-test] [    Test worker] org.springframework.test.context.cache   : Spring test ApplicationContext cache statistics: [DefaultContextCache@2e2b1310 size = 3, maxSize = 32, parentContextCount = 0, hitCount = 899, missCount = 3, failureCount = 0]
2025-06-01T00:21:09.689+02:00 DEBUG 8036 --- [expensetracker-test] [    Test worker] org.springframework.test.context.cache   : Spring test ApplicationContext cache statistics: [DefaultContextCache@2e2b1310 size = 3, maxSize = 32, parentContextCount = 0, hitCount = 900, missCount = 3, failureCount = 0]
2025-06-01T00:21:09.689+02:00 DEBUG 8036 --- [expensetracker-test] [    Test worker] org.springframework.test.context.cache   : Spring test ApplicationContext cache statistics: [DefaultContextCache@2e2b1310 size = 3, maxSize = 32, parentContextCount = 0, hitCount = 901, missCount = 3, failureCount = 0]
2025-06-01T00:21:09.689+02:00 DEBUG 8036 --- [expensetracker-test] [    Test worker] org.springframework.test.context.cache   : Spring test ApplicationContext cache statistics: [DefaultContextCache@2e2b1310 size = 3, maxSize = 32, parentContextCount = 0, hitCount = 902, missCount = 3, failureCount = 0]
2025-06-01T00:21:09.689+02:00 DEBUG 8036 --- [expensetracker-test] [    Test worker] org.springframework.test.context.cache   : Spring test ApplicationContext cache statistics: [DefaultContextCache@2e2b1310 size = 3, maxSize = 32, parentContextCount = 0, hitCount = 903, missCount = 3, failureCount = 0]
2025-06-01T00:21:09.689+02:00 DEBUG 8036 --- [expensetracker-test] [    Test worker] org.springframework.test.context.cache   : Spring test ApplicationContext cache statistics: [DefaultContextCache@2e2b1310 size = 3, maxSize = 32, parentContextCount = 0, hitCount = 904, missCount = 3, failureCount = 0]
2025-06-01T00:21:09.689+02:00 DEBUG 8036 --- [expensetracker-test] [    Test worker] org.springframework.test.context.cache   : Spring test ApplicationContext cache statistics: [DefaultContextCache@2e2b1310 size = 3, maxSize = 32, parentContextCount = 0, hitCount = 905, missCount = 3, failureCount = 0]
2025-06-01T00:21:09.689+02:00 DEBUG 8036 --- [expensetracker-test] [    Test worker] o.s.t.c.transaction.TransactionContext   : Rolled back transaction (1) for test class [be.kdg.expensetracker.service.CategoryServiceTest]; test method [testAddCategory_WithEmptyName_ShouldSucceedButMayNeedValidation]
2025-06-01T00:21:09.690+02:00 DEBUG 8036 --- [expensetracker-test] [    Test worker] .c.s.DirtiesContextTestExecutionListener : After test method: class [CategoryServiceTest], method [testAddCategory_WithEmptyName_ShouldSucceedButMayNeedValidation], class annotated with @DirtiesContext [false] with mode [null], method annotated with @DirtiesContext [false] with mode [null]
2025-06-01T00:21:09.690+02:00 DEBUG 8036 --- [expensetracker-test] [    Test worker] o.s.t.c.w.ServletTestExecutionListener   : Resetting RequestContextHolder for test class be.kdg.expensetracker.service.CategoryServiceTest
2025-06-01T00:21:09.690+02:00 DEBUG 8036 --- [expensetracker-test] [    Test worker] org.springframework.test.context.cache   : Spring test ApplicationContext cache statistics: [DefaultContextCache@2e2b1310 size = 3, maxSize = 32, parentContextCount = 0, hitCount = 906, missCount = 3, failureCount = 0]
2025-06-01T00:21:09.690+02:00 DEBUG 8036 --- [expensetracker-test] [    Test worker] o.s.t.c.w.ServletTestExecutionListener   : Setting up MockHttpServletRequest, MockHttpServletResponse, ServletWebRequest, and RequestContextHolder for test class be.kdg.expensetracker.service.CategoryServiceTest
2025-06-01T00:21:09.690+02:00 DEBUG 8036 --- [expensetracker-test] [    Test worker] DependencyInjectionTestExecutionListener : Performing dependency injection for test class be.kdg.expensetracker.service.CategoryServiceTest
2025-06-01T00:21:09.690+02:00 DEBUG 8036 --- [expensetracker-test] [    Test worker] org.springframework.test.context.cache   : Spring test ApplicationContext cache statistics: [DefaultContextCache@2e2b1310 size = 3, maxSize = 32, parentContextCount = 0, hitCount = 907, missCount = 3, failureCount = 0]
2025-06-01T00:21:09.690+02:00 DEBUG 8036 --- [expensetracker-test] [    Test worker] org.springframework.test.context.cache   : Spring test ApplicationContext cache statistics: [DefaultContextCache@2e2b1310 size = 3, maxSize = 32, parentContextCount = 0, hitCount = 908, missCount = 3, failureCount = 0]
2025-06-01T00:21:09.690+02:00 DEBUG 8036 --- [expensetracker-test] [    Test worker] sContextBeforeModesTestExecutionListener : Before test method: class [CategoryServiceTest], method [testGetAllCategories_ShouldReturnAllCategories], class annotated with @DirtiesContext [false] with mode [null], method annotated with @DirtiesContext [false] with mode [null]
2025-06-01T00:21:09.690+02:00 DEBUG 8036 --- [expensetracker-test] [    Test worker] t.c.t.TransactionalTestExecutionListener : Explicit transaction definition [PROPAGATION_REQUIRED,ISOLATION_DEFAULT] found for test class [be.kdg.expensetracker.service.CategoryServiceTest] and test method [testGetAllCategories_ShouldReturnAllCategories]
2025-06-01T00:21:09.690+02:00 DEBUG 8036 --- [expensetracker-test] [    Test worker] org.springframework.test.context.cache   : Spring test ApplicationContext cache statistics: [DefaultContextCache@2e2b1310 size = 3, maxSize = 32, parentContextCount = 0, hitCount = 909, missCount = 3, failureCount = 0]
2025-06-01T00:21:09.690+02:00 DEBUG 8036 --- [expensetracker-test] [    Test worker] t.c.t.TransactionalTestExecutionListener : No method-level @Rollback override: using default rollback [true] for test method [void be.kdg.expensetracker.service.CategoryServiceTest.testGetAllCategories_ShouldReturnAllCategories()]
2025-06-01T00:21:09.691+02:00 DEBUG 8036 --- [expensetracker-test] [    Test worker] o.s.t.c.transaction.TransactionContext   : Began transaction (1) for test class [be.kdg.expensetracker.service.CategoryServiceTest]; test method [testGetAllCategories_ShouldReturnAllCategories]; transaction manager [org.springframework.orm.jpa.JpaTransactionManager@38dde7ec]; rollback [true]
2025-06-01T00:21:09.691+02:00 DEBUG 8036 --- [expensetracker-test] [    Test worker] org.springframework.test.context.cache   : Spring test ApplicationContext cache statistics: [DefaultContextCache@2e2b1310 size = 3, maxSize = 32, parentContextCount = 0, hitCount = 910, missCount = 3, failureCount = 0]
2025-06-01T00:21:09.691+02:00 DEBUG 8036 --- [expensetracker-test] [    Test worker] org.springframework.test.context.cache   : Spring test ApplicationContext cache statistics: [DefaultContextCache@2e2b1310 size = 3, maxSize = 32, parentContextCount = 0, hitCount = 911, missCount = 3, failureCount = 0]
2025-06-01T00:21:09.856+02:00 DEBUG 8036 --- [expensetracker-test] [    Test worker] org.springframework.test.context.cache   : Spring test ApplicationContext cache statistics: [DefaultContextCache@2e2b1310 size = 3, maxSize = 32, parentContextCount = 0, hitCount = 912, missCount = 3, failureCount = 0]
2025-06-01T00:21:09.859+02:00 DEBUG 8036 --- [expensetracker-test] [    Test worker] org.springframework.test.context.cache   : Spring test ApplicationContext cache statistics: [DefaultContextCache@2e2b1310 size = 3, maxSize = 32, parentContextCount = 0, hitCount = 913, missCount = 3, failureCount = 0]
2025-06-01T00:21:09.859+02:00 DEBUG 8036 --- [expensetracker-test] [    Test worker] org.springframework.test.context.cache   : Spring test ApplicationContext cache statistics: [DefaultContextCache@2e2b1310 size = 3, maxSize = 32, parentContextCount = 0, hitCount = 914, missCount = 3, failureCount = 0]
2025-06-01T00:21:09.859+02:00 DEBUG 8036 --- [expensetracker-test] [    Test worker] org.springframework.test.context.cache   : Spring test ApplicationContext cache statistics: [DefaultContextCache@2e2b1310 size = 3, maxSize = 32, parentContextCount = 0, hitCount = 915, missCount = 3, failureCount = 0]
2025-06-01T00:21:09.859+02:00 DEBUG 8036 --- [expensetracker-test] [    Test worker] org.springframework.test.context.cache   : Spring test ApplicationContext cache statistics: [DefaultContextCache@2e2b1310 size = 3, maxSize = 32, parentContextCount = 0, hitCount = 916, missCount = 3, failureCount = 0]
2025-06-01T00:21:09.859+02:00 DEBUG 8036 --- [expensetracker-test] [    Test worker] org.springframework.test.context.cache   : Spring test ApplicationContext cache statistics: [DefaultContextCache@2e2b1310 size = 3, maxSize = 32, parentContextCount = 0, hitCount = 917, missCount = 3, failureCount = 0]
2025-06-01T00:21:09.860+02:00 DEBUG 8036 --- [expensetracker-test] [    Test worker] org.springframework.test.context.cache   : Spring test ApplicationContext cache statistics: [DefaultContextCache@2e2b1310 size = 3, maxSize = 32, parentContextCount = 0, hitCount = 918, missCount = 3, failureCount = 0]
2025-06-01T00:21:09.861+02:00 DEBUG 8036 --- [expensetracker-test] [    Test worker] org.springframework.test.context.cache   : Spring test ApplicationContext cache statistics: [DefaultContextCache@2e2b1310 size = 3, maxSize = 32, parentContextCount = 0, hitCount = 919, missCount = 3, failureCount = 0]
2025-06-01T00:21:09.861+02:00 DEBUG 8036 --- [expensetracker-test] [    Test worker] o.s.t.c.transaction.TransactionContext   : Rolled back transaction (1) for test class [be.kdg.expensetracker.service.CategoryServiceTest]; test method [testGetAllCategories_ShouldReturnAllCategories]
2025-06-01T00:21:09.862+02:00 DEBUG 8036 --- [expensetracker-test] [    Test worker] .c.s.DirtiesContextTestExecutionListener : After test method: class [CategoryServiceTest], method [testGetAllCategories_ShouldReturnAllCategories], class annotated with @DirtiesContext [false] with mode [null], method annotated with @DirtiesContext [false] with mode [null]
2025-06-01T00:21:09.862+02:00 DEBUG 8036 --- [expensetracker-test] [    Test worker] o.s.t.c.w.ServletTestExecutionListener   : Resetting RequestContextHolder for test class be.kdg.expensetracker.service.CategoryServiceTest
2025-06-01T00:21:09.862+02:00 DEBUG 8036 --- [expensetracker-test] [    Test worker] org.springframework.test.context.cache   : Spring test ApplicationContext cache statistics: [DefaultContextCache@2e2b1310 size = 3, maxSize = 32, parentContextCount = 0, hitCount = 920, missCount = 3, failureCount = 0]
2025-06-01T00:21:09.862+02:00 DEBUG 8036 --- [expensetracker-test] [    Test worker] .c.s.DirtiesContextTestExecutionListener : After test class: class [CategoryServiceTest], class annotated with @DirtiesContext [false] with mode [null]
]]></system-out>
  <system-err><![CDATA[]]></system-err>
</testsuite>
