<?xml version="1.0" encoding="UTF-8"?>
<testsuite name="be.kdg.expensetracker.controller.AdminControllerIntegrationTest" tests="4" skipped="0" failures="0" errors="0" timestamp="2025-05-31T07:18:47" hostname="WIN-8VD49MJ8CQH" time="1.326">
  <properties/>
  <testcase name="adminDashboard_WithoutAuthentication_ShouldRedirectToLogin()" classname="be.kdg.expensetracker.controller.AdminControllerIntegrationTest" time="0.377"/>
  <testcase name="adminDashboard_AsManager_ShouldReturn403()" classname="be.kdg.expensetracker.controller.AdminControllerIntegrationTest" time="0.202"/>
  <testcase name="adminDashboard_AsAdmin_ShouldShowDashboard()" classname="be.kdg.expensetracker.controller.AdminControllerIntegrationTest" time="0.551"/>
  <testcase name="adminDashboard_AsRegularUser_ShouldReturn403()" classname="be.kdg.expensetracker.controller.AdminControllerIntegrationTest" time="0.193"/>
  <system-out><![CDATA[2025-05-31T09:18:47.028+02:00  INFO 28516 --- [expensetracker-test] [    Test worker] t.c.s.AnnotationConfigContextLoaderUtils : Could not detect default configuration classes for test class [be.kdg.expensetracker.controller.AdminControllerIntegrationTest]: AdminControllerIntegrationTest does not declare any static, non-private, non-final, nested classes annotated with @Configuration.
2025-05-31T09:18:47.047+02:00  INFO 28516 --- [expensetracker-test] [    Test worker] .b.t.c.SpringBootTestContextBootstrapper : Found @SpringBootConfiguration be.kdg.expensetracker.ExpenseTrackerApplication for test class be.kdg.expensetracker.controller.AdminControllerIntegrationTest

  .   ____          _            __ _ _
 /\\ / ___'_ __ _ _(_)_ __  __ _ \ \ \ \
( ( )\___ | '_ | '_| | '_ \/ _` | \ \ \ \
 \\/  ___)| |_)| | | | | || (_| |  ) ) ) )
  '  |____| .__|_| |_|_| |_\__, | / / / /
 =========|_|==============|___/=/_/_/_/
 :: Spring Boot ::                (v3.2.3)

2025-05-31T09:18:47.072+02:00  INFO 28516 --- [expensetracker-test] [    Test worker] b.k.e.c.AdminControllerIntegrationTest   : Starting AdminControllerIntegrationTest using Java 21.0.4 with PID 28516 (started by user in C:\Users\user\Desktop\spring-backend)
2025-05-31T09:18:47.072+02:00  INFO 28516 --- [expensetracker-test] [    Test worker] b.k.e.c.AdminControllerIntegrationTest   : The following 1 profile is active: "test"
2025-05-31T09:18:47.233+02:00  INFO 28516 --- [expensetracker-test] [    Test worker] .s.d.r.c.RepositoryConfigurationDelegate : Bootstrapping Spring Data JPA repositories in DEFAULT mode.
2025-05-31T09:18:47.248+02:00  INFO 28516 --- [expensetracker-test] [    Test worker] .s.d.r.c.RepositoryConfigurationDelegate : Finished Spring Data repository scanning in 14 ms. Found 4 JPA repository interfaces.
2025-05-31T09:18:47.325+02:00  INFO 28516 --- [expensetracker-test] [    Test worker] o.hibernate.jpa.internal.util.LogHelper  : HHH000204: Processing PersistenceUnitInfo [name: default]
2025-05-31T09:18:47.328+02:00  INFO 28516 --- [expensetracker-test] [    Test worker] o.h.c.internal.RegionFactoryInitiator    : HHH000026: Second-level cache disabled
2025-05-31T09:18:47.339+02:00  INFO 28516 --- [expensetracker-test] [    Test worker] o.s.o.j.p.SpringPersistenceUnitInfo      : No LoadTimeWeaver setup: ignoring JPA class transformer
2025-05-31T09:18:47.340+02:00  INFO 28516 --- [expensetracker-test] [    Test worker] com.zaxxer.hikari.HikariDataSource       : HikariPool-2 - Starting...
2025-05-31T09:18:47.342+02:00  INFO 28516 --- [expensetracker-test] [    Test worker] com.zaxxer.hikari.pool.HikariPool        : HikariPool-2 - Added connection conn10: url=jdbc:h2:mem:testdb user=SA
2025-05-31T09:18:47.342+02:00  INFO 28516 --- [expensetracker-test] [    Test worker] com.zaxxer.hikari.HikariDataSource       : HikariPool-2 - Start completed.
2025-05-31T09:18:47.343+02:00  WARN 28516 --- [expensetracker-test] [    Test worker] org.hibernate.orm.deprecation            : HHH90000025: H2Dialect does not need to be specified explicitly using 'hibernate.dialect' (remove the property setting and it will be selected by default)
2025-05-31T09:18:47.429+02:00  INFO 28516 --- [expensetracker-test] [    Test worker] o.h.e.t.j.p.i.JtaPlatformInitiator       : HHH000489: No JTA platform available (set 'hibernate.transaction.jta.platform' to enable JTA platform integration)
2025-05-31T09:18:47.441+02:00  INFO 28516 --- [expensetracker-test] [    Test worker] j.LocalContainerEntityManagerFactoryBean : Initialized JPA EntityManagerFactory for persistence unit 'default'
2025-05-31T09:18:47.540+02:00  INFO 28516 --- [expensetracker-test] [    Test worker] o.s.b.a.w.s.WelcomePageHandlerMapping    : Adding welcome page template: index
2025-05-31T09:18:47.677+02:00  INFO 28516 --- [expensetracker-test] [    Test worker] o.s.b.a.h2.H2ConsoleAutoConfiguration    : H2 console available at '/h2-console'. Database available at 'jdbc:h2:mem:testdb'
2025-05-31T09:18:47.721+02:00  INFO 28516 --- [expensetracker-test] [    Test worker] o.s.b.t.m.w.SpringBootMockServletContext : Initializing Spring TestDispatcherServlet ''
2025-05-31T09:18:47.722+02:00  INFO 28516 --- [expensetracker-test] [    Test worker] o.s.t.web.servlet.TestDispatcherServlet  : Initializing Servlet ''
2025-05-31T09:18:47.723+02:00  INFO 28516 --- [expensetracker-test] [    Test worker] o.s.t.web.servlet.TestDispatcherServlet  : Completed initialization in 1 ms
2025-05-31T09:18:47.729+02:00  INFO 28516 --- [expensetracker-test] [    Test worker] b.k.e.c.AdminControllerIntegrationTest   : Started AdminControllerIntegrationTest in 0.679 seconds (process running for 7.62)
2025-05-31T09:18:48.762+02:00  WARN 28516 --- [expensetracker-test] [    Test worker] actStandardFragmentInsertionTagProcessor : [THYMELEAF][Test worker][admin/dashboard] Deprecated unwrapped fragment expression "fragments/layout :: header('admin')" found in template admin/dashboard, line 10, col 10. Please use the complete syntax of fragment expressions instead ("~{fragments/layout :: header('admin')}"). The old, unwrapped syntax for fragment expressions will be removed in future versions of Thymeleaf.
2025-05-31T09:18:48.844+02:00  WARN 28516 --- [expensetracker-test] [    Test worker] actStandardFragmentInsertionTagProcessor : [THYMELEAF][Test worker][admin/dashboard] Deprecated unwrapped fragment expression "fragments/layout :: footer" found in template admin/dashboard, line 76, col 10. Please use the complete syntax of fragment expressions instead ("~{fragments/layout :: footer}"). The old, unwrapped syntax for fragment expressions will be removed in future versions of Thymeleaf.
]]></system-out>
  <system-err><![CDATA[]]></system-err>
</testsuite>
