<?xml version="1.0" encoding="UTF-8"?>
<testsuite name="be.kdg.expensetracker.repository.ExpenseRepositoryTest" tests="6" skipped="0" failures="0" errors="0" timestamp="2025-05-30T08:18:59" hostname="WIN-8VD49MJ8CQH" time="1.042">
  <properties/>
  <testcase name="testExpenseAmountScale_ShouldAcceptTwoDecimalPlaces()" classname="be.kdg.expensetracker.repository.ExpenseRepositoryTest" time="0.171"/>
  <testcase name="testFindExpenseWithCategories_ShouldEagerlyLoadCategories()" classname="be.kdg.expensetracker.repository.ExpenseRepositoryTest" time="0.173"/>
  <testcase name="testExpenseDescriptionNotNull_ShouldThrowException()" classname="be.kdg.expensetracker.repository.ExpenseRepositoryTest" time="0.171"/>
  <testcase name="testCalculateTotalAmountByUser_ShouldReturnCorrectSum()" classname="be.kdg.expensetracker.repository.ExpenseRepositoryTest" time="0.172"/>
  <testcase name="testDeleteExpense_ShouldCascadeDeleteExpenseCategories()" classname="be.kdg.expensetracker.repository.ExpenseRepositoryTest" time="0.18"/>
  <testcase name="testDeleteUser_ShouldNotDeleteExpenses_WhenUserHasExpenses()" classname="be.kdg.expensetracker.repository.ExpenseRepositoryTest" time="0.173"/>
  <system-out><![CDATA[2025-05-30T10:18:59.340+02:00  INFO 6732 --- [expensetracker-test] [    Test worker] t.c.s.AnnotationConfigContextLoaderUtils : Could not detect default configuration classes for test class [be.kdg.expensetracker.repository.ExpenseRepositoryTest]: ExpenseRepositoryTest does not declare any static, non-private, non-final, nested classes annotated with @Configuration.
2025-05-30T10:18:59.341+02:00  INFO 6732 --- [expensetracker-test] [    Test worker] .b.t.c.SpringBootTestContextBootstrapper : Found @SpringBootConfiguration be.kdg.expensetracker.ExpenseTrackerApplication for test class be.kdg.expensetracker.repository.ExpenseRepositoryTest
2025-05-30T10:18:59.857+02:00  WARN 6732 --- [expensetracker-test] [    Test worker] o.h.engine.jdbc.spi.SqlExceptionHelper   : SQL Error: 23502, SQLState: 23502
2025-05-30T10:18:59.857+02:00 ERROR 6732 --- [expensetracker-test] [    Test worker] o.h.engine.jdbc.spi.SqlExceptionHelper   : NULL not allowed for column "DESCRIPTION"; SQL statement:
insert into expenses (amount,date,description,user_id,id) values (?,?,?,?,default) [23502-224]
2025-05-30T10:19:00.383+02:00  WARN 6732 --- [expensetracker-test] [    Test worker] o.h.engine.jdbc.spi.SqlExceptionHelper   : SQL Error: 23503, SQLState: 23503
2025-05-30T10:19:00.383+02:00 ERROR 6732 --- [expensetracker-test] [    Test worker] o.h.engine.jdbc.spi.SqlExceptionHelper   : Referential integrity constraint violation: "FKHPK0N2CBNFIUU5NRGL0IKA3HQ: PUBLIC.EXPENSES FOREIGN KEY(USER_ID) REFERENCES PUBLIC.USERS(ID) (135)"; SQL statement:
delete from users where id=? [23503-224]
]]></system-out>
  <system-err><![CDATA[]]></system-err>
</testsuite>
