<?xml version="1.0" encoding="UTF-8"?>
<testsuite name="be.kdg.expensetracker.controller.ReportsControllerIntegrationTest" tests="4" skipped="0" failures="0" errors="0" timestamp="2025-05-31T07:18:55" hostname="WIN-8VD49MJ8CQH" time="0.841">
  <properties/>
  <testcase name="reportsPage_AsRegularUser_ShouldReturn403()" classname="be.kdg.expensetracker.controller.ReportsControllerIntegrationTest" time="0.204"/>
  <testcase name="reportsPage_WithoutAuthentication_ShouldRedirectToLogin()" classname="be.kdg.expensetracker.controller.ReportsControllerIntegrationTest" time="0.204"/>
  <testcase name="reportsPage_AsManager_ShouldShowReports()" classname="be.kdg.expensetracker.controller.ReportsControllerIntegrationTest" time="0.229"/>
  <testcase name="reportsPage_AsAdmin_ShouldShowReports()" classname="be.kdg.expensetracker.controller.ReportsControllerIntegrationTest" time="0.2"/>
  <system-out><![CDATA[2025-05-31T09:18:55.881+02:00  INFO 28516 --- [expensetracker-test] [    Test worker] t.c.s.AnnotationConfigContextLoaderUtils : Could not detect default configuration classes for test class [be.kdg.expensetracker.controller.ReportsControllerIntegrationTest]: ReportsControllerIntegrationTest does not declare any static, non-private, non-final, nested classes annotated with @Configuration.
2025-05-31T09:18:55.884+02:00  INFO 28516 --- [expensetracker-test] [    Test worker] .b.t.c.SpringBootTestContextBootstrapper : Found @SpringBootConfiguration be.kdg.expensetracker.ExpenseTrackerApplication for test class be.kdg.expensetracker.controller.ReportsControllerIntegrationTest
2025-05-31T09:18:56.506+02:00  WARN 28516 --- [expensetracker-test] [    Test worker] actStandardFragmentInsertionTagProcessor : [THYMELEAF][Test worker][reports/dashboard] Deprecated unwrapped fragment expression "fragments/layout :: header('reports')" found in template reports/dashboard, line 10, col 10. Please use the complete syntax of fragment expressions instead ("~{fragments/layout :: header('reports')}"). The old, unwrapped syntax for fragment expressions will be removed in future versions of Thymeleaf.
2025-05-31T09:18:56.522+02:00  WARN 28516 --- [expensetracker-test] [    Test worker] actStandardFragmentInsertionTagProcessor : [THYMELEAF][Test worker][reports/dashboard] Deprecated unwrapped fragment expression "fragments/layout :: footer" found in template reports/dashboard, line 65, col 10. Please use the complete syntax of fragment expressions instead ("~{fragments/layout :: footer}"). The old, unwrapped syntax for fragment expressions will be removed in future versions of Thymeleaf.
2025-05-31T09:18:56.719+02:00  WARN 28516 --- [expensetracker-test] [    Test worker] actStandardFragmentInsertionTagProcessor : [THYMELEAF][Test worker][reports/dashboard] Deprecated unwrapped fragment expression "fragments/layout :: header('reports')" found in template reports/dashboard, line 10, col 10. Please use the complete syntax of fragment expressions instead ("~{fragments/layout :: header('reports')}"). The old, unwrapped syntax for fragment expressions will be removed in future versions of Thymeleaf.
2025-05-31T09:18:56.724+02:00  WARN 28516 --- [expensetracker-test] [    Test worker] actStandardFragmentInsertionTagProcessor : [THYMELEAF][Test worker][reports/dashboard] Deprecated unwrapped fragment expression "fragments/layout :: footer" found in template reports/dashboard, line 65, col 10. Please use the complete syntax of fragment expressions instead ("~{fragments/layout :: footer}"). The old, unwrapped syntax for fragment expressions will be removed in future versions of Thymeleaf.
]]></system-out>
  <system-err><![CDATA[]]></system-err>
</testsuite>
