<?xml version="1.0" encoding="UTF-8"?>
<testsuite name="be.kdg.expensetracker.controller.AuthControllerIntegrationTest" tests="5" skipped="0" failures="0" errors="0" timestamp="2025-05-31T22:20:58" hostname="WIN-8VD49MJ8CQH" time="1.065">
  <properties/>
  <testcase name="registerPage_ShouldBeAccessible()" classname="be.kdg.expensetracker.controller.AuthControllerIntegrationTest" time="0.193"/>
  <testcase name="registerUser_DuplicateEmail_ShouldShowError()" classname="be.kdg.expensetracker.controller.AuthControllerIntegrationTest" time="0.203"/>
  <testcase name="registerUser_MissingCSRF_ShouldReturn403()" classname="be.kdg.expensetracker.controller.AuthControllerIntegrationTest" time="0.178"/>
  <testcase name="registerUser_ValidData_ShouldCreateUser()" classname="be.kdg.expensetracker.controller.AuthControllerIntegrationTest" time="0.302"/>
  <testcase name="loginPage_ShouldBeAccessible()" classname="be.kdg.expensetracker.controller.AuthControllerIntegrationTest" time="0.185"/>
  <system-out><![CDATA[2025-06-01T00:20:58.953+02:00 DEBUG 8036 --- [expensetracker-test] [    Test worker] .b.t.c.SpringBootTestContextBootstrapper : Neither @ContextConfiguration nor @ContextHierarchy found for test class [AuthControllerIntegrationTest]: using SpringBootContextLoader
2025-06-01T00:20:58.953+02:00 DEBUG 8036 --- [expensetracker-test] [    Test worker] o.s.t.c.support.AbstractContextLoader    : Could not detect default resource locations for test class [be.kdg.expensetracker.controller.AuthControllerIntegrationTest]: no resource found for suffixes {-context.xml, Context.groovy}.
2025-06-01T00:20:58.953+02:00  INFO 8036 --- [expensetracker-test] [    Test worker] t.c.s.AnnotationConfigContextLoaderUtils : Could not detect default configuration classes for test class [be.kdg.expensetracker.controller.AuthControllerIntegrationTest]: AuthControllerIntegrationTest does not declare any static, non-private, non-final, nested classes annotated with @Configuration.
2025-06-01T00:20:58.953+02:00 DEBUG 8036 --- [expensetracker-test] [    Test worker] .b.t.c.SpringBootTestContextBootstrapper : Using ContextCustomizerFactory implementations for test class [AuthControllerIntegrationTest]: [OverrideAutoConfigurationContextCustomizerFactory, ObservabilityContextCustomizerFactory, TypeExcludeFiltersContextCustomizerFactory, PropertyMappingContextCustomizerFactory, WebDriverContextCustomizerFactory, ImportsContextCustomizerFactory, ExcludeFilterContextCustomizerFactory, HttpGraphQlTesterContextCustomizerFactory, DuplicateJsonObjectContextCustomizerFactory, MockitoContextCustomizerFactory, TestRestTemplateContextCustomizerFactory, WebTestClientContextCustomizerFactory, MockServerContainerContextCustomizerFactory, DynamicPropertiesContextCustomizerFactory]
2025-06-01T00:20:58.955+02:00 DEBUG 8036 --- [expensetracker-test] [    Test worker] .b.t.c.SpringBootTestContextBootstrapper : Using ContextCustomizers for test class [AuthControllerIntegrationTest]: [DisableObservabilityContextCustomizer, PropertyMappingContextCustomizer, WebDriverContextCustomizer, ImportsContextCustomizer, ExcludeFilterContextCustomizer, DuplicateJsonObjectContextCustomizer, MockitoContextCustomizer, TestRestTemplateContextCustomizer]
2025-06-01T00:20:58.956+02:00  INFO 8036 --- [expensetracker-test] [    Test worker] .b.t.c.SpringBootTestContextBootstrapper : Found @SpringBootConfiguration be.kdg.expensetracker.ExpenseTrackerApplication for test class be.kdg.expensetracker.controller.AuthControllerIntegrationTest
2025-06-01T00:20:58.957+02:00 DEBUG 8036 --- [expensetracker-test] [    Test worker] .s.t.c.u.TestContextSpringFactoriesUtils : Skipping candidate TestExecutionListener [org.springframework.test.context.observation.MicrometerObservationRegistryTestExecutionListener] due to a missing dependency. Specify custom TestExecutionListener classes or make the default TestExecutionListener classes and their required dependencies available. Offending class: io.micrometer.context.ThreadLocalAccessor. MicrometerObservationRegistryTestExecutionListener requires io.micrometer:micrometer-observation:1.10.8 or higher and io.micrometer:context-propagation:1.0.3 or higher.
2025-06-01T00:20:58.957+02:00 DEBUG 8036 --- [expensetracker-test] [    Test worker] .b.t.c.SpringBootTestContextBootstrapper : Using TestExecutionListeners for test class [AuthControllerIntegrationTest]: [ServletTestExecutionListener, DirtiesContextBeforeModesTestExecutionListener, ApplicationEventsTestExecutionListener, MockitoTestExecutionListener, DependencyInjectionTestExecutionListener, DirtiesContextTestExecutionListener, TransactionalTestExecutionListener, SqlScriptsTestExecutionListener, WithSecurityContextTestExecutionListener, EventPublishingTestExecutionListener, ReactorContextTestExecutionListener, RestDocsTestExecutionListener, MockRestServiceServerResetTestExecutionListener, MockMvcPrintOnlyOnFailureTestExecutionListener, WebDriverTestExecutionListener, MockWebServiceServerTestExecutionListener, ResetMocksTestExecutionListener]
2025-06-01T00:20:58.957+02:00 DEBUG 8036 --- [expensetracker-test] [    Test worker] sContextBeforeModesTestExecutionListener : Before test class: class [AuthControllerIntegrationTest], class annotated with @DirtiesContext [false] with mode [null]
2025-06-01T00:20:58.957+02:00 DEBUG 8036 --- [expensetracker-test] [    Test worker] org.springframework.test.context.cache   : Spring test ApplicationContext cache statistics: [DefaultContextCache@2e2b1310 size = 2, maxSize = 32, parentContextCount = 0, hitCount = 76, missCount = 2, failureCount = 0]
2025-06-01T00:20:58.958+02:00 DEBUG 8036 --- [expensetracker-test] [    Test worker] org.springframework.test.context.cache   : Spring test ApplicationContext cache statistics: [DefaultContextCache@2e2b1310 size = 2, maxSize = 32, parentContextCount = 0, hitCount = 77, missCount = 2, failureCount = 0]
2025-06-01T00:20:58.958+02:00 DEBUG 8036 --- [expensetracker-test] [    Test worker] o.s.t.c.w.ServletTestExecutionListener   : Setting up MockHttpServletRequest, MockHttpServletResponse, ServletWebRequest, and RequestContextHolder for test class be.kdg.expensetracker.controller.AuthControllerIntegrationTest
2025-06-01T00:20:58.958+02:00 DEBUG 8036 --- [expensetracker-test] [    Test worker] DependencyInjectionTestExecutionListener : Performing dependency injection for test class be.kdg.expensetracker.controller.AuthControllerIntegrationTest
2025-06-01T00:20:58.958+02:00 DEBUG 8036 --- [expensetracker-test] [    Test worker] org.springframework.test.context.cache   : Spring test ApplicationContext cache statistics: [DefaultContextCache@2e2b1310 size = 2, maxSize = 32, parentContextCount = 0, hitCount = 78, missCount = 2, failureCount = 0]
2025-06-01T00:20:58.959+02:00 DEBUG 8036 --- [expensetracker-test] [    Test worker] org.springframework.test.context.cache   : Spring test ApplicationContext cache statistics: [DefaultContextCache@2e2b1310 size = 2, maxSize = 32, parentContextCount = 0, hitCount = 79, missCount = 2, failureCount = 0]
2025-06-01T00:20:58.959+02:00 DEBUG 8036 --- [expensetracker-test] [    Test worker] sContextBeforeModesTestExecutionListener : Before test method: class [AuthControllerIntegrationTest], method [registerPage_ShouldBeAccessible], class annotated with @DirtiesContext [false] with mode [null], method annotated with @DirtiesContext [false] with mode [null]
2025-06-01T00:20:58.959+02:00 DEBUG 8036 --- [expensetracker-test] [    Test worker] t.c.t.TransactionalTestExecutionListener : Explicit transaction definition [PROPAGATION_REQUIRED,ISOLATION_DEFAULT] found for test class [be.kdg.expensetracker.controller.AuthControllerIntegrationTest] and test method [registerPage_ShouldBeAccessible]
2025-06-01T00:20:58.959+02:00 DEBUG 8036 --- [expensetracker-test] [    Test worker] org.springframework.test.context.cache   : Spring test ApplicationContext cache statistics: [DefaultContextCache@2e2b1310 size = 2, maxSize = 32, parentContextCount = 0, hitCount = 80, missCount = 2, failureCount = 0]
2025-06-01T00:20:58.959+02:00 DEBUG 8036 --- [expensetracker-test] [    Test worker] t.c.t.TransactionalTestExecutionListener : No method-level @Rollback override: using default rollback [true] for test method [void be.kdg.expensetracker.controller.AuthControllerIntegrationTest.registerPage_ShouldBeAccessible() throws java.lang.Exception]
2025-06-01T00:20:58.959+02:00 DEBUG 8036 --- [expensetracker-test] [    Test worker] o.s.t.c.transaction.TransactionContext   : Began transaction (1) for test class [be.kdg.expensetracker.controller.AuthControllerIntegrationTest]; test method [registerPage_ShouldBeAccessible]; transaction manager [org.springframework.orm.jpa.JpaTransactionManager@3918a9f9]; rollback [true]
2025-06-01T00:20:58.959+02:00 DEBUG 8036 --- [expensetracker-test] [    Test worker] org.springframework.test.context.cache   : Spring test ApplicationContext cache statistics: [DefaultContextCache@2e2b1310 size = 2, maxSize = 32, parentContextCount = 0, hitCount = 81, missCount = 2, failureCount = 0]
2025-06-01T00:20:58.959+02:00 DEBUG 8036 --- [expensetracker-test] [    Test worker] org.springframework.test.context.cache   : Spring test ApplicationContext cache statistics: [DefaultContextCache@2e2b1310 size = 2, maxSize = 32, parentContextCount = 0, hitCount = 82, missCount = 2, failureCount = 0]
2025-06-01T00:20:59.131+02:00 DEBUG 8036 --- [expensetracker-test] [    Test worker] org.springframework.test.context.cache   : Spring test ApplicationContext cache statistics: [DefaultContextCache@2e2b1310 size = 2, maxSize = 32, parentContextCount = 0, hitCount = 83, missCount = 2, failureCount = 0]
2025-06-01T00:20:59.132+02:00 DEBUG 8036 --- [expensetracker-test] [    Test worker] o.s.t.web.servlet.TestDispatcherServlet  : GET "/register", parameters={}
2025-06-01T00:20:59.149+02:00 DEBUG 8036 --- [expensetracker-test] [    Test worker] o.s.t.web.servlet.TestDispatcherServlet  : Completed 200 OK
2025-06-01T00:20:59.150+02:00 DEBUG 8036 --- [expensetracker-test] [    Test worker] org.springframework.test.context.cache   : Spring test ApplicationContext cache statistics: [DefaultContextCache@2e2b1310 size = 2, maxSize = 32, parentContextCount = 0, hitCount = 84, missCount = 2, failureCount = 0]
2025-06-01T00:20:59.150+02:00 DEBUG 8036 --- [expensetracker-test] [    Test worker] org.springframework.test.context.cache   : Spring test ApplicationContext cache statistics: [DefaultContextCache@2e2b1310 size = 2, maxSize = 32, parentContextCount = 0, hitCount = 85, missCount = 2, failureCount = 0]
2025-06-01T00:20:59.150+02:00 DEBUG 8036 --- [expensetracker-test] [    Test worker] org.springframework.test.context.cache   : Spring test ApplicationContext cache statistics: [DefaultContextCache@2e2b1310 size = 2, maxSize = 32, parentContextCount = 0, hitCount = 86, missCount = 2, failureCount = 0]
2025-06-01T00:20:59.150+02:00 DEBUG 8036 --- [expensetracker-test] [    Test worker] org.springframework.test.context.cache   : Spring test ApplicationContext cache statistics: [DefaultContextCache@2e2b1310 size = 2, maxSize = 32, parentContextCount = 0, hitCount = 87, missCount = 2, failureCount = 0]
2025-06-01T00:20:59.150+02:00 DEBUG 8036 --- [expensetracker-test] [    Test worker] org.springframework.test.context.cache   : Spring test ApplicationContext cache statistics: [DefaultContextCache@2e2b1310 size = 2, maxSize = 32, parentContextCount = 0, hitCount = 88, missCount = 2, failureCount = 0]
2025-06-01T00:20:59.150+02:00 DEBUG 8036 --- [expensetracker-test] [    Test worker] org.springframework.test.context.cache   : Spring test ApplicationContext cache statistics: [DefaultContextCache@2e2b1310 size = 2, maxSize = 32, parentContextCount = 0, hitCount = 89, missCount = 2, failureCount = 0]
2025-06-01T00:20:59.150+02:00 DEBUG 8036 --- [expensetracker-test] [    Test worker] org.springframework.test.context.cache   : Spring test ApplicationContext cache statistics: [DefaultContextCache@2e2b1310 size = 2, maxSize = 32, parentContextCount = 0, hitCount = 90, missCount = 2, failureCount = 0]
2025-06-01T00:20:59.152+02:00 DEBUG 8036 --- [expensetracker-test] [    Test worker] o.s.t.c.transaction.TransactionContext   : Rolled back transaction (1) for test class [be.kdg.expensetracker.controller.AuthControllerIntegrationTest]; test method [registerPage_ShouldBeAccessible]
2025-06-01T00:20:59.152+02:00 DEBUG 8036 --- [expensetracker-test] [    Test worker] .c.s.DirtiesContextTestExecutionListener : After test method: class [AuthControllerIntegrationTest], method [registerPage_ShouldBeAccessible], class annotated with @DirtiesContext [false] with mode [null], method annotated with @DirtiesContext [false] with mode [null]
2025-06-01T00:20:59.152+02:00 DEBUG 8036 --- [expensetracker-test] [    Test worker] o.s.t.c.w.ServletTestExecutionListener   : Resetting RequestContextHolder for test class be.kdg.expensetracker.controller.AuthControllerIntegrationTest
2025-06-01T00:20:59.152+02:00 DEBUG 8036 --- [expensetracker-test] [    Test worker] org.springframework.test.context.cache   : Spring test ApplicationContext cache statistics: [DefaultContextCache@2e2b1310 size = 2, maxSize = 32, parentContextCount = 0, hitCount = 91, missCount = 2, failureCount = 0]
2025-06-01T00:20:59.152+02:00 DEBUG 8036 --- [expensetracker-test] [    Test worker] o.s.t.c.w.ServletTestExecutionListener   : Setting up MockHttpServletRequest, MockHttpServletResponse, ServletWebRequest, and RequestContextHolder for test class be.kdg.expensetracker.controller.AuthControllerIntegrationTest
2025-06-01T00:20:59.152+02:00 DEBUG 8036 --- [expensetracker-test] [    Test worker] DependencyInjectionTestExecutionListener : Performing dependency injection for test class be.kdg.expensetracker.controller.AuthControllerIntegrationTest
2025-06-01T00:20:59.152+02:00 DEBUG 8036 --- [expensetracker-test] [    Test worker] org.springframework.test.context.cache   : Spring test ApplicationContext cache statistics: [DefaultContextCache@2e2b1310 size = 2, maxSize = 32, parentContextCount = 0, hitCount = 92, missCount = 2, failureCount = 0]
2025-06-01T00:20:59.153+02:00 DEBUG 8036 --- [expensetracker-test] [    Test worker] org.springframework.test.context.cache   : Spring test ApplicationContext cache statistics: [DefaultContextCache@2e2b1310 size = 2, maxSize = 32, parentContextCount = 0, hitCount = 93, missCount = 2, failureCount = 0]
2025-06-01T00:20:59.153+02:00 DEBUG 8036 --- [expensetracker-test] [    Test worker] sContextBeforeModesTestExecutionListener : Before test method: class [AuthControllerIntegrationTest], method [registerUser_DuplicateEmail_ShouldShowError], class annotated with @DirtiesContext [false] with mode [null], method annotated with @DirtiesContext [false] with mode [null]
2025-06-01T00:20:59.153+02:00 DEBUG 8036 --- [expensetracker-test] [    Test worker] t.c.t.TransactionalTestExecutionListener : Explicit transaction definition [PROPAGATION_REQUIRED,ISOLATION_DEFAULT] found for test class [be.kdg.expensetracker.controller.AuthControllerIntegrationTest] and test method [registerUser_DuplicateEmail_ShouldShowError]
2025-06-01T00:20:59.153+02:00 DEBUG 8036 --- [expensetracker-test] [    Test worker] org.springframework.test.context.cache   : Spring test ApplicationContext cache statistics: [DefaultContextCache@2e2b1310 size = 2, maxSize = 32, parentContextCount = 0, hitCount = 94, missCount = 2, failureCount = 0]
2025-06-01T00:20:59.153+02:00 DEBUG 8036 --- [expensetracker-test] [    Test worker] t.c.t.TransactionalTestExecutionListener : No method-level @Rollback override: using default rollback [true] for test method [void be.kdg.expensetracker.controller.AuthControllerIntegrationTest.registerUser_DuplicateEmail_ShouldShowError() throws java.lang.Exception]
2025-06-01T00:20:59.153+02:00 DEBUG 8036 --- [expensetracker-test] [    Test worker] o.s.t.c.transaction.TransactionContext   : Began transaction (1) for test class [be.kdg.expensetracker.controller.AuthControllerIntegrationTest]; test method [registerUser_DuplicateEmail_ShouldShowError]; transaction manager [org.springframework.orm.jpa.JpaTransactionManager@3918a9f9]; rollback [true]
2025-06-01T00:20:59.153+02:00 DEBUG 8036 --- [expensetracker-test] [    Test worker] org.springframework.test.context.cache   : Spring test ApplicationContext cache statistics: [DefaultContextCache@2e2b1310 size = 2, maxSize = 32, parentContextCount = 0, hitCount = 95, missCount = 2, failureCount = 0]
2025-06-01T00:20:59.153+02:00 DEBUG 8036 --- [expensetracker-test] [    Test worker] org.springframework.test.context.cache   : Spring test ApplicationContext cache statistics: [DefaultContextCache@2e2b1310 size = 2, maxSize = 32, parentContextCount = 0, hitCount = 96, missCount = 2, failureCount = 0]
2025-06-01T00:20:59.325+02:00 DEBUG 8036 --- [expensetracker-test] [    Test worker] org.springframework.test.context.cache   : Spring test ApplicationContext cache statistics: [DefaultContextCache@2e2b1310 size = 2, maxSize = 32, parentContextCount = 0, hitCount = 97, missCount = 2, failureCount = 0]
2025-06-01T00:20:59.326+02:00 DEBUG 8036 --- [expensetracker-test] [    Test worker] o.s.test.util.ReflectionTestUtils        : Invoking method 'getFilters' on target object [FilterChainProxy[Filter Chains: null]] or target class [null] with arguments {org.springframework.mock.web.MockHttpServletRequest@2bd9b7cc}
2025-06-01T00:20:59.327+02:00 DEBUG 8036 --- [expensetracker-test] [    Test worker] o.s.test.util.ReflectionTestUtils        : Getting field 'tokenRepository' from target object [org.springframework.security.web.csrf.CsrfFilter@6325ef80] or target class [class org.springframework.security.web.csrf.CsrfFilter]
2025-06-01T00:20:59.327+02:00 DEBUG 8036 --- [expensetracker-test] [    Test worker] o.s.test.util.ReflectionTestUtils        : Invoking method 'getFilters' on target object [FilterChainProxy[Filter Chains: null]] or target class [null] with arguments {org.springframework.mock.web.MockHttpServletRequest@2bd9b7cc}
2025-06-01T00:20:59.327+02:00 DEBUG 8036 --- [expensetracker-test] [    Test worker] o.s.test.util.ReflectionTestUtils        : Getting field 'requestHandler' from target object [org.springframework.security.web.csrf.CsrfFilter@6325ef80] or target class [class org.springframework.security.web.csrf.CsrfFilter]
2025-06-01T00:20:59.327+02:00 DEBUG 8036 --- [expensetracker-test] [    Test worker] o.s.test.util.ReflectionTestUtils        : Invoking method 'getFilters' on target object [FilterChainProxy[Filter Chains: null]] or target class [null] with arguments {org.springframework.mock.web.MockHttpServletRequest@2bd9b7cc}
2025-06-01T00:20:59.327+02:00 DEBUG 8036 --- [expensetracker-test] [    Test worker] o.s.test.util.ReflectionTestUtils        : Setting field 'tokenRepository' of type [null] on target object [org.springframework.security.web.csrf.CsrfFilter@6325ef80] or target class [class org.springframework.security.web.csrf.CsrfFilter] to value [org.springframework.security.test.web.servlet.request.SecurityMockMvcRequestPostProcessors$CsrfRequestPostProcessor$TestCsrfTokenRepository@3a3e0f7a]
2025-06-01T00:20:59.329+02:00 DEBUG 8036 --- [expensetracker-test] [    Test worker] o.s.t.web.servlet.TestDispatcherServlet  : POST "/register", parameters={masked}
2025-06-01T00:20:59.352+02:00 DEBUG 8036 --- [expensetracker-test] [    Test worker] o.s.t.web.servlet.TestDispatcherServlet  : Completed 200 OK
2025-06-01T00:20:59.353+02:00 DEBUG 8036 --- [expensetracker-test] [    Test worker] org.springframework.test.context.cache   : Spring test ApplicationContext cache statistics: [DefaultContextCache@2e2b1310 size = 2, maxSize = 32, parentContextCount = 0, hitCount = 98, missCount = 2, failureCount = 0]
2025-06-01T00:20:59.354+02:00 DEBUG 8036 --- [expensetracker-test] [    Test worker] org.springframework.test.context.cache   : Spring test ApplicationContext cache statistics: [DefaultContextCache@2e2b1310 size = 2, maxSize = 32, parentContextCount = 0, hitCount = 99, missCount = 2, failureCount = 0]
2025-06-01T00:20:59.354+02:00 DEBUG 8036 --- [expensetracker-test] [    Test worker] org.springframework.test.context.cache   : Spring test ApplicationContext cache statistics: [DefaultContextCache@2e2b1310 size = 2, maxSize = 32, parentContextCount = 0, hitCount = 100, missCount = 2, failureCount = 0]
2025-06-01T00:20:59.354+02:00 DEBUG 8036 --- [expensetracker-test] [    Test worker] org.springframework.test.context.cache   : Spring test ApplicationContext cache statistics: [DefaultContextCache@2e2b1310 size = 2, maxSize = 32, parentContextCount = 0, hitCount = 101, missCount = 2, failureCount = 0]
2025-06-01T00:20:59.354+02:00 DEBUG 8036 --- [expensetracker-test] [    Test worker] org.springframework.test.context.cache   : Spring test ApplicationContext cache statistics: [DefaultContextCache@2e2b1310 size = 2, maxSize = 32, parentContextCount = 0, hitCount = 102, missCount = 2, failureCount = 0]
2025-06-01T00:20:59.355+02:00 DEBUG 8036 --- [expensetracker-test] [    Test worker] org.springframework.test.context.cache   : Spring test ApplicationContext cache statistics: [DefaultContextCache@2e2b1310 size = 2, maxSize = 32, parentContextCount = 0, hitCount = 103, missCount = 2, failureCount = 0]
2025-06-01T00:20:59.355+02:00 DEBUG 8036 --- [expensetracker-test] [    Test worker] org.springframework.test.context.cache   : Spring test ApplicationContext cache statistics: [DefaultContextCache@2e2b1310 size = 2, maxSize = 32, parentContextCount = 0, hitCount = 104, missCount = 2, failureCount = 0]
2025-06-01T00:20:59.355+02:00 DEBUG 8036 --- [expensetracker-test] [    Test worker] o.s.t.c.transaction.TransactionContext   : Rolled back transaction (1) for test class [be.kdg.expensetracker.controller.AuthControllerIntegrationTest]; test method [registerUser_DuplicateEmail_ShouldShowError]
2025-06-01T00:20:59.355+02:00 DEBUG 8036 --- [expensetracker-test] [    Test worker] .c.s.DirtiesContextTestExecutionListener : After test method: class [AuthControllerIntegrationTest], method [registerUser_DuplicateEmail_ShouldShowError], class annotated with @DirtiesContext [false] with mode [null], method annotated with @DirtiesContext [false] with mode [null]
2025-06-01T00:20:59.355+02:00 DEBUG 8036 --- [expensetracker-test] [    Test worker] o.s.t.c.w.ServletTestExecutionListener   : Resetting RequestContextHolder for test class be.kdg.expensetracker.controller.AuthControllerIntegrationTest
2025-06-01T00:20:59.356+02:00 DEBUG 8036 --- [expensetracker-test] [    Test worker] org.springframework.test.context.cache   : Spring test ApplicationContext cache statistics: [DefaultContextCache@2e2b1310 size = 2, maxSize = 32, parentContextCount = 0, hitCount = 105, missCount = 2, failureCount = 0]
2025-06-01T00:20:59.356+02:00 DEBUG 8036 --- [expensetracker-test] [    Test worker] o.s.t.c.w.ServletTestExecutionListener   : Setting up MockHttpServletRequest, MockHttpServletResponse, ServletWebRequest, and RequestContextHolder for test class be.kdg.expensetracker.controller.AuthControllerIntegrationTest
2025-06-01T00:20:59.356+02:00 DEBUG 8036 --- [expensetracker-test] [    Test worker] DependencyInjectionTestExecutionListener : Performing dependency injection for test class be.kdg.expensetracker.controller.AuthControllerIntegrationTest
2025-06-01T00:20:59.356+02:00 DEBUG 8036 --- [expensetracker-test] [    Test worker] org.springframework.test.context.cache   : Spring test ApplicationContext cache statistics: [DefaultContextCache@2e2b1310 size = 2, maxSize = 32, parentContextCount = 0, hitCount = 106, missCount = 2, failureCount = 0]
2025-06-01T00:20:59.356+02:00 DEBUG 8036 --- [expensetracker-test] [    Test worker] org.springframework.test.context.cache   : Spring test ApplicationContext cache statistics: [DefaultContextCache@2e2b1310 size = 2, maxSize = 32, parentContextCount = 0, hitCount = 107, missCount = 2, failureCount = 0]
2025-06-01T00:20:59.357+02:00 DEBUG 8036 --- [expensetracker-test] [    Test worker] sContextBeforeModesTestExecutionListener : Before test method: class [AuthControllerIntegrationTest], method [registerUser_MissingCSRF_ShouldReturn403], class annotated with @DirtiesContext [false] with mode [null], method annotated with @DirtiesContext [false] with mode [null]
2025-06-01T00:20:59.357+02:00 DEBUG 8036 --- [expensetracker-test] [    Test worker] t.c.t.TransactionalTestExecutionListener : Explicit transaction definition [PROPAGATION_REQUIRED,ISOLATION_DEFAULT] found for test class [be.kdg.expensetracker.controller.AuthControllerIntegrationTest] and test method [registerUser_MissingCSRF_ShouldReturn403]
2025-06-01T00:20:59.357+02:00 DEBUG 8036 --- [expensetracker-test] [    Test worker] org.springframework.test.context.cache   : Spring test ApplicationContext cache statistics: [DefaultContextCache@2e2b1310 size = 2, maxSize = 32, parentContextCount = 0, hitCount = 108, missCount = 2, failureCount = 0]
2025-06-01T00:20:59.357+02:00 DEBUG 8036 --- [expensetracker-test] [    Test worker] t.c.t.TransactionalTestExecutionListener : No method-level @Rollback override: using default rollback [true] for test method [void be.kdg.expensetracker.controller.AuthControllerIntegrationTest.registerUser_MissingCSRF_ShouldReturn403() throws java.lang.Exception]
2025-06-01T00:20:59.358+02:00 DEBUG 8036 --- [expensetracker-test] [    Test worker] o.s.t.c.transaction.TransactionContext   : Began transaction (1) for test class [be.kdg.expensetracker.controller.AuthControllerIntegrationTest]; test method [registerUser_MissingCSRF_ShouldReturn403]; transaction manager [org.springframework.orm.jpa.JpaTransactionManager@3918a9f9]; rollback [true]
2025-06-01T00:20:59.358+02:00 DEBUG 8036 --- [expensetracker-test] [    Test worker] org.springframework.test.context.cache   : Spring test ApplicationContext cache statistics: [DefaultContextCache@2e2b1310 size = 2, maxSize = 32, parentContextCount = 0, hitCount = 109, missCount = 2, failureCount = 0]
2025-06-01T00:20:59.358+02:00 DEBUG 8036 --- [expensetracker-test] [    Test worker] org.springframework.test.context.cache   : Spring test ApplicationContext cache statistics: [DefaultContextCache@2e2b1310 size = 2, maxSize = 32, parentContextCount = 0, hitCount = 110, missCount = 2, failureCount = 0]
2025-06-01T00:20:59.530+02:00 DEBUG 8036 --- [expensetracker-test] [    Test worker] org.springframework.test.context.cache   : Spring test ApplicationContext cache statistics: [DefaultContextCache@2e2b1310 size = 2, maxSize = 32, parentContextCount = 0, hitCount = 111, missCount = 2, failureCount = 0]
2025-06-01T00:20:59.532+02:00 DEBUG 8036 --- [expensetracker-test] [    Test worker] org.springframework.test.context.cache   : Spring test ApplicationContext cache statistics: [DefaultContextCache@2e2b1310 size = 2, maxSize = 32, parentContextCount = 0, hitCount = 112, missCount = 2, failureCount = 0]
2025-06-01T00:20:59.532+02:00 DEBUG 8036 --- [expensetracker-test] [    Test worker] org.springframework.test.context.cache   : Spring test ApplicationContext cache statistics: [DefaultContextCache@2e2b1310 size = 2, maxSize = 32, parentContextCount = 0, hitCount = 113, missCount = 2, failureCount = 0]
2025-06-01T00:20:59.533+02:00 DEBUG 8036 --- [expensetracker-test] [    Test worker] org.springframework.test.context.cache   : Spring test ApplicationContext cache statistics: [DefaultContextCache@2e2b1310 size = 2, maxSize = 32, parentContextCount = 0, hitCount = 114, missCount = 2, failureCount = 0]
2025-06-01T00:20:59.533+02:00 DEBUG 8036 --- [expensetracker-test] [    Test worker] org.springframework.test.context.cache   : Spring test ApplicationContext cache statistics: [DefaultContextCache@2e2b1310 size = 2, maxSize = 32, parentContextCount = 0, hitCount = 115, missCount = 2, failureCount = 0]
2025-06-01T00:20:59.533+02:00 DEBUG 8036 --- [expensetracker-test] [    Test worker] org.springframework.test.context.cache   : Spring test ApplicationContext cache statistics: [DefaultContextCache@2e2b1310 size = 2, maxSize = 32, parentContextCount = 0, hitCount = 116, missCount = 2, failureCount = 0]
2025-06-01T00:20:59.533+02:00 DEBUG 8036 --- [expensetracker-test] [    Test worker] org.springframework.test.context.cache   : Spring test ApplicationContext cache statistics: [DefaultContextCache@2e2b1310 size = 2, maxSize = 32, parentContextCount = 0, hitCount = 117, missCount = 2, failureCount = 0]
2025-06-01T00:20:59.534+02:00 DEBUG 8036 --- [expensetracker-test] [    Test worker] org.springframework.test.context.cache   : Spring test ApplicationContext cache statistics: [DefaultContextCache@2e2b1310 size = 2, maxSize = 32, parentContextCount = 0, hitCount = 118, missCount = 2, failureCount = 0]
2025-06-01T00:20:59.534+02:00 DEBUG 8036 --- [expensetracker-test] [    Test worker] o.s.t.c.transaction.TransactionContext   : Rolled back transaction (1) for test class [be.kdg.expensetracker.controller.AuthControllerIntegrationTest]; test method [registerUser_MissingCSRF_ShouldReturn403]
2025-06-01T00:20:59.534+02:00 DEBUG 8036 --- [expensetracker-test] [    Test worker] .c.s.DirtiesContextTestExecutionListener : After test method: class [AuthControllerIntegrationTest], method [registerUser_MissingCSRF_ShouldReturn403], class annotated with @DirtiesContext [false] with mode [null], method annotated with @DirtiesContext [false] with mode [null]
2025-06-01T00:20:59.534+02:00 DEBUG 8036 --- [expensetracker-test] [    Test worker] o.s.t.c.w.ServletTestExecutionListener   : Resetting RequestContextHolder for test class be.kdg.expensetracker.controller.AuthControllerIntegrationTest
2025-06-01T00:20:59.536+02:00 DEBUG 8036 --- [expensetracker-test] [    Test worker] org.springframework.test.context.cache   : Spring test ApplicationContext cache statistics: [DefaultContextCache@2e2b1310 size = 2, maxSize = 32, parentContextCount = 0, hitCount = 119, missCount = 2, failureCount = 0]
2025-06-01T00:20:59.536+02:00 DEBUG 8036 --- [expensetracker-test] [    Test worker] o.s.t.c.w.ServletTestExecutionListener   : Setting up MockHttpServletRequest, MockHttpServletResponse, ServletWebRequest, and RequestContextHolder for test class be.kdg.expensetracker.controller.AuthControllerIntegrationTest
2025-06-01T00:20:59.536+02:00 DEBUG 8036 --- [expensetracker-test] [    Test worker] DependencyInjectionTestExecutionListener : Performing dependency injection for test class be.kdg.expensetracker.controller.AuthControllerIntegrationTest
2025-06-01T00:20:59.536+02:00 DEBUG 8036 --- [expensetracker-test] [    Test worker] org.springframework.test.context.cache   : Spring test ApplicationContext cache statistics: [DefaultContextCache@2e2b1310 size = 2, maxSize = 32, parentContextCount = 0, hitCount = 120, missCount = 2, failureCount = 0]
2025-06-01T00:20:59.536+02:00 DEBUG 8036 --- [expensetracker-test] [    Test worker] org.springframework.test.context.cache   : Spring test ApplicationContext cache statistics: [DefaultContextCache@2e2b1310 size = 2, maxSize = 32, parentContextCount = 0, hitCount = 121, missCount = 2, failureCount = 0]
2025-06-01T00:20:59.537+02:00 DEBUG 8036 --- [expensetracker-test] [    Test worker] sContextBeforeModesTestExecutionListener : Before test method: class [AuthControllerIntegrationTest], method [registerUser_ValidData_ShouldCreateUser], class annotated with @DirtiesContext [false] with mode [null], method annotated with @DirtiesContext [false] with mode [null]
2025-06-01T00:20:59.537+02:00 DEBUG 8036 --- [expensetracker-test] [    Test worker] t.c.t.TransactionalTestExecutionListener : Explicit transaction definition [PROPAGATION_REQUIRED,ISOLATION_DEFAULT] found for test class [be.kdg.expensetracker.controller.AuthControllerIntegrationTest] and test method [registerUser_ValidData_ShouldCreateUser]
2025-06-01T00:20:59.537+02:00 DEBUG 8036 --- [expensetracker-test] [    Test worker] org.springframework.test.context.cache   : Spring test ApplicationContext cache statistics: [DefaultContextCache@2e2b1310 size = 2, maxSize = 32, parentContextCount = 0, hitCount = 122, missCount = 2, failureCount = 0]
2025-06-01T00:20:59.537+02:00 DEBUG 8036 --- [expensetracker-test] [    Test worker] t.c.t.TransactionalTestExecutionListener : No method-level @Rollback override: using default rollback [true] for test method [void be.kdg.expensetracker.controller.AuthControllerIntegrationTest.registerUser_ValidData_ShouldCreateUser() throws java.lang.Exception]
2025-06-01T00:20:59.537+02:00 DEBUG 8036 --- [expensetracker-test] [    Test worker] o.s.t.c.transaction.TransactionContext   : Began transaction (1) for test class [be.kdg.expensetracker.controller.AuthControllerIntegrationTest]; test method [registerUser_ValidData_ShouldCreateUser]; transaction manager [org.springframework.orm.jpa.JpaTransactionManager@3918a9f9]; rollback [true]
2025-06-01T00:20:59.538+02:00 DEBUG 8036 --- [expensetracker-test] [    Test worker] org.springframework.test.context.cache   : Spring test ApplicationContext cache statistics: [DefaultContextCache@2e2b1310 size = 2, maxSize = 32, parentContextCount = 0, hitCount = 123, missCount = 2, failureCount = 0]
2025-06-01T00:20:59.538+02:00 DEBUG 8036 --- [expensetracker-test] [    Test worker] org.springframework.test.context.cache   : Spring test ApplicationContext cache statistics: [DefaultContextCache@2e2b1310 size = 2, maxSize = 32, parentContextCount = 0, hitCount = 124, missCount = 2, failureCount = 0]
2025-06-01T00:20:59.715+02:00 DEBUG 8036 --- [expensetracker-test] [    Test worker] org.springframework.test.context.cache   : Spring test ApplicationContext cache statistics: [DefaultContextCache@2e2b1310 size = 2, maxSize = 32, parentContextCount = 0, hitCount = 125, missCount = 2, failureCount = 0]
2025-06-01T00:20:59.715+02:00 DEBUG 8036 --- [expensetracker-test] [    Test worker] o.s.test.util.ReflectionTestUtils        : Invoking method 'getFilters' on target object [FilterChainProxy[Filter Chains: null]] or target class [null] with arguments {org.springframework.mock.web.MockHttpServletRequest@66041d36}
2025-06-01T00:20:59.715+02:00 DEBUG 8036 --- [expensetracker-test] [    Test worker] o.s.test.util.ReflectionTestUtils        : Getting field 'tokenRepository' from target object [org.springframework.security.web.csrf.CsrfFilter@6325ef80] or target class [class org.springframework.security.web.csrf.CsrfFilter]
2025-06-01T00:20:59.715+02:00 DEBUG 8036 --- [expensetracker-test] [    Test worker] o.s.test.util.ReflectionTestUtils        : Invoking method 'getFilters' on target object [FilterChainProxy[Filter Chains: null]] or target class [null] with arguments {org.springframework.mock.web.MockHttpServletRequest@66041d36}
2025-06-01T00:20:59.715+02:00 DEBUG 8036 --- [expensetracker-test] [    Test worker] o.s.test.util.ReflectionTestUtils        : Getting field 'requestHandler' from target object [org.springframework.security.web.csrf.CsrfFilter@6325ef80] or target class [class org.springframework.security.web.csrf.CsrfFilter]
2025-06-01T00:20:59.716+02:00 DEBUG 8036 --- [expensetracker-test] [    Test worker] o.s.t.web.servlet.TestDispatcherServlet  : POST "/register", parameters={masked}
2025-06-01T00:20:59.776+02:00 DEBUG 8036 --- [expensetracker-test] [    Test worker] o.s.t.web.servlet.TestDispatcherServlet  : Completed 302 FOUND
2025-06-01T00:20:59.836+02:00 DEBUG 8036 --- [expensetracker-test] [    Test worker] org.springframework.test.context.cache   : Spring test ApplicationContext cache statistics: [DefaultContextCache@2e2b1310 size = 2, maxSize = 32, parentContextCount = 0, hitCount = 126, missCount = 2, failureCount = 0]
2025-06-01T00:20:59.836+02:00 DEBUG 8036 --- [expensetracker-test] [    Test worker] org.springframework.test.context.cache   : Spring test ApplicationContext cache statistics: [DefaultContextCache@2e2b1310 size = 2, maxSize = 32, parentContextCount = 0, hitCount = 127, missCount = 2, failureCount = 0]
2025-06-01T00:20:59.837+02:00 DEBUG 8036 --- [expensetracker-test] [    Test worker] org.springframework.test.context.cache   : Spring test ApplicationContext cache statistics: [DefaultContextCache@2e2b1310 size = 2, maxSize = 32, parentContextCount = 0, hitCount = 128, missCount = 2, failureCount = 0]
2025-06-01T00:20:59.837+02:00 DEBUG 8036 --- [expensetracker-test] [    Test worker] org.springframework.test.context.cache   : Spring test ApplicationContext cache statistics: [DefaultContextCache@2e2b1310 size = 2, maxSize = 32, parentContextCount = 0, hitCount = 129, missCount = 2, failureCount = 0]
2025-06-01T00:20:59.837+02:00 DEBUG 8036 --- [expensetracker-test] [    Test worker] org.springframework.test.context.cache   : Spring test ApplicationContext cache statistics: [DefaultContextCache@2e2b1310 size = 2, maxSize = 32, parentContextCount = 0, hitCount = 130, missCount = 2, failureCount = 0]
2025-06-01T00:20:59.837+02:00 DEBUG 8036 --- [expensetracker-test] [    Test worker] org.springframework.test.context.cache   : Spring test ApplicationContext cache statistics: [DefaultContextCache@2e2b1310 size = 2, maxSize = 32, parentContextCount = 0, hitCount = 131, missCount = 2, failureCount = 0]
2025-06-01T00:20:59.837+02:00 DEBUG 8036 --- [expensetracker-test] [    Test worker] org.springframework.test.context.cache   : Spring test ApplicationContext cache statistics: [DefaultContextCache@2e2b1310 size = 2, maxSize = 32, parentContextCount = 0, hitCount = 132, missCount = 2, failureCount = 0]
2025-06-01T00:20:59.838+02:00 DEBUG 8036 --- [expensetracker-test] [    Test worker] o.s.t.c.transaction.TransactionContext   : Rolled back transaction (1) for test class [be.kdg.expensetracker.controller.AuthControllerIntegrationTest]; test method [registerUser_ValidData_ShouldCreateUser]
2025-06-01T00:20:59.838+02:00 DEBUG 8036 --- [expensetracker-test] [    Test worker] .c.s.DirtiesContextTestExecutionListener : After test method: class [AuthControllerIntegrationTest], method [registerUser_ValidData_ShouldCreateUser], class annotated with @DirtiesContext [false] with mode [null], method annotated with @DirtiesContext [false] with mode [null]
2025-06-01T00:20:59.838+02:00 DEBUG 8036 --- [expensetracker-test] [    Test worker] o.s.t.c.w.ServletTestExecutionListener   : Resetting RequestContextHolder for test class be.kdg.expensetracker.controller.AuthControllerIntegrationTest
2025-06-01T00:20:59.838+02:00 DEBUG 8036 --- [expensetracker-test] [    Test worker] org.springframework.test.context.cache   : Spring test ApplicationContext cache statistics: [DefaultContextCache@2e2b1310 size = 2, maxSize = 32, parentContextCount = 0, hitCount = 133, missCount = 2, failureCount = 0]
2025-06-01T00:20:59.838+02:00 DEBUG 8036 --- [expensetracker-test] [    Test worker] o.s.t.c.w.ServletTestExecutionListener   : Setting up MockHttpServletRequest, MockHttpServletResponse, ServletWebRequest, and RequestContextHolder for test class be.kdg.expensetracker.controller.AuthControllerIntegrationTest
2025-06-01T00:20:59.838+02:00 DEBUG 8036 --- [expensetracker-test] [    Test worker] DependencyInjectionTestExecutionListener : Performing dependency injection for test class be.kdg.expensetracker.controller.AuthControllerIntegrationTest
2025-06-01T00:20:59.839+02:00 DEBUG 8036 --- [expensetracker-test] [    Test worker] org.springframework.test.context.cache   : Spring test ApplicationContext cache statistics: [DefaultContextCache@2e2b1310 size = 2, maxSize = 32, parentContextCount = 0, hitCount = 134, missCount = 2, failureCount = 0]
2025-06-01T00:20:59.839+02:00 DEBUG 8036 --- [expensetracker-test] [    Test worker] org.springframework.test.context.cache   : Spring test ApplicationContext cache statistics: [DefaultContextCache@2e2b1310 size = 2, maxSize = 32, parentContextCount = 0, hitCount = 135, missCount = 2, failureCount = 0]
2025-06-01T00:20:59.839+02:00 DEBUG 8036 --- [expensetracker-test] [    Test worker] sContextBeforeModesTestExecutionListener : Before test method: class [AuthControllerIntegrationTest], method [loginPage_ShouldBeAccessible], class annotated with @DirtiesContext [false] with mode [null], method annotated with @DirtiesContext [false] with mode [null]
2025-06-01T00:20:59.839+02:00 DEBUG 8036 --- [expensetracker-test] [    Test worker] t.c.t.TransactionalTestExecutionListener : Explicit transaction definition [PROPAGATION_REQUIRED,ISOLATION_DEFAULT] found for test class [be.kdg.expensetracker.controller.AuthControllerIntegrationTest] and test method [loginPage_ShouldBeAccessible]
2025-06-01T00:20:59.839+02:00 DEBUG 8036 --- [expensetracker-test] [    Test worker] org.springframework.test.context.cache   : Spring test ApplicationContext cache statistics: [DefaultContextCache@2e2b1310 size = 2, maxSize = 32, parentContextCount = 0, hitCount = 136, missCount = 2, failureCount = 0]
2025-06-01T00:20:59.839+02:00 DEBUG 8036 --- [expensetracker-test] [    Test worker] t.c.t.TransactionalTestExecutionListener : No method-level @Rollback override: using default rollback [true] for test method [void be.kdg.expensetracker.controller.AuthControllerIntegrationTest.loginPage_ShouldBeAccessible() throws java.lang.Exception]
2025-06-01T00:20:59.840+02:00 DEBUG 8036 --- [expensetracker-test] [    Test worker] o.s.t.c.transaction.TransactionContext   : Began transaction (1) for test class [be.kdg.expensetracker.controller.AuthControllerIntegrationTest]; test method [loginPage_ShouldBeAccessible]; transaction manager [org.springframework.orm.jpa.JpaTransactionManager@3918a9f9]; rollback [true]
2025-06-01T00:20:59.840+02:00 DEBUG 8036 --- [expensetracker-test] [    Test worker] org.springframework.test.context.cache   : Spring test ApplicationContext cache statistics: [DefaultContextCache@2e2b1310 size = 2, maxSize = 32, parentContextCount = 0, hitCount = 137, missCount = 2, failureCount = 0]
2025-06-01T00:20:59.840+02:00 DEBUG 8036 --- [expensetracker-test] [    Test worker] org.springframework.test.context.cache   : Spring test ApplicationContext cache statistics: [DefaultContextCache@2e2b1310 size = 2, maxSize = 32, parentContextCount = 0, hitCount = 138, missCount = 2, failureCount = 0]
2025-06-01T00:21:00.017+02:00 DEBUG 8036 --- [expensetracker-test] [    Test worker] org.springframework.test.context.cache   : Spring test ApplicationContext cache statistics: [DefaultContextCache@2e2b1310 size = 2, maxSize = 32, parentContextCount = 0, hitCount = 139, missCount = 2, failureCount = 0]
2025-06-01T00:21:00.018+02:00 DEBUG 8036 --- [expensetracker-test] [    Test worker] o.s.t.web.servlet.TestDispatcherServlet  : GET "/login", parameters={}
2025-06-01T00:21:00.022+02:00 DEBUG 8036 --- [expensetracker-test] [    Test worker] o.s.t.web.servlet.TestDispatcherServlet  : Completed 200 OK
2025-06-01T00:21:00.023+02:00 DEBUG 8036 --- [expensetracker-test] [    Test worker] org.springframework.test.context.cache   : Spring test ApplicationContext cache statistics: [DefaultContextCache@2e2b1310 size = 2, maxSize = 32, parentContextCount = 0, hitCount = 140, missCount = 2, failureCount = 0]
2025-06-01T00:21:00.023+02:00 DEBUG 8036 --- [expensetracker-test] [    Test worker] org.springframework.test.context.cache   : Spring test ApplicationContext cache statistics: [DefaultContextCache@2e2b1310 size = 2, maxSize = 32, parentContextCount = 0, hitCount = 141, missCount = 2, failureCount = 0]
2025-06-01T00:21:00.024+02:00 DEBUG 8036 --- [expensetracker-test] [    Test worker] org.springframework.test.context.cache   : Spring test ApplicationContext cache statistics: [DefaultContextCache@2e2b1310 size = 2, maxSize = 32, parentContextCount = 0, hitCount = 142, missCount = 2, failureCount = 0]
2025-06-01T00:21:00.024+02:00 DEBUG 8036 --- [expensetracker-test] [    Test worker] org.springframework.test.context.cache   : Spring test ApplicationContext cache statistics: [DefaultContextCache@2e2b1310 size = 2, maxSize = 32, parentContextCount = 0, hitCount = 143, missCount = 2, failureCount = 0]
2025-06-01T00:21:00.024+02:00 DEBUG 8036 --- [expensetracker-test] [    Test worker] org.springframework.test.context.cache   : Spring test ApplicationContext cache statistics: [DefaultContextCache@2e2b1310 size = 2, maxSize = 32, parentContextCount = 0, hitCount = 144, missCount = 2, failureCount = 0]
2025-06-01T00:21:00.024+02:00 DEBUG 8036 --- [expensetracker-test] [    Test worker] org.springframework.test.context.cache   : Spring test ApplicationContext cache statistics: [DefaultContextCache@2e2b1310 size = 2, maxSize = 32, parentContextCount = 0, hitCount = 145, missCount = 2, failureCount = 0]
2025-06-01T00:21:00.024+02:00 DEBUG 8036 --- [expensetracker-test] [    Test worker] org.springframework.test.context.cache   : Spring test ApplicationContext cache statistics: [DefaultContextCache@2e2b1310 size = 2, maxSize = 32, parentContextCount = 0, hitCount = 146, missCount = 2, failureCount = 0]
2025-06-01T00:21:00.025+02:00 DEBUG 8036 --- [expensetracker-test] [    Test worker] o.s.t.c.transaction.TransactionContext   : Rolled back transaction (1) for test class [be.kdg.expensetracker.controller.AuthControllerIntegrationTest]; test method [loginPage_ShouldBeAccessible]
2025-06-01T00:21:00.025+02:00 DEBUG 8036 --- [expensetracker-test] [    Test worker] .c.s.DirtiesContextTestExecutionListener : After test method: class [AuthControllerIntegrationTest], method [loginPage_ShouldBeAccessible], class annotated with @DirtiesContext [false] with mode [null], method annotated with @DirtiesContext [false] with mode [null]
2025-06-01T00:21:00.025+02:00 DEBUG 8036 --- [expensetracker-test] [    Test worker] o.s.t.c.w.ServletTestExecutionListener   : Resetting RequestContextHolder for test class be.kdg.expensetracker.controller.AuthControllerIntegrationTest
2025-06-01T00:21:00.025+02:00 DEBUG 8036 --- [expensetracker-test] [    Test worker] org.springframework.test.context.cache   : Spring test ApplicationContext cache statistics: [DefaultContextCache@2e2b1310 size = 2, maxSize = 32, parentContextCount = 0, hitCount = 147, missCount = 2, failureCount = 0]
2025-06-01T00:21:00.026+02:00 DEBUG 8036 --- [expensetracker-test] [    Test worker] .c.s.DirtiesContextTestExecutionListener : After test class: class [AuthControllerIntegrationTest], class annotated with @DirtiesContext [false] with mode [null]
]]></system-out>
  <system-err><![CDATA[]]></system-err>
</testsuite>
