<?xml version="1.0" encoding="UTF-8"?>
<testsuite name="be.kdg.expensetracker.controller.CategoryControllerIntegrationTest" tests="2" skipped="0" failures="0" errors="0" timestamp="2025-05-31T07:18:50" hostname="WIN-8VD49MJ8CQH" time="0.413">
  <properties/>
  <testcase name="categoriesPage_WithoutAuthentication_ShouldRedirectToLogin()" classname="be.kdg.expensetracker.controller.CategoryControllerIntegrationTest" time="0.193"/>
  <testcase name="categoriesPage_AuthenticatedUser_ShouldShowPage()" classname="be.kdg.expensetracker.controller.CategoryControllerIntegrationTest" time="0.22"/>
  <system-out><![CDATA[2025-05-31T09:18:50.231+02:00  INFO 28516 --- [expensetracker-test] [    Test worker] t.c.s.AnnotationConfigContextLoaderUtils : Could not detect default configuration classes for test class [be.kdg.expensetracker.controller.CategoryControllerIntegrationTest]: CategoryControllerIntegrationTest does not declare any static, non-private, non-final, nested classes annotated with @Configuration.
2025-05-31T09:18:50.233+02:00  INFO 28516 --- [expensetracker-test] [    Test worker] .b.t.c.SpringBootTestContextBootstrapper : Found @SpringBootConfiguration be.kdg.expensetracker.ExpenseTrackerApplication for test class be.kdg.expensetracker.controller.CategoryControllerIntegrationTest
2025-05-31T09:18:50.640+02:00  WARN 28516 --- [expensetracker-test] [    Test worker] actStandardFragmentInsertionTagProcessor : [THYMELEAF][Test worker][categories] Deprecated unwrapped fragment expression "fragments/layout :: header('categories')" found in template categories, line 10, col 10. Please use the complete syntax of fragment expressions instead ("~{fragments/layout :: header('categories')}"). The old, unwrapped syntax for fragment expressions will be removed in future versions of Thymeleaf.
2025-05-31T09:18:50.644+02:00  WARN 28516 --- [expensetracker-test] [    Test worker] actStandardFragmentInsertionTagProcessor : [THYMELEAF][Test worker][categories] Deprecated unwrapped fragment expression "fragments/layout :: footer" found in template categories, line 32, col 10. Please use the complete syntax of fragment expressions instead ("~{fragments/layout :: footer}"). The old, unwrapped syntax for fragment expressions will be removed in future versions of Thymeleaf.
]]></system-out>
  <system-err><![CDATA[]]></system-err>
</testsuite>
