<?xml version="1.0" encoding="UTF-8"?>
<testsuite name="be.kdg.expensetracker.controller.HomeControllerIntegrationTest" tests="3" skipped="0" failures="0" errors="0" timestamp="2025-05-31T22:21:04" hostname="WIN-8VD49MJ8CQH" time="0.772">
  <properties/>
  <testcase name="expensesPage_ShouldBeAccessibleToAll()" classname="be.kdg.expensetracker.controller.HomeControllerIntegrationTest" time="0.323"/>
  <testcase name="expensesPage_AuthenticatedUser_ShouldShowPersonalSection()" classname="be.kdg.expensetracker.controller.HomeControllerIntegrationTest" time="0.226"/>
  <testcase name="homePage_ShouldBeAccessibleToAll()" classname="be.kdg.expensetracker.controller.HomeControllerIntegrationTest" time="0.219"/>
  <system-out><![CDATA[2025-06-01T00:21:04.891+02:00 DEBUG 8036 --- [expensetracker-test] [    Test worker] .b.t.c.SpringBootTestContextBootstrapper : Neither @ContextConfiguration nor @ContextHierarchy found for test class [HomeControllerIntegrationTest]: using SpringBootContextLoader
2025-06-01T00:21:04.894+02:00 DEBUG 8036 --- [expensetracker-test] [    Test worker] o.s.t.c.support.AbstractContextLoader    : Could not detect default resource locations for test class [be.kdg.expensetracker.controller.HomeControllerIntegrationTest]: no resource found for suffixes {-context.xml, Context.groovy}.
2025-06-01T00:21:04.894+02:00  INFO 8036 --- [expensetracker-test] [    Test worker] t.c.s.AnnotationConfigContextLoaderUtils : Could not detect default configuration classes for test class [be.kdg.expensetracker.controller.HomeControllerIntegrationTest]: HomeControllerIntegrationTest does not declare any static, non-private, non-final, nested classes annotated with @Configuration.
2025-06-01T00:21:04.894+02:00 DEBUG 8036 --- [expensetracker-test] [    Test worker] .b.t.c.SpringBootTestContextBootstrapper : Using ContextCustomizerFactory implementations for test class [HomeControllerIntegrationTest]: [OverrideAutoConfigurationContextCustomizerFactory, ObservabilityContextCustomizerFactory, TypeExcludeFiltersContextCustomizerFactory, PropertyMappingContextCustomizerFactory, WebDriverContextCustomizerFactory, ImportsContextCustomizerFactory, ExcludeFilterContextCustomizerFactory, HttpGraphQlTesterContextCustomizerFactory, DuplicateJsonObjectContextCustomizerFactory, MockitoContextCustomizerFactory, TestRestTemplateContextCustomizerFactory, WebTestClientContextCustomizerFactory, MockServerContainerContextCustomizerFactory, DynamicPropertiesContextCustomizerFactory]
2025-06-01T00:21:04.897+02:00 DEBUG 8036 --- [expensetracker-test] [    Test worker] .b.t.c.SpringBootTestContextBootstrapper : Using ContextCustomizers for test class [HomeControllerIntegrationTest]: [DisableObservabilityContextCustomizer, PropertyMappingContextCustomizer, WebDriverContextCustomizer, ImportsContextCustomizer, ExcludeFilterContextCustomizer, DuplicateJsonObjectContextCustomizer, MockitoContextCustomizer, TestRestTemplateContextCustomizer]
2025-06-01T00:21:04.898+02:00  INFO 8036 --- [expensetracker-test] [    Test worker] .b.t.c.SpringBootTestContextBootstrapper : Found @SpringBootConfiguration be.kdg.expensetracker.ExpenseTrackerApplication for test class be.kdg.expensetracker.controller.HomeControllerIntegrationTest
2025-06-01T00:21:04.899+02:00 DEBUG 8036 --- [expensetracker-test] [    Test worker] .s.t.c.u.TestContextSpringFactoriesUtils : Skipping candidate TestExecutionListener [org.springframework.test.context.observation.MicrometerObservationRegistryTestExecutionListener] due to a missing dependency. Specify custom TestExecutionListener classes or make the default TestExecutionListener classes and their required dependencies available. Offending class: io.micrometer.context.ThreadLocalAccessor. MicrometerObservationRegistryTestExecutionListener requires io.micrometer:micrometer-observation:1.10.8 or higher and io.micrometer:context-propagation:1.0.3 or higher.
2025-06-01T00:21:04.900+02:00 DEBUG 8036 --- [expensetracker-test] [    Test worker] .b.t.c.SpringBootTestContextBootstrapper : Using TestExecutionListeners for test class [HomeControllerIntegrationTest]: [ServletTestExecutionListener, DirtiesContextBeforeModesTestExecutionListener, ApplicationEventsTestExecutionListener, MockitoTestExecutionListener, DependencyInjectionTestExecutionListener, DirtiesContextTestExecutionListener, TransactionalTestExecutionListener, SqlScriptsTestExecutionListener, WithSecurityContextTestExecutionListener, EventPublishingTestExecutionListener, ReactorContextTestExecutionListener, RestDocsTestExecutionListener, MockRestServiceServerResetTestExecutionListener, MockMvcPrintOnlyOnFailureTestExecutionListener, WebDriverTestExecutionListener, MockWebServiceServerTestExecutionListener, ResetMocksTestExecutionListener]
2025-06-01T00:21:04.900+02:00 DEBUG 8036 --- [expensetracker-test] [    Test worker] sContextBeforeModesTestExecutionListener : Before test class: class [HomeControllerIntegrationTest], class annotated with @DirtiesContext [false] with mode [null]
2025-06-01T00:21:04.900+02:00 DEBUG 8036 --- [expensetracker-test] [    Test worker] org.springframework.test.context.cache   : Spring test ApplicationContext cache statistics: [DefaultContextCache@2e2b1310 size = 3, maxSize = 32, parentContextCount = 0, hitCount = 553, missCount = 3, failureCount = 0]
2025-06-01T00:21:04.900+02:00 DEBUG 8036 --- [expensetracker-test] [    Test worker] org.springframework.test.context.cache   : Spring test ApplicationContext cache statistics: [DefaultContextCache@2e2b1310 size = 3, maxSize = 32, parentContextCount = 0, hitCount = 554, missCount = 3, failureCount = 0]
2025-06-01T00:21:04.900+02:00 DEBUG 8036 --- [expensetracker-test] [    Test worker] o.s.t.c.w.ServletTestExecutionListener   : Setting up MockHttpServletRequest, MockHttpServletResponse, ServletWebRequest, and RequestContextHolder for test class be.kdg.expensetracker.controller.HomeControllerIntegrationTest
2025-06-01T00:21:04.902+02:00 DEBUG 8036 --- [expensetracker-test] [    Test worker] DependencyInjectionTestExecutionListener : Performing dependency injection for test class be.kdg.expensetracker.controller.HomeControllerIntegrationTest
2025-06-01T00:21:04.902+02:00 DEBUG 8036 --- [expensetracker-test] [    Test worker] org.springframework.test.context.cache   : Spring test ApplicationContext cache statistics: [DefaultContextCache@2e2b1310 size = 3, maxSize = 32, parentContextCount = 0, hitCount = 555, missCount = 3, failureCount = 0]
2025-06-01T00:21:04.902+02:00 DEBUG 8036 --- [expensetracker-test] [    Test worker] org.springframework.test.context.cache   : Spring test ApplicationContext cache statistics: [DefaultContextCache@2e2b1310 size = 3, maxSize = 32, parentContextCount = 0, hitCount = 556, missCount = 3, failureCount = 0]
2025-06-01T00:21:04.903+02:00 DEBUG 8036 --- [expensetracker-test] [    Test worker] sContextBeforeModesTestExecutionListener : Before test method: class [HomeControllerIntegrationTest], method [expensesPage_ShouldBeAccessibleToAll], class annotated with @DirtiesContext [false] with mode [null], method annotated with @DirtiesContext [false] with mode [null]
2025-06-01T00:21:04.903+02:00 DEBUG 8036 --- [expensetracker-test] [    Test worker] t.c.t.TransactionalTestExecutionListener : Explicit transaction definition [PROPAGATION_REQUIRED,ISOLATION_DEFAULT] found for test class [be.kdg.expensetracker.controller.HomeControllerIntegrationTest] and test method [expensesPage_ShouldBeAccessibleToAll]
2025-06-01T00:21:04.903+02:00 DEBUG 8036 --- [expensetracker-test] [    Test worker] org.springframework.test.context.cache   : Spring test ApplicationContext cache statistics: [DefaultContextCache@2e2b1310 size = 3, maxSize = 32, parentContextCount = 0, hitCount = 557, missCount = 3, failureCount = 0]
2025-06-01T00:21:04.903+02:00 DEBUG 8036 --- [expensetracker-test] [    Test worker] t.c.t.TransactionalTestExecutionListener : No method-level @Rollback override: using default rollback [true] for test method [void be.kdg.expensetracker.controller.HomeControllerIntegrationTest.expensesPage_ShouldBeAccessibleToAll() throws java.lang.Exception]
2025-06-01T00:21:04.904+02:00 DEBUG 8036 --- [expensetracker-test] [    Test worker] o.s.t.c.transaction.TransactionContext   : Began transaction (1) for test class [be.kdg.expensetracker.controller.HomeControllerIntegrationTest]; test method [expensesPage_ShouldBeAccessibleToAll]; transaction manager [org.springframework.orm.jpa.JpaTransactionManager@3918a9f9]; rollback [true]
2025-06-01T00:21:04.904+02:00 DEBUG 8036 --- [expensetracker-test] [    Test worker] org.springframework.test.context.cache   : Spring test ApplicationContext cache statistics: [DefaultContextCache@2e2b1310 size = 3, maxSize = 32, parentContextCount = 0, hitCount = 558, missCount = 3, failureCount = 0]
2025-06-01T00:21:04.904+02:00 DEBUG 8036 --- [expensetracker-test] [    Test worker] org.springframework.test.context.cache   : Spring test ApplicationContext cache statistics: [DefaultContextCache@2e2b1310 size = 3, maxSize = 32, parentContextCount = 0, hitCount = 559, missCount = 3, failureCount = 0]
2025-06-01T00:21:05.186+02:00 DEBUG 8036 --- [expensetracker-test] [    Test worker] org.springframework.test.context.cache   : Spring test ApplicationContext cache statistics: [DefaultContextCache@2e2b1310 size = 3, maxSize = 32, parentContextCount = 0, hitCount = 560, missCount = 3, failureCount = 0]
2025-06-01T00:21:05.188+02:00 DEBUG 8036 --- [expensetracker-test] [    Test worker] o.s.t.web.servlet.TestDispatcherServlet  : GET "/expenses", parameters={}
2025-06-01T00:21:05.221+02:00 DEBUG 8036 --- [expensetracker-test] [    Test worker] o.s.t.web.servlet.TestDispatcherServlet  : Completed 200 OK
2025-06-01T00:21:05.223+02:00 DEBUG 8036 --- [expensetracker-test] [    Test worker] org.springframework.test.context.cache   : Spring test ApplicationContext cache statistics: [DefaultContextCache@2e2b1310 size = 3, maxSize = 32, parentContextCount = 0, hitCount = 561, missCount = 3, failureCount = 0]
2025-06-01T00:21:05.223+02:00 DEBUG 8036 --- [expensetracker-test] [    Test worker] org.springframework.test.context.cache   : Spring test ApplicationContext cache statistics: [DefaultContextCache@2e2b1310 size = 3, maxSize = 32, parentContextCount = 0, hitCount = 562, missCount = 3, failureCount = 0]
2025-06-01T00:21:05.223+02:00 DEBUG 8036 --- [expensetracker-test] [    Test worker] org.springframework.test.context.cache   : Spring test ApplicationContext cache statistics: [DefaultContextCache@2e2b1310 size = 3, maxSize = 32, parentContextCount = 0, hitCount = 563, missCount = 3, failureCount = 0]
2025-06-01T00:21:05.223+02:00 DEBUG 8036 --- [expensetracker-test] [    Test worker] org.springframework.test.context.cache   : Spring test ApplicationContext cache statistics: [DefaultContextCache@2e2b1310 size = 3, maxSize = 32, parentContextCount = 0, hitCount = 564, missCount = 3, failureCount = 0]
2025-06-01T00:21:05.223+02:00 DEBUG 8036 --- [expensetracker-test] [    Test worker] org.springframework.test.context.cache   : Spring test ApplicationContext cache statistics: [DefaultContextCache@2e2b1310 size = 3, maxSize = 32, parentContextCount = 0, hitCount = 565, missCount = 3, failureCount = 0]
2025-06-01T00:21:05.224+02:00 DEBUG 8036 --- [expensetracker-test] [    Test worker] org.springframework.test.context.cache   : Spring test ApplicationContext cache statistics: [DefaultContextCache@2e2b1310 size = 3, maxSize = 32, parentContextCount = 0, hitCount = 566, missCount = 3, failureCount = 0]
2025-06-01T00:21:05.224+02:00 DEBUG 8036 --- [expensetracker-test] [    Test worker] org.springframework.test.context.cache   : Spring test ApplicationContext cache statistics: [DefaultContextCache@2e2b1310 size = 3, maxSize = 32, parentContextCount = 0, hitCount = 567, missCount = 3, failureCount = 0]
2025-06-01T00:21:05.225+02:00 DEBUG 8036 --- [expensetracker-test] [    Test worker] o.s.t.c.transaction.TransactionContext   : Rolled back transaction (1) for test class [be.kdg.expensetracker.controller.HomeControllerIntegrationTest]; test method [expensesPage_ShouldBeAccessibleToAll]
2025-06-01T00:21:05.225+02:00 DEBUG 8036 --- [expensetracker-test] [    Test worker] .c.s.DirtiesContextTestExecutionListener : After test method: class [HomeControllerIntegrationTest], method [expensesPage_ShouldBeAccessibleToAll], class annotated with @DirtiesContext [false] with mode [null], method annotated with @DirtiesContext [false] with mode [null]
2025-06-01T00:21:05.225+02:00 DEBUG 8036 --- [expensetracker-test] [    Test worker] o.s.t.c.w.ServletTestExecutionListener   : Resetting RequestContextHolder for test class be.kdg.expensetracker.controller.HomeControllerIntegrationTest
2025-06-01T00:21:05.227+02:00 DEBUG 8036 --- [expensetracker-test] [    Test worker] org.springframework.test.context.cache   : Spring test ApplicationContext cache statistics: [DefaultContextCache@2e2b1310 size = 3, maxSize = 32, parentContextCount = 0, hitCount = 568, missCount = 3, failureCount = 0]
2025-06-01T00:21:05.227+02:00 DEBUG 8036 --- [expensetracker-test] [    Test worker] o.s.t.c.w.ServletTestExecutionListener   : Setting up MockHttpServletRequest, MockHttpServletResponse, ServletWebRequest, and RequestContextHolder for test class be.kdg.expensetracker.controller.HomeControllerIntegrationTest
2025-06-01T00:21:05.227+02:00 DEBUG 8036 --- [expensetracker-test] [    Test worker] DependencyInjectionTestExecutionListener : Performing dependency injection for test class be.kdg.expensetracker.controller.HomeControllerIntegrationTest
2025-06-01T00:21:05.227+02:00 DEBUG 8036 --- [expensetracker-test] [    Test worker] org.springframework.test.context.cache   : Spring test ApplicationContext cache statistics: [DefaultContextCache@2e2b1310 size = 3, maxSize = 32, parentContextCount = 0, hitCount = 569, missCount = 3, failureCount = 0]
2025-06-01T00:21:05.228+02:00 DEBUG 8036 --- [expensetracker-test] [    Test worker] org.springframework.test.context.cache   : Spring test ApplicationContext cache statistics: [DefaultContextCache@2e2b1310 size = 3, maxSize = 32, parentContextCount = 0, hitCount = 570, missCount = 3, failureCount = 0]
2025-06-01T00:21:05.229+02:00 DEBUG 8036 --- [expensetracker-test] [    Test worker] sContextBeforeModesTestExecutionListener : Before test method: class [HomeControllerIntegrationTest], method [expensesPage_AuthenticatedUser_ShouldShowPersonalSection], class annotated with @DirtiesContext [false] with mode [null], method annotated with @DirtiesContext [false] with mode [null]
2025-06-01T00:21:05.229+02:00 DEBUG 8036 --- [expensetracker-test] [    Test worker] t.c.t.TransactionalTestExecutionListener : Explicit transaction definition [PROPAGATION_REQUIRED,ISOLATION_DEFAULT] found for test class [be.kdg.expensetracker.controller.HomeControllerIntegrationTest] and test method [expensesPage_AuthenticatedUser_ShouldShowPersonalSection]
2025-06-01T00:21:05.229+02:00 DEBUG 8036 --- [expensetracker-test] [    Test worker] org.springframework.test.context.cache   : Spring test ApplicationContext cache statistics: [DefaultContextCache@2e2b1310 size = 3, maxSize = 32, parentContextCount = 0, hitCount = 571, missCount = 3, failureCount = 0]
2025-06-01T00:21:05.229+02:00 DEBUG 8036 --- [expensetracker-test] [    Test worker] t.c.t.TransactionalTestExecutionListener : No method-level @Rollback override: using default rollback [true] for test method [void be.kdg.expensetracker.controller.HomeControllerIntegrationTest.expensesPage_AuthenticatedUser_ShouldShowPersonalSection() throws java.lang.Exception]
2025-06-01T00:21:05.229+02:00 DEBUG 8036 --- [expensetracker-test] [    Test worker] o.s.t.c.transaction.TransactionContext   : Began transaction (1) for test class [be.kdg.expensetracker.controller.HomeControllerIntegrationTest]; test method [expensesPage_AuthenticatedUser_ShouldShowPersonalSection]; transaction manager [org.springframework.orm.jpa.JpaTransactionManager@3918a9f9]; rollback [true]
2025-06-01T00:21:05.229+02:00 DEBUG 8036 --- [expensetracker-test] [    Test worker] org.springframework.test.context.cache   : Spring test ApplicationContext cache statistics: [DefaultContextCache@2e2b1310 size = 3, maxSize = 32, parentContextCount = 0, hitCount = 572, missCount = 3, failureCount = 0]
2025-06-01T00:21:05.230+02:00 DEBUG 8036 --- [expensetracker-test] [    Test worker] org.springframework.test.context.cache   : Spring test ApplicationContext cache statistics: [DefaultContextCache@2e2b1310 size = 3, maxSize = 32, parentContextCount = 0, hitCount = 573, missCount = 3, failureCount = 0]
2025-06-01T00:21:05.230+02:00 DEBUG 8036 --- [expensetracker-test] [    Test worker] org.springframework.test.context.cache   : Spring test ApplicationContext cache statistics: [DefaultContextCache@2e2b1310 size = 3, maxSize = 32, parentContextCount = 0, hitCount = 574, missCount = 3, failureCount = 0]
2025-06-01T00:21:05.230+02:00 DEBUG 8036 --- [expensetracker-test] [    Test worker] org.springframework.test.context.cache   : Spring test ApplicationContext cache statistics: [DefaultContextCache@2e2b1310 size = 3, maxSize = 32, parentContextCount = 0, hitCount = 575, missCount = 3, failureCount = 0]
2025-06-01T00:21:05.428+02:00 DEBUG 8036 --- [expensetracker-test] [    Test worker] org.springframework.test.context.cache   : Spring test ApplicationContext cache statistics: [DefaultContextCache@2e2b1310 size = 3, maxSize = 32, parentContextCount = 0, hitCount = 576, missCount = 3, failureCount = 0]
2025-06-01T00:21:05.429+02:00 DEBUG 8036 --- [expensetracker-test] [    Test worker] o.s.test.util.ReflectionTestUtils        : Invoking method 'getFilters' on target object [FilterChainProxy[Filter Chains: null]] or target class [null] with arguments {org.springframework.mock.web.MockHttpServletRequest@3122e792}
2025-06-01T00:21:05.431+02:00 DEBUG 8036 --- [expensetracker-test] [    Test worker] o.s.test.util.ReflectionTestUtils        : Invoking method 'getFilters' on target object [FilterChainProxy[Filter Chains: null]] or target class [null] with arguments {org.springframework.mock.web.MockHttpServletRequest@3122e792}
2025-06-01T00:21:05.431+02:00 DEBUG 8036 --- [expensetracker-test] [    Test worker] o.s.test.util.ReflectionTestUtils        : Getting field 'securityContextRepository' from target object [org.springframework.security.web.context.SecurityContextHolderFilter@4d6c42e] or target class [class org.springframework.security.web.context.SecurityContextHolderFilter]
2025-06-01T00:21:05.433+02:00 DEBUG 8036 --- [expensetracker-test] [    Test worker] o.s.t.web.servlet.TestDispatcherServlet  : GET "/expenses", parameters={}
2025-06-01T00:21:05.450+02:00 DEBUG 8036 --- [expensetracker-test] [    Test worker] o.s.t.web.servlet.TestDispatcherServlet  : Completed 200 OK
2025-06-01T00:21:05.451+02:00 DEBUG 8036 --- [expensetracker-test] [    Test worker] org.springframework.test.context.cache   : Spring test ApplicationContext cache statistics: [DefaultContextCache@2e2b1310 size = 3, maxSize = 32, parentContextCount = 0, hitCount = 577, missCount = 3, failureCount = 0]
2025-06-01T00:21:05.451+02:00 DEBUG 8036 --- [expensetracker-test] [    Test worker] org.springframework.test.context.cache   : Spring test ApplicationContext cache statistics: [DefaultContextCache@2e2b1310 size = 3, maxSize = 32, parentContextCount = 0, hitCount = 578, missCount = 3, failureCount = 0]
2025-06-01T00:21:05.451+02:00 DEBUG 8036 --- [expensetracker-test] [    Test worker] org.springframework.test.context.cache   : Spring test ApplicationContext cache statistics: [DefaultContextCache@2e2b1310 size = 3, maxSize = 32, parentContextCount = 0, hitCount = 579, missCount = 3, failureCount = 0]
2025-06-01T00:21:05.451+02:00 DEBUG 8036 --- [expensetracker-test] [    Test worker] org.springframework.test.context.cache   : Spring test ApplicationContext cache statistics: [DefaultContextCache@2e2b1310 size = 3, maxSize = 32, parentContextCount = 0, hitCount = 580, missCount = 3, failureCount = 0]
2025-06-01T00:21:05.451+02:00 DEBUG 8036 --- [expensetracker-test] [    Test worker] org.springframework.test.context.cache   : Spring test ApplicationContext cache statistics: [DefaultContextCache@2e2b1310 size = 3, maxSize = 32, parentContextCount = 0, hitCount = 581, missCount = 3, failureCount = 0]
2025-06-01T00:21:05.453+02:00 DEBUG 8036 --- [expensetracker-test] [    Test worker] org.springframework.test.context.cache   : Spring test ApplicationContext cache statistics: [DefaultContextCache@2e2b1310 size = 3, maxSize = 32, parentContextCount = 0, hitCount = 582, missCount = 3, failureCount = 0]
2025-06-01T00:21:05.453+02:00 DEBUG 8036 --- [expensetracker-test] [    Test worker] org.springframework.test.context.cache   : Spring test ApplicationContext cache statistics: [DefaultContextCache@2e2b1310 size = 3, maxSize = 32, parentContextCount = 0, hitCount = 583, missCount = 3, failureCount = 0]
2025-06-01T00:21:05.454+02:00 DEBUG 8036 --- [expensetracker-test] [    Test worker] o.s.t.c.transaction.TransactionContext   : Rolled back transaction (1) for test class [be.kdg.expensetracker.controller.HomeControllerIntegrationTest]; test method [expensesPage_AuthenticatedUser_ShouldShowPersonalSection]
2025-06-01T00:21:05.454+02:00 DEBUG 8036 --- [expensetracker-test] [    Test worker] .c.s.DirtiesContextTestExecutionListener : After test method: class [HomeControllerIntegrationTest], method [expensesPage_AuthenticatedUser_ShouldShowPersonalSection], class annotated with @DirtiesContext [false] with mode [null], method annotated with @DirtiesContext [false] with mode [null]
2025-06-01T00:21:05.454+02:00 DEBUG 8036 --- [expensetracker-test] [    Test worker] o.s.t.c.w.ServletTestExecutionListener   : Resetting RequestContextHolder for test class be.kdg.expensetracker.controller.HomeControllerIntegrationTest
2025-06-01T00:21:05.454+02:00 DEBUG 8036 --- [expensetracker-test] [    Test worker] org.springframework.test.context.cache   : Spring test ApplicationContext cache statistics: [DefaultContextCache@2e2b1310 size = 3, maxSize = 32, parentContextCount = 0, hitCount = 584, missCount = 3, failureCount = 0]
2025-06-01T00:21:05.455+02:00 DEBUG 8036 --- [expensetracker-test] [    Test worker] o.s.t.c.w.ServletTestExecutionListener   : Setting up MockHttpServletRequest, MockHttpServletResponse, ServletWebRequest, and RequestContextHolder for test class be.kdg.expensetracker.controller.HomeControllerIntegrationTest
2025-06-01T00:21:05.455+02:00 DEBUG 8036 --- [expensetracker-test] [    Test worker] DependencyInjectionTestExecutionListener : Performing dependency injection for test class be.kdg.expensetracker.controller.HomeControllerIntegrationTest
2025-06-01T00:21:05.455+02:00 DEBUG 8036 --- [expensetracker-test] [    Test worker] org.springframework.test.context.cache   : Spring test ApplicationContext cache statistics: [DefaultContextCache@2e2b1310 size = 3, maxSize = 32, parentContextCount = 0, hitCount = 585, missCount = 3, failureCount = 0]
2025-06-01T00:21:05.455+02:00 DEBUG 8036 --- [expensetracker-test] [    Test worker] org.springframework.test.context.cache   : Spring test ApplicationContext cache statistics: [DefaultContextCache@2e2b1310 size = 3, maxSize = 32, parentContextCount = 0, hitCount = 586, missCount = 3, failureCount = 0]
2025-06-01T00:21:05.456+02:00 DEBUG 8036 --- [expensetracker-test] [    Test worker] sContextBeforeModesTestExecutionListener : Before test method: class [HomeControllerIntegrationTest], method [homePage_ShouldBeAccessibleToAll], class annotated with @DirtiesContext [false] with mode [null], method annotated with @DirtiesContext [false] with mode [null]
2025-06-01T00:21:05.456+02:00 DEBUG 8036 --- [expensetracker-test] [    Test worker] t.c.t.TransactionalTestExecutionListener : Explicit transaction definition [PROPAGATION_REQUIRED,ISOLATION_DEFAULT] found for test class [be.kdg.expensetracker.controller.HomeControllerIntegrationTest] and test method [homePage_ShouldBeAccessibleToAll]
2025-06-01T00:21:05.456+02:00 DEBUG 8036 --- [expensetracker-test] [    Test worker] org.springframework.test.context.cache   : Spring test ApplicationContext cache statistics: [DefaultContextCache@2e2b1310 size = 3, maxSize = 32, parentContextCount = 0, hitCount = 587, missCount = 3, failureCount = 0]
2025-06-01T00:21:05.456+02:00 DEBUG 8036 --- [expensetracker-test] [    Test worker] t.c.t.TransactionalTestExecutionListener : No method-level @Rollback override: using default rollback [true] for test method [void be.kdg.expensetracker.controller.HomeControllerIntegrationTest.homePage_ShouldBeAccessibleToAll() throws java.lang.Exception]
2025-06-01T00:21:05.456+02:00 DEBUG 8036 --- [expensetracker-test] [    Test worker] o.s.t.c.transaction.TransactionContext   : Began transaction (1) for test class [be.kdg.expensetracker.controller.HomeControllerIntegrationTest]; test method [homePage_ShouldBeAccessibleToAll]; transaction manager [org.springframework.orm.jpa.JpaTransactionManager@3918a9f9]; rollback [true]
2025-06-01T00:21:05.457+02:00 DEBUG 8036 --- [expensetracker-test] [    Test worker] org.springframework.test.context.cache   : Spring test ApplicationContext cache statistics: [DefaultContextCache@2e2b1310 size = 3, maxSize = 32, parentContextCount = 0, hitCount = 588, missCount = 3, failureCount = 0]
2025-06-01T00:21:05.457+02:00 DEBUG 8036 --- [expensetracker-test] [    Test worker] org.springframework.test.context.cache   : Spring test ApplicationContext cache statistics: [DefaultContextCache@2e2b1310 size = 3, maxSize = 32, parentContextCount = 0, hitCount = 589, missCount = 3, failureCount = 0]
2025-06-01T00:21:05.657+02:00 DEBUG 8036 --- [expensetracker-test] [    Test worker] org.springframework.test.context.cache   : Spring test ApplicationContext cache statistics: [DefaultContextCache@2e2b1310 size = 3, maxSize = 32, parentContextCount = 0, hitCount = 590, missCount = 3, failureCount = 0]
2025-06-01T00:21:05.658+02:00 DEBUG 8036 --- [expensetracker-test] [    Test worker] o.s.t.web.servlet.TestDispatcherServlet  : GET "/", parameters={}
2025-06-01T00:21:05.672+02:00 DEBUG 8036 --- [expensetracker-test] [    Test worker] o.s.t.web.servlet.TestDispatcherServlet  : Completed 200 OK
2025-06-01T00:21:05.672+02:00 DEBUG 8036 --- [expensetracker-test] [    Test worker] org.springframework.test.context.cache   : Spring test ApplicationContext cache statistics: [DefaultContextCache@2e2b1310 size = 3, maxSize = 32, parentContextCount = 0, hitCount = 591, missCount = 3, failureCount = 0]
2025-06-01T00:21:05.672+02:00 DEBUG 8036 --- [expensetracker-test] [    Test worker] org.springframework.test.context.cache   : Spring test ApplicationContext cache statistics: [DefaultContextCache@2e2b1310 size = 3, maxSize = 32, parentContextCount = 0, hitCount = 592, missCount = 3, failureCount = 0]
2025-06-01T00:21:05.674+02:00 DEBUG 8036 --- [expensetracker-test] [    Test worker] org.springframework.test.context.cache   : Spring test ApplicationContext cache statistics: [DefaultContextCache@2e2b1310 size = 3, maxSize = 32, parentContextCount = 0, hitCount = 593, missCount = 3, failureCount = 0]
2025-06-01T00:21:05.674+02:00 DEBUG 8036 --- [expensetracker-test] [    Test worker] org.springframework.test.context.cache   : Spring test ApplicationContext cache statistics: [DefaultContextCache@2e2b1310 size = 3, maxSize = 32, parentContextCount = 0, hitCount = 594, missCount = 3, failureCount = 0]
2025-06-01T00:21:05.674+02:00 DEBUG 8036 --- [expensetracker-test] [    Test worker] org.springframework.test.context.cache   : Spring test ApplicationContext cache statistics: [DefaultContextCache@2e2b1310 size = 3, maxSize = 32, parentContextCount = 0, hitCount = 595, missCount = 3, failureCount = 0]
2025-06-01T00:21:05.674+02:00 DEBUG 8036 --- [expensetracker-test] [    Test worker] org.springframework.test.context.cache   : Spring test ApplicationContext cache statistics: [DefaultContextCache@2e2b1310 size = 3, maxSize = 32, parentContextCount = 0, hitCount = 596, missCount = 3, failureCount = 0]
2025-06-01T00:21:05.674+02:00 DEBUG 8036 --- [expensetracker-test] [    Test worker] org.springframework.test.context.cache   : Spring test ApplicationContext cache statistics: [DefaultContextCache@2e2b1310 size = 3, maxSize = 32, parentContextCount = 0, hitCount = 597, missCount = 3, failureCount = 0]
2025-06-01T00:21:05.675+02:00 DEBUG 8036 --- [expensetracker-test] [    Test worker] o.s.t.c.transaction.TransactionContext   : Rolled back transaction (1) for test class [be.kdg.expensetracker.controller.HomeControllerIntegrationTest]; test method [homePage_ShouldBeAccessibleToAll]
2025-06-01T00:21:05.675+02:00 DEBUG 8036 --- [expensetracker-test] [    Test worker] .c.s.DirtiesContextTestExecutionListener : After test method: class [HomeControllerIntegrationTest], method [homePage_ShouldBeAccessibleToAll], class annotated with @DirtiesContext [false] with mode [null], method annotated with @DirtiesContext [false] with mode [null]
2025-06-01T00:21:05.675+02:00 DEBUG 8036 --- [expensetracker-test] [    Test worker] o.s.t.c.w.ServletTestExecutionListener   : Resetting RequestContextHolder for test class be.kdg.expensetracker.controller.HomeControllerIntegrationTest
2025-06-01T00:21:05.675+02:00 DEBUG 8036 --- [expensetracker-test] [    Test worker] org.springframework.test.context.cache   : Spring test ApplicationContext cache statistics: [DefaultContextCache@2e2b1310 size = 3, maxSize = 32, parentContextCount = 0, hitCount = 598, missCount = 3, failureCount = 0]
2025-06-01T00:21:05.675+02:00 DEBUG 8036 --- [expensetracker-test] [    Test worker] .c.s.DirtiesContextTestExecutionListener : After test class: class [HomeControllerIntegrationTest], class annotated with @DirtiesContext [false] with mode [null]
]]></system-out>
  <system-err><![CDATA[]]></system-err>
</testsuite>
