<?xml version="1.0" encoding="UTF-8"?>
<testsuite name="be.kdg.expensetracker.service.CategoryServiceUnitTest" tests="4" skipped="0" failures="0" errors="0" timestamp="2025-05-31T07:19:00" hostname="WIN-8VD49MJ8CQH" time="0.126">
  <properties/>
  <testcase name="addCategory_ValidData_ShouldCreateCategory()" classname="be.kdg.expensetracker.service.CategoryServiceUnitTest" time="0.112"/>
  <testcase name="getAllCategories_ShouldReturnAllCategories()" classname="be.kdg.expensetracker.service.CategoryServiceUnitTest" time="0.009"/>
  <testcase name="removeCategory_ExistingCategory_ShouldCallDeleteById()" classname="be.kdg.expensetracker.service.CategoryServiceUnitTest" time="0.002"/>
  <testcase name="addCategory_DuplicateName_ShouldThrowException()" classname="be.kdg.expensetracker.service.CategoryServiceUnitTest" time="0.002"/>
  <system-out><![CDATA[]]></system-out>
  <system-err><![CDATA[]]></system-err>
</testsuite>
