<?xml version="1.0" encoding="UTF-8"?>
<testsuite name="be.kdg.expensetracker.repository.CategoryRepositoryTest" tests="5" skipped="0" failures="0" errors="0" timestamp="2025-05-31T22:21:06" hostname="WIN-8VD49MJ8CQH" time="0.976">
  <properties/>
  <testcase name="testDeleteCategory_WithNoExpenses_ShouldSucceed()" classname="be.kdg.expensetracker.repository.CategoryRepositoryTest" time="0.242"/>
  <testcase name="testFindByName_ShouldReturnCorrectCategory()" classname="be.kdg.expensetracker.repository.CategoryRepositoryTest" time="0.187"/>
  <testcase name="testFindByName_ShouldReturnEmptyForNonExistentCategory()" classname="be.kdg.expensetracker.repository.CategoryRepositoryTest" time="0.181"/>
  <testcase name="testCategoryNameUniqueness_ShouldThrowExceptionForDuplicateName()" classname="be.kdg.expensetracker.repository.CategoryRepositoryTest" time="0.184"/>
  <testcase name="testCategoryNameNotNull_ShouldThrowException()" classname="be.kdg.expensetracker.repository.CategoryRepositoryTest" time="0.177"/>
  <system-out><![CDATA[2025-06-01T00:21:06.539+02:00 DEBUG 8036 --- [expensetracker-test] [    Test worker] .b.t.c.SpringBootTestContextBootstrapper : Neither @ContextConfiguration nor @ContextHierarchy found for test class [CategoryRepositoryTest]: using SpringBootContextLoader
2025-06-01T00:21:06.539+02:00 DEBUG 8036 --- [expensetracker-test] [    Test worker] o.s.t.c.support.AbstractContextLoader    : Could not detect default resource locations for test class [be.kdg.expensetracker.repository.CategoryRepositoryTest]: no resource found for suffixes {-context.xml, Context.groovy}.
2025-06-01T00:21:06.539+02:00  INFO 8036 --- [expensetracker-test] [    Test worker] t.c.s.AnnotationConfigContextLoaderUtils : Could not detect default configuration classes for test class [be.kdg.expensetracker.repository.CategoryRepositoryTest]: CategoryRepositoryTest does not declare any static, non-private, non-final, nested classes annotated with @Configuration.
2025-06-01T00:21:06.540+02:00 DEBUG 8036 --- [expensetracker-test] [    Test worker] .b.t.c.SpringBootTestContextBootstrapper : Using ContextCustomizerFactory implementations for test class [CategoryRepositoryTest]: [OverrideAutoConfigurationContextCustomizerFactory, ObservabilityContextCustomizerFactory, TypeExcludeFiltersContextCustomizerFactory, PropertyMappingContextCustomizerFactory, WebDriverContextCustomizerFactory, ImportsContextCustomizerFactory, ExcludeFilterContextCustomizerFactory, HttpGraphQlTesterContextCustomizerFactory, DuplicateJsonObjectContextCustomizerFactory, MockitoContextCustomizerFactory, TestRestTemplateContextCustomizerFactory, WebTestClientContextCustomizerFactory, MockServerContainerContextCustomizerFactory, DynamicPropertiesContextCustomizerFactory]
2025-06-01T00:21:06.540+02:00 DEBUG 8036 --- [expensetracker-test] [    Test worker] .b.t.c.SpringBootTestContextBootstrapper : Using ContextCustomizers for test class [CategoryRepositoryTest]: [DisableObservabilityContextCustomizer, PropertyMappingContextCustomizer, WebDriverContextCustomizer, ExcludeFilterContextCustomizer, DuplicateJsonObjectContextCustomizer, MockitoContextCustomizer, TestRestTemplateContextCustomizer]
2025-06-01T00:21:06.548+02:00  INFO 8036 --- [expensetracker-test] [    Test worker] .b.t.c.SpringBootTestContextBootstrapper : Found @SpringBootConfiguration be.kdg.expensetracker.ExpenseTrackerApplication for test class be.kdg.expensetracker.repository.CategoryRepositoryTest
2025-06-01T00:21:06.549+02:00 DEBUG 8036 --- [expensetracker-test] [    Test worker] .s.t.c.u.TestContextSpringFactoriesUtils : Skipping candidate TestExecutionListener [org.springframework.test.context.observation.MicrometerObservationRegistryTestExecutionListener] due to a missing dependency. Specify custom TestExecutionListener classes or make the default TestExecutionListener classes and their required dependencies available. Offending class: io.micrometer.context.ThreadLocalAccessor. MicrometerObservationRegistryTestExecutionListener requires io.micrometer:micrometer-observation:1.10.8 or higher and io.micrometer:context-propagation:1.0.3 or higher.
2025-06-01T00:21:06.549+02:00 DEBUG 8036 --- [expensetracker-test] [    Test worker] .b.t.c.SpringBootTestContextBootstrapper : Using TestExecutionListeners for test class [CategoryRepositoryTest]: [ServletTestExecutionListener, DirtiesContextBeforeModesTestExecutionListener, ApplicationEventsTestExecutionListener, MockitoTestExecutionListener, DependencyInjectionTestExecutionListener, DirtiesContextTestExecutionListener, TransactionalTestExecutionListener, SqlScriptsTestExecutionListener, WithSecurityContextTestExecutionListener, EventPublishingTestExecutionListener, ReactorContextTestExecutionListener, RestDocsTestExecutionListener, MockRestServiceServerResetTestExecutionListener, MockMvcPrintOnlyOnFailureTestExecutionListener, WebDriverTestExecutionListener, MockWebServiceServerTestExecutionListener, ResetMocksTestExecutionListener]
2025-06-01T00:21:06.550+02:00 DEBUG 8036 --- [expensetracker-test] [    Test worker] sContextBeforeModesTestExecutionListener : Before test class: class [CategoryRepositoryTest], class annotated with @DirtiesContext [false] with mode [null]
2025-06-01T00:21:06.550+02:00 DEBUG 8036 --- [expensetracker-test] [    Test worker] org.springframework.test.context.cache   : Spring test ApplicationContext cache statistics: [DefaultContextCache@2e2b1310 size = 3, maxSize = 32, parentContextCount = 0, hitCount = 663, missCount = 3, failureCount = 0]
2025-06-01T00:21:06.550+02:00 DEBUG 8036 --- [expensetracker-test] [    Test worker] org.springframework.test.context.cache   : Spring test ApplicationContext cache statistics: [DefaultContextCache@2e2b1310 size = 3, maxSize = 32, parentContextCount = 0, hitCount = 664, missCount = 3, failureCount = 0]
2025-06-01T00:21:06.550+02:00 DEBUG 8036 --- [expensetracker-test] [    Test worker] o.s.t.c.w.ServletTestExecutionListener   : Setting up MockHttpServletRequest, MockHttpServletResponse, ServletWebRequest, and RequestContextHolder for test class be.kdg.expensetracker.repository.CategoryRepositoryTest
2025-06-01T00:21:06.550+02:00 DEBUG 8036 --- [expensetracker-test] [    Test worker] DependencyInjectionTestExecutionListener : Performing dependency injection for test class be.kdg.expensetracker.repository.CategoryRepositoryTest
2025-06-01T00:21:06.550+02:00 DEBUG 8036 --- [expensetracker-test] [    Test worker] org.springframework.test.context.cache   : Spring test ApplicationContext cache statistics: [DefaultContextCache@2e2b1310 size = 3, maxSize = 32, parentContextCount = 0, hitCount = 665, missCount = 3, failureCount = 0]
2025-06-01T00:21:06.558+02:00 DEBUG 8036 --- [expensetracker-test] [    Test worker] org.springframework.test.context.cache   : Spring test ApplicationContext cache statistics: [DefaultContextCache@2e2b1310 size = 3, maxSize = 32, parentContextCount = 0, hitCount = 666, missCount = 3, failureCount = 0]
2025-06-01T00:21:06.559+02:00 DEBUG 8036 --- [expensetracker-test] [    Test worker] sContextBeforeModesTestExecutionListener : Before test method: class [CategoryRepositoryTest], method [testDeleteCategory_WithNoExpenses_ShouldSucceed], class annotated with @DirtiesContext [false] with mode [null], method annotated with @DirtiesContext [false] with mode [null]
2025-06-01T00:21:06.559+02:00 DEBUG 8036 --- [expensetracker-test] [    Test worker] t.c.t.TransactionalTestExecutionListener : Explicit transaction definition [PROPAGATION_REQUIRED,ISOLATION_DEFAULT] found for test class [be.kdg.expensetracker.repository.CategoryRepositoryTest] and test method [testDeleteCategory_WithNoExpenses_ShouldSucceed]
2025-06-01T00:21:06.559+02:00 DEBUG 8036 --- [expensetracker-test] [    Test worker] org.springframework.test.context.cache   : Spring test ApplicationContext cache statistics: [DefaultContextCache@2e2b1310 size = 3, maxSize = 32, parentContextCount = 0, hitCount = 667, missCount = 3, failureCount = 0]
2025-06-01T00:21:06.560+02:00 DEBUG 8036 --- [expensetracker-test] [    Test worker] t.c.t.TransactionalTestExecutionListener : No method-level @Rollback override: using default rollback [true] for test method [void be.kdg.expensetracker.repository.CategoryRepositoryTest.testDeleteCategory_WithNoExpenses_ShouldSucceed()]
2025-06-01T00:21:06.560+02:00 DEBUG 8036 --- [expensetracker-test] [    Test worker] o.s.t.c.transaction.TransactionContext   : Began transaction (1) for test class [be.kdg.expensetracker.repository.CategoryRepositoryTest]; test method [testDeleteCategory_WithNoExpenses_ShouldSucceed]; transaction manager [org.springframework.orm.jpa.JpaTransactionManager@38dde7ec]; rollback [true]
2025-06-01T00:21:06.560+02:00 DEBUG 8036 --- [expensetracker-test] [    Test worker] org.springframework.test.context.cache   : Spring test ApplicationContext cache statistics: [DefaultContextCache@2e2b1310 size = 3, maxSize = 32, parentContextCount = 0, hitCount = 668, missCount = 3, failureCount = 0]
2025-06-01T00:21:06.560+02:00 DEBUG 8036 --- [expensetracker-test] [    Test worker] org.springframework.test.context.cache   : Spring test ApplicationContext cache statistics: [DefaultContextCache@2e2b1310 size = 3, maxSize = 32, parentContextCount = 0, hitCount = 669, missCount = 3, failureCount = 0]
2025-06-01T00:21:06.788+02:00 DEBUG 8036 --- [expensetracker-test] [    Test worker] org.springframework.test.context.cache   : Spring test ApplicationContext cache statistics: [DefaultContextCache@2e2b1310 size = 3, maxSize = 32, parentContextCount = 0, hitCount = 670, missCount = 3, failureCount = 0]
2025-06-01T00:21:06.798+02:00 DEBUG 8036 --- [expensetracker-test] [    Test worker] org.springframework.test.context.cache   : Spring test ApplicationContext cache statistics: [DefaultContextCache@2e2b1310 size = 3, maxSize = 32, parentContextCount = 0, hitCount = 671, missCount = 3, failureCount = 0]
2025-06-01T00:21:06.798+02:00 DEBUG 8036 --- [expensetracker-test] [    Test worker] org.springframework.test.context.cache   : Spring test ApplicationContext cache statistics: [DefaultContextCache@2e2b1310 size = 3, maxSize = 32, parentContextCount = 0, hitCount = 672, missCount = 3, failureCount = 0]
2025-06-01T00:21:06.798+02:00 DEBUG 8036 --- [expensetracker-test] [    Test worker] org.springframework.test.context.cache   : Spring test ApplicationContext cache statistics: [DefaultContextCache@2e2b1310 size = 3, maxSize = 32, parentContextCount = 0, hitCount = 673, missCount = 3, failureCount = 0]
2025-06-01T00:21:06.798+02:00 DEBUG 8036 --- [expensetracker-test] [    Test worker] org.springframework.test.context.cache   : Spring test ApplicationContext cache statistics: [DefaultContextCache@2e2b1310 size = 3, maxSize = 32, parentContextCount = 0, hitCount = 674, missCount = 3, failureCount = 0]
2025-06-01T00:21:06.798+02:00 DEBUG 8036 --- [expensetracker-test] [    Test worker] org.springframework.test.context.cache   : Spring test ApplicationContext cache statistics: [DefaultContextCache@2e2b1310 size = 3, maxSize = 32, parentContextCount = 0, hitCount = 675, missCount = 3, failureCount = 0]
2025-06-01T00:21:06.800+02:00 DEBUG 8036 --- [expensetracker-test] [    Test worker] org.springframework.test.context.cache   : Spring test ApplicationContext cache statistics: [DefaultContextCache@2e2b1310 size = 3, maxSize = 32, parentContextCount = 0, hitCount = 676, missCount = 3, failureCount = 0]
2025-06-01T00:21:06.800+02:00 DEBUG 8036 --- [expensetracker-test] [    Test worker] org.springframework.test.context.cache   : Spring test ApplicationContext cache statistics: [DefaultContextCache@2e2b1310 size = 3, maxSize = 32, parentContextCount = 0, hitCount = 677, missCount = 3, failureCount = 0]
2025-06-01T00:21:06.801+02:00 DEBUG 8036 --- [expensetracker-test] [    Test worker] o.s.t.c.transaction.TransactionContext   : Rolled back transaction (1) for test class [be.kdg.expensetracker.repository.CategoryRepositoryTest]; test method [testDeleteCategory_WithNoExpenses_ShouldSucceed]
2025-06-01T00:21:06.801+02:00 DEBUG 8036 --- [expensetracker-test] [    Test worker] .c.s.DirtiesContextTestExecutionListener : After test method: class [CategoryRepositoryTest], method [testDeleteCategory_WithNoExpenses_ShouldSucceed], class annotated with @DirtiesContext [false] with mode [null], method annotated with @DirtiesContext [false] with mode [null]
2025-06-01T00:21:06.801+02:00 DEBUG 8036 --- [expensetracker-test] [    Test worker] o.s.t.c.w.ServletTestExecutionListener   : Resetting RequestContextHolder for test class be.kdg.expensetracker.repository.CategoryRepositoryTest
2025-06-01T00:21:06.802+02:00 DEBUG 8036 --- [expensetracker-test] [    Test worker] org.springframework.test.context.cache   : Spring test ApplicationContext cache statistics: [DefaultContextCache@2e2b1310 size = 3, maxSize = 32, parentContextCount = 0, hitCount = 678, missCount = 3, failureCount = 0]
2025-06-01T00:21:06.802+02:00 DEBUG 8036 --- [expensetracker-test] [    Test worker] o.s.t.c.w.ServletTestExecutionListener   : Setting up MockHttpServletRequest, MockHttpServletResponse, ServletWebRequest, and RequestContextHolder for test class be.kdg.expensetracker.repository.CategoryRepositoryTest
2025-06-01T00:21:06.802+02:00 DEBUG 8036 --- [expensetracker-test] [    Test worker] DependencyInjectionTestExecutionListener : Performing dependency injection for test class be.kdg.expensetracker.repository.CategoryRepositoryTest
2025-06-01T00:21:06.802+02:00 DEBUG 8036 --- [expensetracker-test] [    Test worker] org.springframework.test.context.cache   : Spring test ApplicationContext cache statistics: [DefaultContextCache@2e2b1310 size = 3, maxSize = 32, parentContextCount = 0, hitCount = 679, missCount = 3, failureCount = 0]
2025-06-01T00:21:06.803+02:00 DEBUG 8036 --- [expensetracker-test] [    Test worker] org.springframework.test.context.cache   : Spring test ApplicationContext cache statistics: [DefaultContextCache@2e2b1310 size = 3, maxSize = 32, parentContextCount = 0, hitCount = 680, missCount = 3, failureCount = 0]
2025-06-01T00:21:06.804+02:00 DEBUG 8036 --- [expensetracker-test] [    Test worker] sContextBeforeModesTestExecutionListener : Before test method: class [CategoryRepositoryTest], method [testFindByName_ShouldReturnCorrectCategory], class annotated with @DirtiesContext [false] with mode [null], method annotated with @DirtiesContext [false] with mode [null]
2025-06-01T00:21:06.804+02:00 DEBUG 8036 --- [expensetracker-test] [    Test worker] t.c.t.TransactionalTestExecutionListener : Explicit transaction definition [PROPAGATION_REQUIRED,ISOLATION_DEFAULT] found for test class [be.kdg.expensetracker.repository.CategoryRepositoryTest] and test method [testFindByName_ShouldReturnCorrectCategory]
2025-06-01T00:21:06.804+02:00 DEBUG 8036 --- [expensetracker-test] [    Test worker] org.springframework.test.context.cache   : Spring test ApplicationContext cache statistics: [DefaultContextCache@2e2b1310 size = 3, maxSize = 32, parentContextCount = 0, hitCount = 681, missCount = 3, failureCount = 0]
2025-06-01T00:21:06.804+02:00 DEBUG 8036 --- [expensetracker-test] [    Test worker] t.c.t.TransactionalTestExecutionListener : No method-level @Rollback override: using default rollback [true] for test method [void be.kdg.expensetracker.repository.CategoryRepositoryTest.testFindByName_ShouldReturnCorrectCategory()]
2025-06-01T00:21:06.804+02:00 DEBUG 8036 --- [expensetracker-test] [    Test worker] o.s.t.c.transaction.TransactionContext   : Began transaction (1) for test class [be.kdg.expensetracker.repository.CategoryRepositoryTest]; test method [testFindByName_ShouldReturnCorrectCategory]; transaction manager [org.springframework.orm.jpa.JpaTransactionManager@38dde7ec]; rollback [true]
2025-06-01T00:21:06.804+02:00 DEBUG 8036 --- [expensetracker-test] [    Test worker] org.springframework.test.context.cache   : Spring test ApplicationContext cache statistics: [DefaultContextCache@2e2b1310 size = 3, maxSize = 32, parentContextCount = 0, hitCount = 682, missCount = 3, failureCount = 0]
2025-06-01T00:21:06.805+02:00 DEBUG 8036 --- [expensetracker-test] [    Test worker] org.springframework.test.context.cache   : Spring test ApplicationContext cache statistics: [DefaultContextCache@2e2b1310 size = 3, maxSize = 32, parentContextCount = 0, hitCount = 683, missCount = 3, failureCount = 0]
2025-06-01T00:21:06.981+02:00 DEBUG 8036 --- [expensetracker-test] [    Test worker] org.springframework.test.context.cache   : Spring test ApplicationContext cache statistics: [DefaultContextCache@2e2b1310 size = 3, maxSize = 32, parentContextCount = 0, hitCount = 684, missCount = 3, failureCount = 0]
2025-06-01T00:21:06.988+02:00 DEBUG 8036 --- [expensetracker-test] [    Test worker] org.springframework.test.context.cache   : Spring test ApplicationContext cache statistics: [DefaultContextCache@2e2b1310 size = 3, maxSize = 32, parentContextCount = 0, hitCount = 685, missCount = 3, failureCount = 0]
2025-06-01T00:21:06.988+02:00 DEBUG 8036 --- [expensetracker-test] [    Test worker] org.springframework.test.context.cache   : Spring test ApplicationContext cache statistics: [DefaultContextCache@2e2b1310 size = 3, maxSize = 32, parentContextCount = 0, hitCount = 686, missCount = 3, failureCount = 0]
2025-06-01T00:21:06.988+02:00 DEBUG 8036 --- [expensetracker-test] [    Test worker] org.springframework.test.context.cache   : Spring test ApplicationContext cache statistics: [DefaultContextCache@2e2b1310 size = 3, maxSize = 32, parentContextCount = 0, hitCount = 687, missCount = 3, failureCount = 0]
2025-06-01T00:21:06.989+02:00 DEBUG 8036 --- [expensetracker-test] [    Test worker] org.springframework.test.context.cache   : Spring test ApplicationContext cache statistics: [DefaultContextCache@2e2b1310 size = 3, maxSize = 32, parentContextCount = 0, hitCount = 688, missCount = 3, failureCount = 0]
2025-06-01T00:21:06.989+02:00 DEBUG 8036 --- [expensetracker-test] [    Test worker] org.springframework.test.context.cache   : Spring test ApplicationContext cache statistics: [DefaultContextCache@2e2b1310 size = 3, maxSize = 32, parentContextCount = 0, hitCount = 689, missCount = 3, failureCount = 0]
2025-06-01T00:21:06.989+02:00 DEBUG 8036 --- [expensetracker-test] [    Test worker] org.springframework.test.context.cache   : Spring test ApplicationContext cache statistics: [DefaultContextCache@2e2b1310 size = 3, maxSize = 32, parentContextCount = 0, hitCount = 690, missCount = 3, failureCount = 0]
2025-06-01T00:21:06.989+02:00 DEBUG 8036 --- [expensetracker-test] [    Test worker] org.springframework.test.context.cache   : Spring test ApplicationContext cache statistics: [DefaultContextCache@2e2b1310 size = 3, maxSize = 32, parentContextCount = 0, hitCount = 691, missCount = 3, failureCount = 0]
2025-06-01T00:21:06.989+02:00 DEBUG 8036 --- [expensetracker-test] [    Test worker] o.s.t.c.transaction.TransactionContext   : Rolled back transaction (1) for test class [be.kdg.expensetracker.repository.CategoryRepositoryTest]; test method [testFindByName_ShouldReturnCorrectCategory]
2025-06-01T00:21:06.989+02:00 DEBUG 8036 --- [expensetracker-test] [    Test worker] .c.s.DirtiesContextTestExecutionListener : After test method: class [CategoryRepositoryTest], method [testFindByName_ShouldReturnCorrectCategory], class annotated with @DirtiesContext [false] with mode [null], method annotated with @DirtiesContext [false] with mode [null]
2025-06-01T00:21:06.989+02:00 DEBUG 8036 --- [expensetracker-test] [    Test worker] o.s.t.c.w.ServletTestExecutionListener   : Resetting RequestContextHolder for test class be.kdg.expensetracker.repository.CategoryRepositoryTest
2025-06-01T00:21:06.990+02:00 DEBUG 8036 --- [expensetracker-test] [    Test worker] org.springframework.test.context.cache   : Spring test ApplicationContext cache statistics: [DefaultContextCache@2e2b1310 size = 3, maxSize = 32, parentContextCount = 0, hitCount = 692, missCount = 3, failureCount = 0]
2025-06-01T00:21:06.990+02:00 DEBUG 8036 --- [expensetracker-test] [    Test worker] o.s.t.c.w.ServletTestExecutionListener   : Setting up MockHttpServletRequest, MockHttpServletResponse, ServletWebRequest, and RequestContextHolder for test class be.kdg.expensetracker.repository.CategoryRepositoryTest
2025-06-01T00:21:06.990+02:00 DEBUG 8036 --- [expensetracker-test] [    Test worker] DependencyInjectionTestExecutionListener : Performing dependency injection for test class be.kdg.expensetracker.repository.CategoryRepositoryTest
2025-06-01T00:21:06.990+02:00 DEBUG 8036 --- [expensetracker-test] [    Test worker] org.springframework.test.context.cache   : Spring test ApplicationContext cache statistics: [DefaultContextCache@2e2b1310 size = 3, maxSize = 32, parentContextCount = 0, hitCount = 693, missCount = 3, failureCount = 0]
2025-06-01T00:21:06.990+02:00 DEBUG 8036 --- [expensetracker-test] [    Test worker] org.springframework.test.context.cache   : Spring test ApplicationContext cache statistics: [DefaultContextCache@2e2b1310 size = 3, maxSize = 32, parentContextCount = 0, hitCount = 694, missCount = 3, failureCount = 0]
2025-06-01T00:21:06.991+02:00 DEBUG 8036 --- [expensetracker-test] [    Test worker] sContextBeforeModesTestExecutionListener : Before test method: class [CategoryRepositoryTest], method [testFindByName_ShouldReturnEmptyForNonExistentCategory], class annotated with @DirtiesContext [false] with mode [null], method annotated with @DirtiesContext [false] with mode [null]
2025-06-01T00:21:06.991+02:00 DEBUG 8036 --- [expensetracker-test] [    Test worker] t.c.t.TransactionalTestExecutionListener : Explicit transaction definition [PROPAGATION_REQUIRED,ISOLATION_DEFAULT] found for test class [be.kdg.expensetracker.repository.CategoryRepositoryTest] and test method [testFindByName_ShouldReturnEmptyForNonExistentCategory]
2025-06-01T00:21:06.991+02:00 DEBUG 8036 --- [expensetracker-test] [    Test worker] org.springframework.test.context.cache   : Spring test ApplicationContext cache statistics: [DefaultContextCache@2e2b1310 size = 3, maxSize = 32, parentContextCount = 0, hitCount = 695, missCount = 3, failureCount = 0]
2025-06-01T00:21:06.991+02:00 DEBUG 8036 --- [expensetracker-test] [    Test worker] t.c.t.TransactionalTestExecutionListener : No method-level @Rollback override: using default rollback [true] for test method [void be.kdg.expensetracker.repository.CategoryRepositoryTest.testFindByName_ShouldReturnEmptyForNonExistentCategory()]
2025-06-01T00:21:06.991+02:00 DEBUG 8036 --- [expensetracker-test] [    Test worker] o.s.t.c.transaction.TransactionContext   : Began transaction (1) for test class [be.kdg.expensetracker.repository.CategoryRepositoryTest]; test method [testFindByName_ShouldReturnEmptyForNonExistentCategory]; transaction manager [org.springframework.orm.jpa.JpaTransactionManager@38dde7ec]; rollback [true]
2025-06-01T00:21:06.991+02:00 DEBUG 8036 --- [expensetracker-test] [    Test worker] org.springframework.test.context.cache   : Spring test ApplicationContext cache statistics: [DefaultContextCache@2e2b1310 size = 3, maxSize = 32, parentContextCount = 0, hitCount = 696, missCount = 3, failureCount = 0]
2025-06-01T00:21:06.991+02:00 DEBUG 8036 --- [expensetracker-test] [    Test worker] org.springframework.test.context.cache   : Spring test ApplicationContext cache statistics: [DefaultContextCache@2e2b1310 size = 3, maxSize = 32, parentContextCount = 0, hitCount = 697, missCount = 3, failureCount = 0]
2025-06-01T00:21:07.169+02:00 DEBUG 8036 --- [expensetracker-test] [    Test worker] org.springframework.test.context.cache   : Spring test ApplicationContext cache statistics: [DefaultContextCache@2e2b1310 size = 3, maxSize = 32, parentContextCount = 0, hitCount = 698, missCount = 3, failureCount = 0]
2025-06-01T00:21:07.171+02:00 DEBUG 8036 --- [expensetracker-test] [    Test worker] org.springframework.test.context.cache   : Spring test ApplicationContext cache statistics: [DefaultContextCache@2e2b1310 size = 3, maxSize = 32, parentContextCount = 0, hitCount = 699, missCount = 3, failureCount = 0]
2025-06-01T00:21:07.171+02:00 DEBUG 8036 --- [expensetracker-test] [    Test worker] org.springframework.test.context.cache   : Spring test ApplicationContext cache statistics: [DefaultContextCache@2e2b1310 size = 3, maxSize = 32, parentContextCount = 0, hitCount = 700, missCount = 3, failureCount = 0]
2025-06-01T00:21:07.171+02:00 DEBUG 8036 --- [expensetracker-test] [    Test worker] org.springframework.test.context.cache   : Spring test ApplicationContext cache statistics: [DefaultContextCache@2e2b1310 size = 3, maxSize = 32, parentContextCount = 0, hitCount = 701, missCount = 3, failureCount = 0]
2025-06-01T00:21:07.171+02:00 DEBUG 8036 --- [expensetracker-test] [    Test worker] org.springframework.test.context.cache   : Spring test ApplicationContext cache statistics: [DefaultContextCache@2e2b1310 size = 3, maxSize = 32, parentContextCount = 0, hitCount = 702, missCount = 3, failureCount = 0]
2025-06-01T00:21:07.171+02:00 DEBUG 8036 --- [expensetracker-test] [    Test worker] org.springframework.test.context.cache   : Spring test ApplicationContext cache statistics: [DefaultContextCache@2e2b1310 size = 3, maxSize = 32, parentContextCount = 0, hitCount = 703, missCount = 3, failureCount = 0]
2025-06-01T00:21:07.171+02:00 DEBUG 8036 --- [expensetracker-test] [    Test worker] org.springframework.test.context.cache   : Spring test ApplicationContext cache statistics: [DefaultContextCache@2e2b1310 size = 3, maxSize = 32, parentContextCount = 0, hitCount = 704, missCount = 3, failureCount = 0]
2025-06-01T00:21:07.171+02:00 DEBUG 8036 --- [expensetracker-test] [    Test worker] org.springframework.test.context.cache   : Spring test ApplicationContext cache statistics: [DefaultContextCache@2e2b1310 size = 3, maxSize = 32, parentContextCount = 0, hitCount = 705, missCount = 3, failureCount = 0]
2025-06-01T00:21:07.172+02:00 DEBUG 8036 --- [expensetracker-test] [    Test worker] o.s.t.c.transaction.TransactionContext   : Rolled back transaction (1) for test class [be.kdg.expensetracker.repository.CategoryRepositoryTest]; test method [testFindByName_ShouldReturnEmptyForNonExistentCategory]
2025-06-01T00:21:07.172+02:00 DEBUG 8036 --- [expensetracker-test] [    Test worker] .c.s.DirtiesContextTestExecutionListener : After test method: class [CategoryRepositoryTest], method [testFindByName_ShouldReturnEmptyForNonExistentCategory], class annotated with @DirtiesContext [false] with mode [null], method annotated with @DirtiesContext [false] with mode [null]
2025-06-01T00:21:07.172+02:00 DEBUG 8036 --- [expensetracker-test] [    Test worker] o.s.t.c.w.ServletTestExecutionListener   : Resetting RequestContextHolder for test class be.kdg.expensetracker.repository.CategoryRepositoryTest
2025-06-01T00:21:07.172+02:00 DEBUG 8036 --- [expensetracker-test] [    Test worker] org.springframework.test.context.cache   : Spring test ApplicationContext cache statistics: [DefaultContextCache@2e2b1310 size = 3, maxSize = 32, parentContextCount = 0, hitCount = 706, missCount = 3, failureCount = 0]
2025-06-01T00:21:07.172+02:00 DEBUG 8036 --- [expensetracker-test] [    Test worker] o.s.t.c.w.ServletTestExecutionListener   : Setting up MockHttpServletRequest, MockHttpServletResponse, ServletWebRequest, and RequestContextHolder for test class be.kdg.expensetracker.repository.CategoryRepositoryTest
2025-06-01T00:21:07.173+02:00 DEBUG 8036 --- [expensetracker-test] [    Test worker] DependencyInjectionTestExecutionListener : Performing dependency injection for test class be.kdg.expensetracker.repository.CategoryRepositoryTest
2025-06-01T00:21:07.173+02:00 DEBUG 8036 --- [expensetracker-test] [    Test worker] org.springframework.test.context.cache   : Spring test ApplicationContext cache statistics: [DefaultContextCache@2e2b1310 size = 3, maxSize = 32, parentContextCount = 0, hitCount = 707, missCount = 3, failureCount = 0]
2025-06-01T00:21:07.173+02:00 DEBUG 8036 --- [expensetracker-test] [    Test worker] org.springframework.test.context.cache   : Spring test ApplicationContext cache statistics: [DefaultContextCache@2e2b1310 size = 3, maxSize = 32, parentContextCount = 0, hitCount = 708, missCount = 3, failureCount = 0]
2025-06-01T00:21:07.173+02:00 DEBUG 8036 --- [expensetracker-test] [    Test worker] sContextBeforeModesTestExecutionListener : Before test method: class [CategoryRepositoryTest], method [testCategoryNameUniqueness_ShouldThrowExceptionForDuplicateName], class annotated with @DirtiesContext [false] with mode [null], method annotated with @DirtiesContext [false] with mode [null]
2025-06-01T00:21:07.173+02:00 DEBUG 8036 --- [expensetracker-test] [    Test worker] t.c.t.TransactionalTestExecutionListener : Explicit transaction definition [PROPAGATION_REQUIRED,ISOLATION_DEFAULT] found for test class [be.kdg.expensetracker.repository.CategoryRepositoryTest] and test method [testCategoryNameUniqueness_ShouldThrowExceptionForDuplicateName]
2025-06-01T00:21:07.173+02:00 DEBUG 8036 --- [expensetracker-test] [    Test worker] org.springframework.test.context.cache   : Spring test ApplicationContext cache statistics: [DefaultContextCache@2e2b1310 size = 3, maxSize = 32, parentContextCount = 0, hitCount = 709, missCount = 3, failureCount = 0]
2025-06-01T00:21:07.173+02:00 DEBUG 8036 --- [expensetracker-test] [    Test worker] t.c.t.TransactionalTestExecutionListener : No method-level @Rollback override: using default rollback [true] for test method [void be.kdg.expensetracker.repository.CategoryRepositoryTest.testCategoryNameUniqueness_ShouldThrowExceptionForDuplicateName()]
2025-06-01T00:21:07.174+02:00 DEBUG 8036 --- [expensetracker-test] [    Test worker] o.s.t.c.transaction.TransactionContext   : Began transaction (1) for test class [be.kdg.expensetracker.repository.CategoryRepositoryTest]; test method [testCategoryNameUniqueness_ShouldThrowExceptionForDuplicateName]; transaction manager [org.springframework.orm.jpa.JpaTransactionManager@38dde7ec]; rollback [true]
2025-06-01T00:21:07.174+02:00 DEBUG 8036 --- [expensetracker-test] [    Test worker] org.springframework.test.context.cache   : Spring test ApplicationContext cache statistics: [DefaultContextCache@2e2b1310 size = 3, maxSize = 32, parentContextCount = 0, hitCount = 710, missCount = 3, failureCount = 0]
2025-06-01T00:21:07.174+02:00 DEBUG 8036 --- [expensetracker-test] [    Test worker] org.springframework.test.context.cache   : Spring test ApplicationContext cache statistics: [DefaultContextCache@2e2b1310 size = 3, maxSize = 32, parentContextCount = 0, hitCount = 711, missCount = 3, failureCount = 0]
2025-06-01T00:21:07.344+02:00 DEBUG 8036 --- [expensetracker-test] [    Test worker] org.springframework.test.context.cache   : Spring test ApplicationContext cache statistics: [DefaultContextCache@2e2b1310 size = 3, maxSize = 32, parentContextCount = 0, hitCount = 712, missCount = 3, failureCount = 0]
2025-06-01T00:21:07.349+02:00  WARN 8036 --- [expensetracker-test] [    Test worker] o.h.engine.jdbc.spi.SqlExceptionHelper   : SQL Error: 23505, SQLState: 23505
2025-06-01T00:21:07.349+02:00 ERROR 8036 --- [expensetracker-test] [    Test worker] o.h.engine.jdbc.spi.SqlExceptionHelper   : Unique index or primary key violation: "PUBLIC.CONSTRAINT_INDEX_6 ON PUBLIC.CATEGORIES(NAME NULLS FIRST) VALUES ( /* 113 */ 'Food' )"; SQL statement:
insert into categories (description,name,id) values (?,?,default) [23505-224]
2025-06-01T00:21:07.355+02:00 DEBUG 8036 --- [expensetracker-test] [    Test worker] org.springframework.test.context.cache   : Spring test ApplicationContext cache statistics: [DefaultContextCache@2e2b1310 size = 3, maxSize = 32, parentContextCount = 0, hitCount = 713, missCount = 3, failureCount = 0]
2025-06-01T00:21:07.355+02:00 DEBUG 8036 --- [expensetracker-test] [    Test worker] org.springframework.test.context.cache   : Spring test ApplicationContext cache statistics: [DefaultContextCache@2e2b1310 size = 3, maxSize = 32, parentContextCount = 0, hitCount = 714, missCount = 3, failureCount = 0]
2025-06-01T00:21:07.355+02:00 DEBUG 8036 --- [expensetracker-test] [    Test worker] org.springframework.test.context.cache   : Spring test ApplicationContext cache statistics: [DefaultContextCache@2e2b1310 size = 3, maxSize = 32, parentContextCount = 0, hitCount = 715, missCount = 3, failureCount = 0]
2025-06-01T00:21:07.355+02:00 DEBUG 8036 --- [expensetracker-test] [    Test worker] org.springframework.test.context.cache   : Spring test ApplicationContext cache statistics: [DefaultContextCache@2e2b1310 size = 3, maxSize = 32, parentContextCount = 0, hitCount = 716, missCount = 3, failureCount = 0]
2025-06-01T00:21:07.356+02:00 DEBUG 8036 --- [expensetracker-test] [    Test worker] org.springframework.test.context.cache   : Spring test ApplicationContext cache statistics: [DefaultContextCache@2e2b1310 size = 3, maxSize = 32, parentContextCount = 0, hitCount = 717, missCount = 3, failureCount = 0]
2025-06-01T00:21:07.356+02:00 DEBUG 8036 --- [expensetracker-test] [    Test worker] org.springframework.test.context.cache   : Spring test ApplicationContext cache statistics: [DefaultContextCache@2e2b1310 size = 3, maxSize = 32, parentContextCount = 0, hitCount = 718, missCount = 3, failureCount = 0]
2025-06-01T00:21:07.356+02:00 DEBUG 8036 --- [expensetracker-test] [    Test worker] org.springframework.test.context.cache   : Spring test ApplicationContext cache statistics: [DefaultContextCache@2e2b1310 size = 3, maxSize = 32, parentContextCount = 0, hitCount = 719, missCount = 3, failureCount = 0]
2025-06-01T00:21:07.356+02:00 DEBUG 8036 --- [expensetracker-test] [    Test worker] o.s.t.c.transaction.TransactionContext   : Rolled back transaction (1) for test class [be.kdg.expensetracker.repository.CategoryRepositoryTest]; test method [testCategoryNameUniqueness_ShouldThrowExceptionForDuplicateName]
2025-06-01T00:21:07.357+02:00 DEBUG 8036 --- [expensetracker-test] [    Test worker] .c.s.DirtiesContextTestExecutionListener : After test method: class [CategoryRepositoryTest], method [testCategoryNameUniqueness_ShouldThrowExceptionForDuplicateName], class annotated with @DirtiesContext [false] with mode [null], method annotated with @DirtiesContext [false] with mode [null]
2025-06-01T00:21:07.357+02:00 DEBUG 8036 --- [expensetracker-test] [    Test worker] o.s.t.c.w.ServletTestExecutionListener   : Resetting RequestContextHolder for test class be.kdg.expensetracker.repository.CategoryRepositoryTest
2025-06-01T00:21:07.357+02:00 DEBUG 8036 --- [expensetracker-test] [    Test worker] org.springframework.test.context.cache   : Spring test ApplicationContext cache statistics: [DefaultContextCache@2e2b1310 size = 3, maxSize = 32, parentContextCount = 0, hitCount = 720, missCount = 3, failureCount = 0]
2025-06-01T00:21:07.357+02:00 DEBUG 8036 --- [expensetracker-test] [    Test worker] o.s.t.c.w.ServletTestExecutionListener   : Setting up MockHttpServletRequest, MockHttpServletResponse, ServletWebRequest, and RequestContextHolder for test class be.kdg.expensetracker.repository.CategoryRepositoryTest
2025-06-01T00:21:07.357+02:00 DEBUG 8036 --- [expensetracker-test] [    Test worker] DependencyInjectionTestExecutionListener : Performing dependency injection for test class be.kdg.expensetracker.repository.CategoryRepositoryTest
2025-06-01T00:21:07.357+02:00 DEBUG 8036 --- [expensetracker-test] [    Test worker] org.springframework.test.context.cache   : Spring test ApplicationContext cache statistics: [DefaultContextCache@2e2b1310 size = 3, maxSize = 32, parentContextCount = 0, hitCount = 721, missCount = 3, failureCount = 0]
2025-06-01T00:21:07.357+02:00 DEBUG 8036 --- [expensetracker-test] [    Test worker] org.springframework.test.context.cache   : Spring test ApplicationContext cache statistics: [DefaultContextCache@2e2b1310 size = 3, maxSize = 32, parentContextCount = 0, hitCount = 722, missCount = 3, failureCount = 0]
2025-06-01T00:21:07.358+02:00 DEBUG 8036 --- [expensetracker-test] [    Test worker] sContextBeforeModesTestExecutionListener : Before test method: class [CategoryRepositoryTest], method [testCategoryNameNotNull_ShouldThrowException], class annotated with @DirtiesContext [false] with mode [null], method annotated with @DirtiesContext [false] with mode [null]
2025-06-01T00:21:07.358+02:00 DEBUG 8036 --- [expensetracker-test] [    Test worker] t.c.t.TransactionalTestExecutionListener : Explicit transaction definition [PROPAGATION_REQUIRED,ISOLATION_DEFAULT] found for test class [be.kdg.expensetracker.repository.CategoryRepositoryTest] and test method [testCategoryNameNotNull_ShouldThrowException]
2025-06-01T00:21:07.358+02:00 DEBUG 8036 --- [expensetracker-test] [    Test worker] org.springframework.test.context.cache   : Spring test ApplicationContext cache statistics: [DefaultContextCache@2e2b1310 size = 3, maxSize = 32, parentContextCount = 0, hitCount = 723, missCount = 3, failureCount = 0]
2025-06-01T00:21:07.358+02:00 DEBUG 8036 --- [expensetracker-test] [    Test worker] t.c.t.TransactionalTestExecutionListener : No method-level @Rollback override: using default rollback [true] for test method [void be.kdg.expensetracker.repository.CategoryRepositoryTest.testCategoryNameNotNull_ShouldThrowException()]
2025-06-01T00:21:07.358+02:00 DEBUG 8036 --- [expensetracker-test] [    Test worker] o.s.t.c.transaction.TransactionContext   : Began transaction (1) for test class [be.kdg.expensetracker.repository.CategoryRepositoryTest]; test method [testCategoryNameNotNull_ShouldThrowException]; transaction manager [org.springframework.orm.jpa.JpaTransactionManager@38dde7ec]; rollback [true]
2025-06-01T00:21:07.358+02:00 DEBUG 8036 --- [expensetracker-test] [    Test worker] org.springframework.test.context.cache   : Spring test ApplicationContext cache statistics: [DefaultContextCache@2e2b1310 size = 3, maxSize = 32, parentContextCount = 0, hitCount = 724, missCount = 3, failureCount = 0]
2025-06-01T00:21:07.359+02:00 DEBUG 8036 --- [expensetracker-test] [    Test worker] org.springframework.test.context.cache   : Spring test ApplicationContext cache statistics: [DefaultContextCache@2e2b1310 size = 3, maxSize = 32, parentContextCount = 0, hitCount = 725, missCount = 3, failureCount = 0]
2025-06-01T00:21:07.533+02:00 DEBUG 8036 --- [expensetracker-test] [    Test worker] org.springframework.test.context.cache   : Spring test ApplicationContext cache statistics: [DefaultContextCache@2e2b1310 size = 3, maxSize = 32, parentContextCount = 0, hitCount = 726, missCount = 3, failureCount = 0]
2025-06-01T00:21:07.534+02:00  WARN 8036 --- [expensetracker-test] [    Test worker] o.h.engine.jdbc.spi.SqlExceptionHelper   : SQL Error: 23502, SQLState: 23502
2025-06-01T00:21:07.534+02:00 ERROR 8036 --- [expensetracker-test] [    Test worker] o.h.engine.jdbc.spi.SqlExceptionHelper   : NULL not allowed for column "NAME"; SQL statement:
insert into categories (description,name,id) values (?,?,default) [23502-224]
2025-06-01T00:21:07.534+02:00 DEBUG 8036 --- [expensetracker-test] [    Test worker] org.springframework.test.context.cache   : Spring test ApplicationContext cache statistics: [DefaultContextCache@2e2b1310 size = 3, maxSize = 32, parentContextCount = 0, hitCount = 727, missCount = 3, failureCount = 0]
2025-06-01T00:21:07.534+02:00 DEBUG 8036 --- [expensetracker-test] [    Test worker] org.springframework.test.context.cache   : Spring test ApplicationContext cache statistics: [DefaultContextCache@2e2b1310 size = 3, maxSize = 32, parentContextCount = 0, hitCount = 728, missCount = 3, failureCount = 0]
2025-06-01T00:21:07.535+02:00 DEBUG 8036 --- [expensetracker-test] [    Test worker] org.springframework.test.context.cache   : Spring test ApplicationContext cache statistics: [DefaultContextCache@2e2b1310 size = 3, maxSize = 32, parentContextCount = 0, hitCount = 729, missCount = 3, failureCount = 0]
2025-06-01T00:21:07.535+02:00 DEBUG 8036 --- [expensetracker-test] [    Test worker] org.springframework.test.context.cache   : Spring test ApplicationContext cache statistics: [DefaultContextCache@2e2b1310 size = 3, maxSize = 32, parentContextCount = 0, hitCount = 730, missCount = 3, failureCount = 0]
2025-06-01T00:21:07.535+02:00 DEBUG 8036 --- [expensetracker-test] [    Test worker] org.springframework.test.context.cache   : Spring test ApplicationContext cache statistics: [DefaultContextCache@2e2b1310 size = 3, maxSize = 32, parentContextCount = 0, hitCount = 731, missCount = 3, failureCount = 0]
2025-06-01T00:21:07.535+02:00 DEBUG 8036 --- [expensetracker-test] [    Test worker] org.springframework.test.context.cache   : Spring test ApplicationContext cache statistics: [DefaultContextCache@2e2b1310 size = 3, maxSize = 32, parentContextCount = 0, hitCount = 732, missCount = 3, failureCount = 0]
2025-06-01T00:21:07.535+02:00 DEBUG 8036 --- [expensetracker-test] [    Test worker] org.springframework.test.context.cache   : Spring test ApplicationContext cache statistics: [DefaultContextCache@2e2b1310 size = 3, maxSize = 32, parentContextCount = 0, hitCount = 733, missCount = 3, failureCount = 0]
2025-06-01T00:21:07.535+02:00 DEBUG 8036 --- [expensetracker-test] [    Test worker] o.s.t.c.transaction.TransactionContext   : Rolled back transaction (1) for test class [be.kdg.expensetracker.repository.CategoryRepositoryTest]; test method [testCategoryNameNotNull_ShouldThrowException]
2025-06-01T00:21:07.536+02:00 DEBUG 8036 --- [expensetracker-test] [    Test worker] .c.s.DirtiesContextTestExecutionListener : After test method: class [CategoryRepositoryTest], method [testCategoryNameNotNull_ShouldThrowException], class annotated with @DirtiesContext [false] with mode [null], method annotated with @DirtiesContext [false] with mode [null]
2025-06-01T00:21:07.536+02:00 DEBUG 8036 --- [expensetracker-test] [    Test worker] o.s.t.c.w.ServletTestExecutionListener   : Resetting RequestContextHolder for test class be.kdg.expensetracker.repository.CategoryRepositoryTest
2025-06-01T00:21:07.536+02:00 DEBUG 8036 --- [expensetracker-test] [    Test worker] org.springframework.test.context.cache   : Spring test ApplicationContext cache statistics: [DefaultContextCache@2e2b1310 size = 3, maxSize = 32, parentContextCount = 0, hitCount = 734, missCount = 3, failureCount = 0]
2025-06-01T00:21:07.536+02:00 DEBUG 8036 --- [expensetracker-test] [    Test worker] .c.s.DirtiesContextTestExecutionListener : After test class: class [CategoryRepositoryTest], class annotated with @DirtiesContext [false] with mode [null]
]]></system-out>
  <system-err><![CDATA[]]></system-err>
</testsuite>
