<?xml version="1.0" encoding="UTF-8"?>
<testsuite name="be.kdg.expensetracker.controller.AuthControllerIntegrationTest" tests="5" skipped="0" failures="0" errors="0" timestamp="2025-05-31T07:18:49" hostname="WIN-8VD49MJ8CQH" time="1.162">
  <properties/>
  <testcase name="registerPage_ShouldBeAccessible()" classname="be.kdg.expensetracker.controller.AuthControllerIntegrationTest" time="0.21"/>
  <testcase name="registerUser_DuplicateEmail_ShouldShowError()" classname="be.kdg.expensetracker.controller.AuthControllerIntegrationTest" time="0.229"/>
  <testcase name="registerUser_MissingCSRF_ShouldReturn403()" classname="be.kdg.expensetracker.controller.AuthControllerIntegrationTest" time="0.193"/>
  <testcase name="registerUser_ValidData_ShouldCreateUser()" classname="be.kdg.expensetracker.controller.AuthControllerIntegrationTest" time="0.328"/>
  <testcase name="loginPage_ShouldBeAccessible()" classname="be.kdg.expensetracker.controller.AuthControllerIntegrationTest" time="0.199"/>
  <system-out><![CDATA[2025-05-31T09:18:49.062+02:00  INFO 28516 --- [expensetracker-test] [    Test worker] t.c.s.AnnotationConfigContextLoaderUtils : Could not detect default configuration classes for test class [be.kdg.expensetracker.controller.AuthControllerIntegrationTest]: AuthControllerIntegrationTest does not declare any static, non-private, non-final, nested classes annotated with @Configuration.
2025-05-31T09:18:49.064+02:00  INFO 28516 --- [expensetracker-test] [    Test worker] .b.t.c.SpringBootTestContextBootstrapper : Found @SpringBootConfiguration be.kdg.expensetracker.ExpenseTrackerApplication for test class be.kdg.expensetracker.controller.AuthControllerIntegrationTest
]]></system-out>
  <system-err><![CDATA[]]></system-err>
</testsuite>
