<?xml version="1.0" encoding="UTF-8"?>
<testsuite name="be.kdg.expensetracker.service.ExpenseServiceTest" tests="10" skipped="0" failures="0" errors="0" timestamp="2025-05-31T07:19:00" hostname="WIN-8VD49MJ8CQH" time="1.864">
  <properties/>
  <testcase name="testUpdateExpense_NonExistentExpense_ShouldThrowException()" classname="be.kdg.expensetracker.service.ExpenseServiceTest" time="0.181"/>
  <testcase name="testAddExpenseWithCategories_InvalidCategoryId_ShouldThrowException()" classname="be.kdg.expensetracker.service.ExpenseServiceTest" time="0.188"/>
  <testcase name="testDeleteExpense_ByOwner_ShouldSucceed()" classname="be.kdg.expensetracker.service.ExpenseServiceTest" time="0.195"/>
  <testcase name="testUpdateExpense_ByNonOwner_ShouldThrowAccessDeniedException()" classname="be.kdg.expensetracker.service.ExpenseServiceTest" time="0.198"/>
  <testcase name="testDeleteExpense_WithoutAuthentication_ShouldThrowAccessDeniedException()" classname="be.kdg.expensetracker.service.ExpenseServiceTest" time="0.199"/>
  <testcase name="testDeleteExpense_ByNonOwner_ShouldThrowAccessDeniedException()" classname="be.kdg.expensetracker.service.ExpenseServiceTest" time="0.179"/>
  <testcase name="testUpdateExpense_ByAdmin_ShouldSucceed()" classname="be.kdg.expensetracker.service.ExpenseServiceTest" time="0.184"/>
  <testcase name="testAddExpenseWithCategories_Success()" classname="be.kdg.expensetracker.service.ExpenseServiceTest" time="0.175"/>
  <testcase name="testUpdateExpense_ByOwner_ShouldSucceed()" classname="be.kdg.expensetracker.service.ExpenseServiceTest" time="0.174"/>
  <testcase name="testAddExpenseWithCategories_UserNotFound_ShouldThrowException()" classname="be.kdg.expensetracker.service.ExpenseServiceTest" time="0.186"/>
  <system-out><![CDATA[2025-05-31T09:19:00.406+02:00  INFO 28516 --- [expensetracker-test] [    Test worker] t.c.s.AnnotationConfigContextLoaderUtils : Could not detect default configuration classes for test class [be.kdg.expensetracker.service.ExpenseServiceTest]: ExpenseServiceTest does not declare any static, non-private, non-final, nested classes annotated with @Configuration.
2025-05-31T09:19:00.407+02:00  INFO 28516 --- [expensetracker-test] [    Test worker] .b.t.c.SpringBootTestContextBootstrapper : Found @SpringBootConfiguration be.kdg.expensetracker.ExpenseTrackerApplication for test class be.kdg.expensetracker.service.ExpenseServiceTest
]]></system-out>
  <system-err><![CDATA[]]></system-err>
</testsuite>
